22:12:38 **** Build of configuration Debug for project LatencyTests ****
make all 
Building file: ../startup/startup_stm32f446xx.s
Invoking: MCU GCC Assembler
%cd%
arm-none-eabi-as -mcpu=cortex-m4 -mthumb -mfloat-abi=hard -mfpu=fpv4-sp-d16 -g -o "startup/startup_stm32f446xx.o" "../startup/startup_stm32f446xx.s"
Finished building: ../startup/startup_stm32f446xx.s
 
Building file: ../Src/simplepid_ert_rtw/ert_main.c
Invoking: MCU GCC Compiler
%cd%
arm-none-eabi-gcc -mcpu=cortex-m4 -mthumb -mfloat-abi=hard -mfpu=fpv4-sp-d16 '-D__weak=__attribute__((weak))' '-D__packed=__attribute__((__packed__))' -DUSE_HAL_DRIVER -DSTM32F446xx -I"D:/Users/Tyler/Documents/STM/Workspace/Latency Tests/LatencyTests/Inc" -I"D:/Users/Tyler/Documents/STM/Workspace/Latency Tests/LatencyTests/Drivers/STM32F4xx_HAL_Driver/Inc" -I"D:/Users/Tyler/Documents/STM/Workspace/Latency Tests/LatencyTests/Drivers/STM32F4xx_HAL_Driver/Inc/Legacy" -I"D:/Users/Tyler/Documents/STM/Workspace/Latency Tests/LatencyTests/Drivers/CMSIS/Device/ST/STM32F4xx/Include" -I"D:/Users/Tyler/Documents/STM/Workspace/Latency Tests/LatencyTests/Drivers/CMSIS/Include" -I"D:/Users/Tyler/Documents/STM/Workspace/Latency Tests/LatencyTests/Inc"  -Og -g3 -Wall -fmessage-length=0 -ffunction-sections -c -fmessage-length=0 -MMD -MP -MF"Src/simplepid_ert_rtw/ert_main.d" -MT"Src/simplepid_ert_rtw/ert_main.o" -o "Src/simplepid_ert_rtw/ert_main.o" "../Src/simplepid_ert_rtw/ert_main.c"
Finished building: ../Src/simplepid_ert_rtw/ert_main.c
 
Building file: ../Src/simplepid_ert_rtw/simplepid.c
Invoking: MCU GCC Compiler
%cd%
arm-none-eabi-gcc -mcpu=cortex-m4 -mthumb -mfloat-abi=hard -mfpu=fpv4-sp-d16 '-D__weak=__attribute__((weak))' '-D__packed=__attribute__((__packed__))' -DUSE_HAL_DRIVER -DSTM32F446xx -I"D:/Users/Tyler/Documents/STM/Workspace/Latency Tests/LatencyTests/Inc" -I"D:/Users/Tyler/Documents/STM/Workspace/Latency Tests/LatencyTests/Drivers/STM32F4xx_HAL_Driver/Inc" -I"D:/Users/Tyler/Documents/STM/Workspace/Latency Tests/LatencyTests/Drivers/STM32F4xx_HAL_Driver/Inc/Legacy" -I"D:/Users/Tyler/Documents/STM/Workspace/Latency Tests/LatencyTests/Drivers/CMSIS/Device/ST/STM32F4xx/Include" -I"D:/Users/Tyler/Documents/STM/Workspace/Latency Tests/LatencyTests/Drivers/CMSIS/Include" -I"D:/Users/Tyler/Documents/STM/Workspace/Latency Tests/LatencyTests/Inc"  -Og -g3 -Wall -fmessage-length=0 -ffunction-sections -c -fmessage-length=0 -MMD -MP -MF"Src/simplepid_ert_rtw/simplepid.d" -MT"Src/simplepid_ert_rtw/simplepid.o" -o "Src/simplepid_ert_rtw/simplepid.o" "../Src/simplepid_ert_rtw/simplepid.c"
Finished building: ../Src/simplepid_ert_rtw/simplepid.c
 
Building file: ../Src/simplepid_ert_rtw/simplepid_data.c
Invoking: MCU GCC Compiler
%cd%
arm-none-eabi-gcc -mcpu=cortex-m4 -mthumb -mfloat-abi=hard -mfpu=fpv4-sp-d16 '-D__weak=__attribute__((weak))' '-D__packed=__attribute__((__packed__))' -DUSE_HAL_DRIVER -DSTM32F446xx -I"D:/Users/Tyler/Documents/STM/Workspace/Latency Tests/LatencyTests/Inc" -I"D:/Users/Tyler/Documents/STM/Workspace/Latency Tests/LatencyTests/Drivers/STM32F4xx_HAL_Driver/Inc" -I"D:/Users/Tyler/Documents/STM/Workspace/Latency Tests/LatencyTests/Drivers/STM32F4xx_HAL_Driver/Inc/Legacy" -I"D:/Users/Tyler/Documents/STM/Workspace/Latency Tests/LatencyTests/Drivers/CMSIS/Device/ST/STM32F4xx/Include" -I"D:/Users/Tyler/Documents/STM/Workspace/Latency Tests/LatencyTests/Drivers/CMSIS/Include" -I"D:/Users/Tyler/Documents/STM/Workspace/Latency Tests/LatencyTests/Inc"  -Og -g3 -Wall -fmessage-length=0 -ffunction-sections -c -fmessage-length=0 -MMD -MP -MF"Src/simplepid_ert_rtw/simplepid_data.d" -MT"Src/simplepid_ert_rtw/simplepid_data.o" -o "Src/simplepid_ert_rtw/simplepid_data.o" "../Src/simplepid_ert_rtw/simplepid_data.c"
Finished building: ../Src/simplepid_ert_rtw/simplepid_data.c
 
Building file: ../Src/main.c
Invoking: MCU GCC Compiler
%cd%
arm-none-eabi-gcc -mcpu=cortex-m4 -mthumb -mfloat-abi=hard -mfpu=fpv4-sp-d16 '-D__weak=__attribute__((weak))' '-D__packed=__attribute__((__packed__))' -DUSE_HAL_DRIVER -DSTM32F446xx -I"D:/Users/Tyler/Documents/STM/Workspace/Latency Tests/LatencyTests/Inc" -I"D:/Users/Tyler/Documents/STM/Workspace/Latency Tests/LatencyTests/Drivers/STM32F4xx_HAL_Driver/Inc" -I"D:/Users/Tyler/Documents/STM/Workspace/Latency Tests/LatencyTests/Drivers/STM32F4xx_HAL_Driver/Inc/Legacy" -I"D:/Users/Tyler/Documents/STM/Workspace/Latency Tests/LatencyTests/Drivers/CMSIS/Device/ST/STM32F4xx/Include" -I"D:/Users/Tyler/Documents/STM/Workspace/Latency Tests/LatencyTests/Drivers/CMSIS/Include" -I"D:/Users/Tyler/Documents/STM/Workspace/Latency Tests/LatencyTests/Inc"  -Og -g3 -Wall -fmessage-length=0 -ffunction-sections -c -fmessage-length=0 -MMD -MP -MF"Src/main.d" -MT"Src/main.o" -o "Src/main.o" "../Src/main.c"
../Src/main.c: In function 'main':
../Src/main.c:158:27: warning: variable 'arrDynamixel' set but not used [-Wunused-but-set-variable]
  Dynamixel_HandleTypeDef* arrDynamixel[12];
                           ^
../Src/main.c: In function 'rt_OneStepWheelMode':
../Src/main.c:520:34: warning: left shift count >= width of type [-Wshift-count-overflow]
    if(((uint64_t)lastTorque & (1 << 63)) != ((uint64_t)arg_Torque & (1 << 63))){
                                  ^
../Src/main.c:520:72: warning: left shift count >= width of type [-Wshift-count-overflow]
    if(((uint64_t)lastTorque & (1 << 63)) != ((uint64_t)arg_Torque & (1 << 63))){
                                                                        ^
../Src/main.c: In function 'rt_OneStepJointMode':
../Src/main.c:586:34: warning: left shift count >= width of type [-Wshift-count-overflow]
    if(((uint64_t)lastTorque & (1 << 63)) != ((uint64_t)arg_Torque & (1 << 63))){
                                  ^
../Src/main.c:586:72: warning: left shift count >= width of type [-Wshift-count-overflow]
    if(((uint64_t)lastTorque & (1 << 63)) != ((uint64_t)arg_Torque & (1 << 63))){
                                                                        ^
Finished building: ../Src/main.c
 
Building file: ../Src/stm32f4xx_hal_msp.c
Invoking: MCU GCC Compiler
%cd%
arm-none-eabi-gcc -mcpu=cortex-m4 -mthumb -mfloat-abi=hard -mfpu=fpv4-sp-d16 '-D__weak=__attribute__((weak))' '-D__packed=__attribute__((__packed__))' -DUSE_HAL_DRIVER -DSTM32F446xx -I"D:/Users/Tyler/Documents/STM/Workspace/Latency Tests/LatencyTests/Inc" -I"D:/Users/Tyler/Documents/STM/Workspace/Latency Tests/LatencyTests/Drivers/STM32F4xx_HAL_Driver/Inc" -I"D:/Users/Tyler/Documents/STM/Workspace/Latency Tests/LatencyTests/Drivers/STM32F4xx_HAL_Driver/Inc/Legacy" -I"D:/Users/Tyler/Documents/STM/Workspace/Latency Tests/LatencyTests/Drivers/CMSIS/Device/ST/STM32F4xx/Include" -I"D:/Users/Tyler/Documents/STM/Workspace/Latency Tests/LatencyTests/Drivers/CMSIS/Include" -I"D:/Users/Tyler/Documents/STM/Workspace/Latency Tests/LatencyTests/Inc"  -Og -g3 -Wall -fmessage-length=0 -ffunction-sections -c -fmessage-length=0 -MMD -MP -MF"Src/stm32f4xx_hal_msp.d" -MT"Src/stm32f4xx_hal_msp.o" -o "Src/stm32f4xx_hal_msp.o" "../Src/stm32f4xx_hal_msp.c"
Finished building: ../Src/stm32f4xx_hal_msp.c
 
Building file: ../Src/stm32f4xx_it.c
Invoking: MCU GCC Compiler
%cd%
arm-none-eabi-gcc -mcpu=cortex-m4 -mthumb -mfloat-abi=hard -mfpu=fpv4-sp-d16 '-D__weak=__attribute__((weak))' '-D__packed=__attribute__((__packed__))' -DUSE_HAL_DRIVER -DSTM32F446xx -I"D:/Users/Tyler/Documents/STM/Workspace/Latency Tests/LatencyTests/Inc" -I"D:/Users/Tyler/Documents/STM/Workspace/Latency Tests/LatencyTests/Drivers/STM32F4xx_HAL_Driver/Inc" -I"D:/Users/Tyler/Documents/STM/Workspace/Latency Tests/LatencyTests/Drivers/STM32F4xx_HAL_Driver/Inc/Legacy" -I"D:/Users/Tyler/Documents/STM/Workspace/Latency Tests/LatencyTests/Drivers/CMSIS/Device/ST/STM32F4xx/Include" -I"D:/Users/Tyler/Documents/STM/Workspace/Latency Tests/LatencyTests/Drivers/CMSIS/Include" -I"D:/Users/Tyler/Documents/STM/Workspace/Latency Tests/LatencyTests/Inc"  -Og -g3 -Wall -fmessage-length=0 -ffunction-sections -c -fmessage-length=0 -MMD -MP -MF"Src/stm32f4xx_it.d" -MT"Src/stm32f4xx_it.o" -o "Src/stm32f4xx_it.o" "../Src/stm32f4xx_it.c"
Finished building: ../Src/stm32f4xx_it.c
 
Building file: ../Src/system_stm32f4xx.c
Invoking: MCU GCC Compiler
%cd%
arm-none-eabi-gcc -mcpu=cortex-m4 -mthumb -mfloat-abi=hard -mfpu=fpv4-sp-d16 '-D__weak=__attribute__((weak))' '-D__packed=__attribute__((__packed__))' -DUSE_HAL_DRIVER -DSTM32F446xx -I"D:/Users/Tyler/Documents/STM/Workspace/Latency Tests/LatencyTests/Inc" -I"D:/Users/Tyler/Documents/STM/Workspace/Latency Tests/LatencyTests/Drivers/STM32F4xx_HAL_Driver/Inc" -I"D:/Users/Tyler/Documents/STM/Workspace/Latency Tests/LatencyTests/Drivers/STM32F4xx_HAL_Driver/Inc/Legacy" -I"D:/Users/Tyler/Documents/STM/Workspace/Latency Tests/LatencyTests/Drivers/CMSIS/Device/ST/STM32F4xx/Include" -I"D:/Users/Tyler/Documents/STM/Workspace/Latency Tests/LatencyTests/Drivers/CMSIS/Include" -I"D:/Users/Tyler/Documents/STM/Workspace/Latency Tests/LatencyTests/Inc"  -Og -g3 -Wall -fmessage-length=0 -ffunction-sections -c -fmessage-length=0 -MMD -MP -MF"Src/system_stm32f4xx.d" -MT"Src/system_stm32f4xx.o" -o "Src/system_stm32f4xx.o" "../Src/system_stm32f4xx.c"
Finished building: ../Src/system_stm32f4xx.c
 
Building file: ../Drivers/STM32F4xx_HAL_Driver/Src/stm32f4xx_hal.c
Invoking: MCU GCC Compiler
%cd%
arm-none-eabi-gcc -mcpu=cortex-m4 -mthumb -mfloat-abi=hard -mfpu=fpv4-sp-d16 '-D__weak=__attribute__((weak))' '-D__packed=__attribute__((__packed__))' -DUSE_HAL_DRIVER -DSTM32F446xx -I"D:/Users/Tyler/Documents/STM/Workspace/Latency Tests/LatencyTests/Inc" -I"D:/Users/Tyler/Documents/STM/Workspace/Latency Tests/LatencyTests/Drivers/STM32F4xx_HAL_Driver/Inc" -I"D:/Users/Tyler/Documents/STM/Workspace/Latency Tests/LatencyTests/Drivers/STM32F4xx_HAL_Driver/Inc/Legacy" -I"D:/Users/Tyler/Documents/STM/Workspace/Latency Tests/LatencyTests/Drivers/CMSIS/Device/ST/STM32F4xx/Include" -I"D:/Users/Tyler/Documents/STM/Workspace/Latency Tests/LatencyTests/Drivers/CMSIS/Include" -I"D:/Users/Tyler/Documents/STM/Workspace/Latency Tests/LatencyTests/Inc"  -Og -g3 -Wall -fmessage-length=0 -ffunction-sections -c -fmessage-length=0 -MMD -MP -MF"Drivers/STM32F4xx_HAL_Driver/Src/stm32f4xx_hal.d" -MT"Drivers/STM32F4xx_HAL_Driver/Src/stm32f4xx_hal.o" -o "Drivers/STM32F4xx_HAL_Driver/Src/stm32f4xx_hal.o" "../Drivers/STM32F4xx_HAL_Driver/Src/stm32f4xx_hal.c"
Finished building: ../Drivers/STM32F4xx_HAL_Driver/Src/stm32f4xx_hal.c
 
Building file: ../Drivers/STM32F4xx_HAL_Driver/Src/stm32f4xx_hal_cortex.c
Invoking: MCU GCC Compiler
%cd%
arm-none-eabi-gcc -mcpu=cortex-m4 -mthumb -mfloat-abi=hard -mfpu=fpv4-sp-d16 '-D__weak=__attribute__((weak))' '-D__packed=__attribute__((__packed__))' -DUSE_HAL_DRIVER -DSTM32F446xx -I"D:/Users/Tyler/Documents/STM/Workspace/Latency Tests/LatencyTests/Inc" -I"D:/Users/Tyler/Documents/STM/Workspace/Latency Tests/LatencyTests/Drivers/STM32F4xx_HAL_Driver/Inc" -I"D:/Users/Tyler/Documents/STM/Workspace/Latency Tests/LatencyTests/Drivers/STM32F4xx_HAL_Driver/Inc/Legacy" -I"D:/Users/Tyler/Documents/STM/Workspace/Latency Tests/LatencyTests/Drivers/CMSIS/Device/ST/STM32F4xx/Include" -I"D:/Users/Tyler/Documents/STM/Workspace/Latency Tests/LatencyTests/Drivers/CMSIS/Include" -I"D:/Users/Tyler/Documents/STM/Workspace/Latency Tests/LatencyTests/Inc"  -Og -g3 -Wall -fmessage-length=0 -ffunction-sections -c -fmessage-length=0 -MMD -MP -MF"Drivers/STM32F4xx_HAL_Driver/Src/stm32f4xx_hal_cortex.d" -MT"Drivers/STM32F4xx_HAL_Driver/Src/stm32f4xx_hal_cortex.o" -o "Drivers/STM32F4xx_HAL_Driver/Src/stm32f4xx_hal_cortex.o" "../Drivers/STM32F4xx_HAL_Driver/Src/stm32f4xx_hal_cortex.c"
Finished building: ../Drivers/STM32F4xx_HAL_Driver/Src/stm32f4xx_hal_cortex.c
 
Building file: ../Drivers/STM32F4xx_HAL_Driver/Src/stm32f4xx_hal_dma.c
Invoking: MCU GCC Compiler
%cd%
arm-none-eabi-gcc -mcpu=cortex-m4 -mthumb -mfloat-abi=hard -mfpu=fpv4-sp-d16 '-D__weak=__attribute__((weak))' '-D__packed=__attribute__((__packed__))' -DUSE_HAL_DRIVER -DSTM32F446xx -I"D:/Users/Tyler/Documents/STM/Workspace/Latency Tests/LatencyTests/Inc" -I"D:/Users/Tyler/Documents/STM/Workspace/Latency Tests/LatencyTests/Drivers/STM32F4xx_HAL_Driver/Inc" -I"D:/Users/Tyler/Documents/STM/Workspace/Latency Tests/LatencyTests/Drivers/STM32F4xx_HAL_Driver/Inc/Legacy" -I"D:/Users/Tyler/Documents/STM/Workspace/Latency Tests/LatencyTests/Drivers/CMSIS/Device/ST/STM32F4xx/Include" -I"D:/Users/Tyler/Documents/STM/Workspace/Latency Tests/LatencyTests/Drivers/CMSIS/Include" -I"D:/Users/Tyler/Documents/STM/Workspace/Latency Tests/LatencyTests/Inc"  -Og -g3 -Wall -fmessage-length=0 -ffunction-sections -c -fmessage-length=0 -MMD -MP -MF"Drivers/STM32F4xx_HAL_Driver/Src/stm32f4xx_hal_dma.d" -MT"Drivers/STM32F4xx_HAL_Driver/Src/stm32f4xx_hal_dma.o" -o "Drivers/STM32F4xx_HAL_Driver/Src/stm32f4xx_hal_dma.o" "../Drivers/STM32F4xx_HAL_Driver/Src/stm32f4xx_hal_dma.c"
Finished building: ../Drivers/STM32F4xx_HAL_Driver/Src/stm32f4xx_hal_dma.c
 
Building file: ../Drivers/STM32F4xx_HAL_Driver/Src/stm32f4xx_hal_dma_ex.c
Invoking: MCU GCC Compiler
%cd%
arm-none-eabi-gcc -mcpu=cortex-m4 -mthumb -mfloat-abi=hard -mfpu=fpv4-sp-d16 '-D__weak=__attribute__((weak))' '-D__packed=__attribute__((__packed__))' -DUSE_HAL_DRIVER -DSTM32F446xx -I"D:/Users/Tyler/Documents/STM/Workspace/Latency Tests/LatencyTests/Inc" -I"D:/Users/Tyler/Documents/STM/Workspace/Latency Tests/LatencyTests/Drivers/STM32F4xx_HAL_Driver/Inc" -I"D:/Users/Tyler/Documents/STM/Workspace/Latency Tests/LatencyTests/Drivers/STM32F4xx_HAL_Driver/Inc/Legacy" -I"D:/Users/Tyler/Documents/STM/Workspace/Latency Tests/LatencyTests/Drivers/CMSIS/Device/ST/STM32F4xx/Include" -I"D:/Users/Tyler/Documents/STM/Workspace/Latency Tests/LatencyTests/Drivers/CMSIS/Include" -I"D:/Users/Tyler/Documents/STM/Workspace/Latency Tests/LatencyTests/Inc"  -Og -g3 -Wall -fmessage-length=0 -ffunction-sections -c -fmessage-length=0 -MMD -MP -MF"Drivers/STM32F4xx_HAL_Driver/Src/stm32f4xx_hal_dma_ex.d" -MT"Drivers/STM32F4xx_HAL_Driver/Src/stm32f4xx_hal_dma_ex.o" -o "Drivers/STM32F4xx_HAL_Driver/Src/stm32f4xx_hal_dma_ex.o" "../Drivers/STM32F4xx_HAL_Driver/Src/stm32f4xx_hal_dma_ex.c"
Finished building: ../Drivers/STM32F4xx_HAL_Driver/Src/stm32f4xx_hal_dma_ex.c
 
Building file: ../Drivers/STM32F4xx_HAL_Driver/Src/stm32f4xx_hal_flash.c
Invoking: MCU GCC Compiler
%cd%
arm-none-eabi-gcc -mcpu=cortex-m4 -mthumb -mfloat-abi=hard -mfpu=fpv4-sp-d16 '-D__weak=__attribute__((weak))' '-D__packed=__attribute__((__packed__))' -DUSE_HAL_DRIVER -DSTM32F446xx -I"D:/Users/Tyler/Documents/STM/Workspace/Latency Tests/LatencyTests/Inc" -I"D:/Users/Tyler/Documents/STM/Workspace/Latency Tests/LatencyTests/Drivers/STM32F4xx_HAL_Driver/Inc" -I"D:/Users/Tyler/Documents/STM/Workspace/Latency Tests/LatencyTests/Drivers/STM32F4xx_HAL_Driver/Inc/Legacy" -I"D:/Users/Tyler/Documents/STM/Workspace/Latency Tests/LatencyTests/Drivers/CMSIS/Device/ST/STM32F4xx/Include" -I"D:/Users/Tyler/Documents/STM/Workspace/Latency Tests/LatencyTests/Drivers/CMSIS/Include" -I"D:/Users/Tyler/Documents/STM/Workspace/Latency Tests/LatencyTests/Inc"  -Og -g3 -Wall -fmessage-length=0 -ffunction-sections -c -fmessage-length=0 -MMD -MP -MF"Drivers/STM32F4xx_HAL_Driver/Src/stm32f4xx_hal_flash.d" -MT"Drivers/STM32F4xx_HAL_Driver/Src/stm32f4xx_hal_flash.o" -o "Drivers/STM32F4xx_HAL_Driver/Src/stm32f4xx_hal_flash.o" "../Drivers/STM32F4xx_HAL_Driver/Src/stm32f4xx_hal_flash.c"
Finished building: ../Drivers/STM32F4xx_HAL_Driver/Src/stm32f4xx_hal_flash.c
 
Building file: ../Drivers/STM32F4xx_HAL_Driver/Src/stm32f4xx_hal_flash_ex.c
Invoking: MCU GCC Compiler
%cd%
arm-none-eabi-gcc -mcpu=cortex-m4 -mthumb -mfloat-abi=hard -mfpu=fpv4-sp-d16 '-D__weak=__attribute__((weak))' '-D__packed=__attribute__((__packed__))' -DUSE_HAL_DRIVER -DSTM32F446xx -I"D:/Users/Tyler/Documents/STM/Workspace/Latency Tests/LatencyTests/Inc" -I"D:/Users/Tyler/Documents/STM/Workspace/Latency Tests/LatencyTests/Drivers/STM32F4xx_HAL_Driver/Inc" -I"D:/Users/Tyler/Documents/STM/Workspace/Latency Tests/LatencyTests/Drivers/STM32F4xx_HAL_Driver/Inc/Legacy" -I"D:/Users/Tyler/Documents/STM/Workspace/Latency Tests/LatencyTests/Drivers/CMSIS/Device/ST/STM32F4xx/Include" -I"D:/Users/Tyler/Documents/STM/Workspace/Latency Tests/LatencyTests/Drivers/CMSIS/Include" -I"D:/Users/Tyler/Documents/STM/Workspace/Latency Tests/LatencyTests/Inc"  -Og -g3 -Wall -fmessage-length=0 -ffunction-sections -c -fmessage-length=0 -MMD -MP -MF"Drivers/STM32F4xx_HAL_Driver/Src/stm32f4xx_hal_flash_ex.d" -MT"Drivers/STM32F4xx_HAL_Driver/Src/stm32f4xx_hal_flash_ex.o" -o "Drivers/STM32F4xx_HAL_Driver/Src/stm32f4xx_hal_flash_ex.o" "../Drivers/STM32F4xx_HAL_Driver/Src/stm32f4xx_hal_flash_ex.c"
Finished building: ../Drivers/STM32F4xx_HAL_Driver/Src/stm32f4xx_hal_flash_ex.c
 
Building file: ../Drivers/STM32F4xx_HAL_Driver/Src/stm32f4xx_hal_flash_ramfunc.c
Invoking: MCU GCC Compiler
%cd%
arm-none-eabi-gcc -mcpu=cortex-m4 -mthumb -mfloat-abi=hard -mfpu=fpv4-sp-d16 '-D__weak=__attribute__((weak))' '-D__packed=__attribute__((__packed__))' -DUSE_HAL_DRIVER -DSTM32F446xx -I"D:/Users/Tyler/Documents/STM/Workspace/Latency Tests/LatencyTests/Inc" -I"D:/Users/Tyler/Documents/STM/Workspace/Latency Tests/LatencyTests/Drivers/STM32F4xx_HAL_Driver/Inc" -I"D:/Users/Tyler/Documents/STM/Workspace/Latency Tests/LatencyTests/Drivers/STM32F4xx_HAL_Driver/Inc/Legacy" -I"D:/Users/Tyler/Documents/STM/Workspace/Latency Tests/LatencyTests/Drivers/CMSIS/Device/ST/STM32F4xx/Include" -I"D:/Users/Tyler/Documents/STM/Workspace/Latency Tests/LatencyTests/Drivers/CMSIS/Include" -I"D:/Users/Tyler/Documents/STM/Workspace/Latency Tests/LatencyTests/Inc"  -Og -g3 -Wall -fmessage-length=0 -ffunction-sections -c -fmessage-length=0 -MMD -MP -MF"Drivers/STM32F4xx_HAL_Driver/Src/stm32f4xx_hal_flash_ramfunc.d" -MT"Drivers/STM32F4xx_HAL_Driver/Src/stm32f4xx_hal_flash_ramfunc.o" -o "Drivers/STM32F4xx_HAL_Driver/Src/stm32f4xx_hal_flash_ramfunc.o" "../Drivers/STM32F4xx_HAL_Driver/Src/stm32f4xx_hal_flash_ramfunc.c"
Finished building: ../Drivers/STM32F4xx_HAL_Driver/Src/stm32f4xx_hal_flash_ramfunc.c
 
Building file: ../Drivers/STM32F4xx_HAL_Driver/Src/stm32f4xx_hal_gpio.c
Invoking: MCU GCC Compiler
%cd%
arm-none-eabi-gcc -mcpu=cortex-m4 -mthumb -mfloat-abi=hard -mfpu=fpv4-sp-d16 '-D__weak=__attribute__((weak))' '-D__packed=__attribute__((__packed__))' -DUSE_HAL_DRIVER -DSTM32F446xx -I"D:/Users/Tyler/Documents/STM/Workspace/Latency Tests/LatencyTests/Inc" -I"D:/Users/Tyler/Documents/STM/Workspace/Latency Tests/LatencyTests/Drivers/STM32F4xx_HAL_Driver/Inc" -I"D:/Users/Tyler/Documents/STM/Workspace/Latency Tests/LatencyTests/Drivers/STM32F4xx_HAL_Driver/Inc/Legacy" -I"D:/Users/Tyler/Documents/STM/Workspace/Latency Tests/LatencyTests/Drivers/CMSIS/Device/ST/STM32F4xx/Include" -I"D:/Users/Tyler/Documents/STM/Workspace/Latency Tests/LatencyTests/Drivers/CMSIS/Include" -I"D:/Users/Tyler/Documents/STM/Workspace/Latency Tests/LatencyTests/Inc"  -Og -g3 -Wall -fmessage-length=0 -ffunction-sections -c -fmessage-length=0 -MMD -MP -MF"Drivers/STM32F4xx_HAL_Driver/Src/stm32f4xx_hal_gpio.d" -MT"Drivers/STM32F4xx_HAL_Driver/Src/stm32f4xx_hal_gpio.o" -o "Drivers/STM32F4xx_HAL_Driver/Src/stm32f4xx_hal_gpio.o" "../Drivers/STM32F4xx_HAL_Driver/Src/stm32f4xx_hal_gpio.c"
Finished building: ../Drivers/STM32F4xx_HAL_Driver/Src/stm32f4xx_hal_gpio.c
 
Building file: ../Drivers/STM32F4xx_HAL_Driver/Src/stm32f4xx_hal_pwr.c
Invoking: MCU GCC Compiler
%cd%
arm-none-eabi-gcc -mcpu=cortex-m4 -mthumb -mfloat-abi=hard -mfpu=fpv4-sp-d16 '-D__weak=__attribute__((weak))' '-D__packed=__attribute__((__packed__))' -DUSE_HAL_DRIVER -DSTM32F446xx -I"D:/Users/Tyler/Documents/STM/Workspace/Latency Tests/LatencyTests/Inc" -I"D:/Users/Tyler/Documents/STM/Workspace/Latency Tests/LatencyTests/Drivers/STM32F4xx_HAL_Driver/Inc" -I"D:/Users/Tyler/Documents/STM/Workspace/Latency Tests/LatencyTests/Drivers/STM32F4xx_HAL_Driver/Inc/Legacy" -I"D:/Users/Tyler/Documents/STM/Workspace/Latency Tests/LatencyTests/Drivers/CMSIS/Device/ST/STM32F4xx/Include" -I"D:/Users/Tyler/Documents/STM/Workspace/Latency Tests/LatencyTests/Drivers/CMSIS/Include" -I"D:/Users/Tyler/Documents/STM/Workspace/Latency Tests/LatencyTests/Inc"  -Og -g3 -Wall -fmessage-length=0 -ffunction-sections -c -fmessage-length=0 -MMD -MP -MF"Drivers/STM32F4xx_HAL_Driver/Src/stm32f4xx_hal_pwr.d" -MT"Drivers/STM32F4xx_HAL_Driver/Src/stm32f4xx_hal_pwr.o" -o "Drivers/STM32F4xx_HAL_Driver/Src/stm32f4xx_hal_pwr.o" "../Drivers/STM32F4xx_HAL_Driver/Src/stm32f4xx_hal_pwr.c"
Finished building: ../Drivers/STM32F4xx_HAL_Driver/Src/stm32f4xx_hal_pwr.c
 
Building file: ../Drivers/STM32F4xx_HAL_Driver/Src/stm32f4xx_hal_pwr_ex.c
Invoking: MCU GCC Compiler
%cd%
arm-none-eabi-gcc -mcpu=cortex-m4 -mthumb -mfloat-abi=hard -mfpu=fpv4-sp-d16 '-D__weak=__attribute__((weak))' '-D__packed=__attribute__((__packed__))' -DUSE_HAL_DRIVER -DSTM32F446xx -I"D:/Users/Tyler/Documents/STM/Workspace/Latency Tests/LatencyTests/Inc" -I"D:/Users/Tyler/Documents/STM/Workspace/Latency Tests/LatencyTests/Drivers/STM32F4xx_HAL_Driver/Inc" -I"D:/Users/Tyler/Documents/STM/Workspace/Latency Tests/LatencyTests/Drivers/STM32F4xx_HAL_Driver/Inc/Legacy" -I"D:/Users/Tyler/Documents/STM/Workspace/Latency Tests/LatencyTests/Drivers/CMSIS/Device/ST/STM32F4xx/Include" -I"D:/Users/Tyler/Documents/STM/Workspace/Latency Tests/LatencyTests/Drivers/CMSIS/Include" -I"D:/Users/Tyler/Documents/STM/Workspace/Latency Tests/LatencyTests/Inc"  -Og -g3 -Wall -fmessage-length=0 -ffunction-sections -c -fmessage-length=0 -MMD -MP -MF"Drivers/STM32F4xx_HAL_Driver/Src/stm32f4xx_hal_pwr_ex.d" -MT"Drivers/STM32F4xx_HAL_Driver/Src/stm32f4xx_hal_pwr_ex.o" -o "Drivers/STM32F4xx_HAL_Driver/Src/stm32f4xx_hal_pwr_ex.o" "../Drivers/STM32F4xx_HAL_Driver/Src/stm32f4xx_hal_pwr_ex.c"
Finished building: ../Drivers/STM32F4xx_HAL_Driver/Src/stm32f4xx_hal_pwr_ex.c
 
Building file: ../Drivers/STM32F4xx_HAL_Driver/Src/stm32f4xx_hal_rcc.c
Invoking: MCU GCC Compiler
%cd%
arm-none-eabi-gcc -mcpu=cortex-m4 -mthumb -mfloat-abi=hard -mfpu=fpv4-sp-d16 '-D__weak=__attribute__((weak))' '-D__packed=__attribute__((__packed__))' -DUSE_HAL_DRIVER -DSTM32F446xx -I"D:/Users/Tyler/Documents/STM/Workspace/Latency Tests/LatencyTests/Inc" -I"D:/Users/Tyler/Documents/STM/Workspace/Latency Tests/LatencyTests/Drivers/STM32F4xx_HAL_Driver/Inc" -I"D:/Users/Tyler/Documents/STM/Workspace/Latency Tests/LatencyTests/Drivers/STM32F4xx_HAL_Driver/Inc/Legacy" -I"D:/Users/Tyler/Documents/STM/Workspace/Latency Tests/LatencyTests/Drivers/CMSIS/Device/ST/STM32F4xx/Include" -I"D:/Users/Tyler/Documents/STM/Workspace/Latency Tests/LatencyTests/Drivers/CMSIS/Include" -I"D:/Users/Tyler/Documents/STM/Workspace/Latency Tests/LatencyTests/Inc"  -Og -g3 -Wall -fmessage-length=0 -ffunction-sections -c -fmessage-length=0 -MMD -MP -MF"Drivers/STM32F4xx_HAL_Driver/Src/stm32f4xx_hal_rcc.d" -MT"Drivers/STM32F4xx_HAL_Driver/Src/stm32f4xx_hal_rcc.o" -o "Drivers/STM32F4xx_HAL_Driver/Src/stm32f4xx_hal_rcc.o" "../Drivers/STM32F4xx_HAL_Driver/Src/stm32f4xx_hal_rcc.c"
Finished building: ../Drivers/STM32F4xx_HAL_Driver/Src/stm32f4xx_hal_rcc.c
 
Building file: ../Drivers/STM32F4xx_HAL_Driver/Src/stm32f4xx_hal_rcc_ex.c
Invoking: MCU GCC Compiler
%cd%
arm-none-eabi-gcc -mcpu=cortex-m4 -mthumb -mfloat-abi=hard -mfpu=fpv4-sp-d16 '-D__weak=__attribute__((weak))' '-D__packed=__attribute__((__packed__))' -DUSE_HAL_DRIVER -DSTM32F446xx -I"D:/Users/Tyler/Documents/STM/Workspace/Latency Tests/LatencyTests/Inc" -I"D:/Users/Tyler/Documents/STM/Workspace/Latency Tests/LatencyTests/Drivers/STM32F4xx_HAL_Driver/Inc" -I"D:/Users/Tyler/Documents/STM/Workspace/Latency Tests/LatencyTests/Drivers/STM32F4xx_HAL_Driver/Inc/Legacy" -I"D:/Users/Tyler/Documents/STM/Workspace/Latency Tests/LatencyTests/Drivers/CMSIS/Device/ST/STM32F4xx/Include" -I"D:/Users/Tyler/Documents/STM/Workspace/Latency Tests/LatencyTests/Drivers/CMSIS/Include" -I"D:/Users/Tyler/Documents/STM/Workspace/Latency Tests/LatencyTests/Inc"  -Og -g3 -Wall -fmessage-length=0 -ffunction-sections -c -fmessage-length=0 -MMD -MP -MF"Drivers/STM32F4xx_HAL_Driver/Src/stm32f4xx_hal_rcc_ex.d" -MT"Drivers/STM32F4xx_HAL_Driver/Src/stm32f4xx_hal_rcc_ex.o" -o "Drivers/STM32F4xx_HAL_Driver/Src/stm32f4xx_hal_rcc_ex.o" "../Drivers/STM32F4xx_HAL_Driver/Src/stm32f4xx_hal_rcc_ex.c"
Finished building: ../Drivers/STM32F4xx_HAL_Driver/Src/stm32f4xx_hal_rcc_ex.c
 
Building file: ../Drivers/STM32F4xx_HAL_Driver/Src/stm32f4xx_hal_tim.c
Invoking: MCU GCC Compiler
%cd%
arm-none-eabi-gcc -mcpu=cortex-m4 -mthumb -mfloat-abi=hard -mfpu=fpv4-sp-d16 '-D__weak=__attribute__((weak))' '-D__packed=__attribute__((__packed__))' -DUSE_HAL_DRIVER -DSTM32F446xx -I"D:/Users/Tyler/Documents/STM/Workspace/Latency Tests/LatencyTests/Inc" -I"D:/Users/Tyler/Documents/STM/Workspace/Latency Tests/LatencyTests/Drivers/STM32F4xx_HAL_Driver/Inc" -I"D:/Users/Tyler/Documents/STM/Workspace/Latency Tests/LatencyTests/Drivers/STM32F4xx_HAL_Driver/Inc/Legacy" -I"D:/Users/Tyler/Documents/STM/Workspace/Latency Tests/LatencyTests/Drivers/CMSIS/Device/ST/STM32F4xx/Include" -I"D:/Users/Tyler/Documents/STM/Workspace/Latency Tests/LatencyTests/Drivers/CMSIS/Include" -I"D:/Users/Tyler/Documents/STM/Workspace/Latency Tests/LatencyTests/Inc"  -Og -g3 -Wall -fmessage-length=0 -ffunction-sections -c -fmessage-length=0 -MMD -MP -MF"Drivers/STM32F4xx_HAL_Driver/Src/stm32f4xx_hal_tim.d" -MT"Drivers/STM32F4xx_HAL_Driver/Src/stm32f4xx_hal_tim.o" -o "Drivers/STM32F4xx_HAL_Driver/Src/stm32f4xx_hal_tim.o" "../Drivers/STM32F4xx_HAL_Driver/Src/stm32f4xx_hal_tim.c"
Finished building: ../Drivers/STM32F4xx_HAL_Driver/Src/stm32f4xx_hal_tim.c
 
Building file: ../Drivers/STM32F4xx_HAL_Driver/Src/stm32f4xx_hal_tim_ex.c
Invoking: MCU GCC Compiler
%cd%
arm-none-eabi-gcc -mcpu=cortex-m4 -mthumb -mfloat-abi=hard -mfpu=fpv4-sp-d16 '-D__weak=__attribute__((weak))' '-D__packed=__attribute__((__packed__))' -DUSE_HAL_DRIVER -DSTM32F446xx -I"D:/Users/Tyler/Documents/STM/Workspace/Latency Tests/LatencyTests/Inc" -I"D:/Users/Tyler/Documents/STM/Workspace/Latency Tests/LatencyTests/Drivers/STM32F4xx_HAL_Driver/Inc" -I"D:/Users/Tyler/Documents/STM/Workspace/Latency Tests/LatencyTests/Drivers/STM32F4xx_HAL_Driver/Inc/Legacy" -I"D:/Users/Tyler/Documents/STM/Workspace/Latency Tests/LatencyTests/Drivers/CMSIS/Device/ST/STM32F4xx/Include" -I"D:/Users/Tyler/Documents/STM/Workspace/Latency Tests/LatencyTests/Drivers/CMSIS/Include" -I"D:/Users/Tyler/Documents/STM/Workspace/Latency Tests/LatencyTests/Inc"  -Og -g3 -Wall -fmessage-length=0 -ffunction-sections -c -fmessage-length=0 -MMD -MP -MF"Drivers/STM32F4xx_HAL_Driver/Src/stm32f4xx_hal_tim_ex.d" -MT"Drivers/STM32F4xx_HAL_Driver/Src/stm32f4xx_hal_tim_ex.o" -o "Drivers/STM32F4xx_HAL_Driver/Src/stm32f4xx_hal_tim_ex.o" "../Drivers/STM32F4xx_HAL_Driver/Src/stm32f4xx_hal_tim_ex.c"
Finished building: ../Drivers/STM32F4xx_HAL_Driver/Src/stm32f4xx_hal_tim_ex.c
 
Building file: ../Drivers/STM32F4xx_HAL_Driver/Src/stm32f4xx_hal_uart.c
Invoking: MCU GCC Compiler
%cd%
arm-none-eabi-gcc -mcpu=cortex-m4 -mthumb -mfloat-abi=hard -mfpu=fpv4-sp-d16 '-D__weak=__attribute__((weak))' '-D__packed=__attribute__((__packed__))' -DUSE_HAL_DRIVER -DSTM32F446xx -I"D:/Users/Tyler/Documents/STM/Workspace/Latency Tests/LatencyTests/Inc" -I"D:/Users/Tyler/Documents/STM/Workspace/Latency Tests/LatencyTests/Drivers/STM32F4xx_HAL_Driver/Inc" -I"D:/Users/Tyler/Documents/STM/Workspace/Latency Tests/LatencyTests/Drivers/STM32F4xx_HAL_Driver/Inc/Legacy" -I"D:/Users/Tyler/Documents/STM/Workspace/Latency Tests/LatencyTests/Drivers/CMSIS/Device/ST/STM32F4xx/Include" -I"D:/Users/Tyler/Documents/STM/Workspace/Latency Tests/LatencyTests/Drivers/CMSIS/Include" -I"D:/Users/Tyler/Documents/STM/Workspace/Latency Tests/LatencyTests/Inc"  -Og -g3 -Wall -fmessage-length=0 -ffunction-sections -c -fmessage-length=0 -MMD -MP -MF"Drivers/STM32F4xx_HAL_Driver/Src/stm32f4xx_hal_uart.d" -MT"Drivers/STM32F4xx_HAL_Driver/Src/stm32f4xx_hal_uart.o" -o "Drivers/STM32F4xx_HAL_Driver/Src/stm32f4xx_hal_uart.o" "../Drivers/STM32F4xx_HAL_Driver/Src/stm32f4xx_hal_uart.c"
Finished building: ../Drivers/STM32F4xx_HAL_Driver/Src/stm32f4xx_hal_uart.c
 
Building target: LatencyTests.elf
Invoking: MCU GCC Linker
arm-none-eabi-gcc -mcpu=cortex-m4 -mthumb -mfloat-abi=hard -mfpu=fpv4-sp-d16 -specs=nosys.specs -specs=nano.specs -T"../STM32F446ZETx_FLASH.ld" -Wl,-Map=output.map -Wl,--gc-sections -lm -o "LatencyTests.elf" @"objects.list"  
Finished building target: LatencyTests.elf
 
make --no-print-directory post-build
Generating binary and Printing size information:
arm-none-eabi-objcopy -O binary "LatencyTests.elf" "LatencyTests.bin"
arm-none-eabi-size "LatencyTests.elf"
   text	   data	    bss	    dec	    hex	filename
  10392	    184	   2768	  13344	   3420	LatencyTests.elf
 
22:13:03 **** Incremental Build of configuration Debug for project LatencyTests ****
make all 
make: Nothing to be done for `all'.
22:13:54 **** Incremental Build of configuration Debug for project LatencyTests ****
make all 
Building file: ../Src/main.c
Invoking: MCU GCC Compiler
%cd%
arm-none-eabi-gcc -mcpu=cortex-m4 -mthumb -mfloat-abi=hard -mfpu=fpv4-sp-d16 '-D__weak=__attribute__((weak))' '-D__packed=__attribute__((__packed__))' -DUSE_HAL_DRIVER -DSTM32F446xx -I"D:/Users/Tyler/Documents/STM/Workspace/Latency Tests/LatencyTests/Inc" -I"D:/Users/Tyler/Documents/STM/Workspace/Latency Tests/LatencyTests/Drivers/STM32F4xx_HAL_Driver/Inc" -I"D:/Users/Tyler/Documents/STM/Workspace/Latency Tests/LatencyTests/Drivers/STM32F4xx_HAL_Driver/Inc/Legacy" -I"D:/Users/Tyler/Documents/STM/Workspace/Latency Tests/LatencyTests/Drivers/CMSIS/Device/ST/STM32F4xx/Include" -I"D:/Users/Tyler/Documents/STM/Workspace/Latency Tests/LatencyTests/Drivers/CMSIS/Include" -I"D:/Users/Tyler/Documents/STM/Workspace/Latency Tests/LatencyTests/Inc"  -Og -g3 -Wall -fmessage-length=0 -ffunction-sections -c -fmessage-length=0 -MMD -MP -MF"Src/main.d" -MT"Src/main.o" -o "Src/main.o" "../Src/main.c"
../Src/main.c: In function 'main':
../Src/main.c:158:27: warning: variable 'arrDynamixel' set but not used [-Wunused-but-set-variable]
  Dynamixel_HandleTypeDef* arrDynamixel[12];
                           ^
../Src/main.c: In function 'rt_OneStepWheelMode':
../Src/main.c:521:34: warning: left shift count >= width of type [-Wshift-count-overflow]
    if(((uint64_t)lastTorque & (1 << 63)) != ((uint64_t)arg_Torque & (1 << 63))){
                                  ^
../Src/main.c:521:72: warning: left shift count >= width of type [-Wshift-count-overflow]
    if(((uint64_t)lastTorque & (1 << 63)) != ((uint64_t)arg_Torque & (1 << 63))){
                                                                        ^
../Src/main.c: In function 'rt_OneStepJointMode':
../Src/main.c:587:34: warning: left shift count >= width of type [-Wshift-count-overflow]
    if(((uint64_t)lastTorque & (1 << 63)) != ((uint64_t)arg_Torque & (1 << 63))){
                                  ^
../Src/main.c:587:72: warning: left shift count >= width of type [-Wshift-count-overflow]
    if(((uint64_t)lastTorque & (1 << 63)) != ((uint64_t)arg_Torque & (1 << 63))){
                                                                        ^
Finished building: ../Src/main.c
 
Building target: LatencyTests.elf
Invoking: MCU GCC Linker
arm-none-eabi-gcc -mcpu=cortex-m4 -mthumb -mfloat-abi=hard -mfpu=fpv4-sp-d16 -specs=nosys.specs -specs=nano.specs -T"../STM32F446ZETx_FLASH.ld" -Wl,-Map=output.map -Wl,--gc-sections -lm -o "LatencyTests.elf" @"objects.list"  
Finished building target: LatencyTests.elf
 
make --no-print-directory post-build
Generating binary and Printing size information:
arm-none-eabi-objcopy -O binary "LatencyTests.elf" "LatencyTests.bin"
arm-none-eabi-size "LatencyTests.elf"
   text	   data	    bss	    dec	    hex	filename
  10600	    184	   2768	  13552	   34f0	LatencyTests.elf
 
22:14:24 **** Incremental Build of configuration Debug for project LatencyTests ****
make all 
Building file: ../Src/main.c
Invoking: MCU GCC Compiler
%cd%
arm-none-eabi-gcc -mcpu=cortex-m4 -mthumb -mfloat-abi=hard -mfpu=fpv4-sp-d16 '-D__weak=__attribute__((weak))' '-D__packed=__attribute__((__packed__))' -DUSE_HAL_DRIVER -DSTM32F446xx -I"D:/Users/Tyler/Documents/STM/Workspace/Latency Tests/LatencyTests/Inc" -I"D:/Users/Tyler/Documents/STM/Workspace/Latency Tests/LatencyTests/Drivers/STM32F4xx_HAL_Driver/Inc" -I"D:/Users/Tyler/Documents/STM/Workspace/Latency Tests/LatencyTests/Drivers/STM32F4xx_HAL_Driver/Inc/Legacy" -I"D:/Users/Tyler/Documents/STM/Workspace/Latency Tests/LatencyTests/Drivers/CMSIS/Device/ST/STM32F4xx/Include" -I"D:/Users/Tyler/Documents/STM/Workspace/Latency Tests/LatencyTests/Drivers/CMSIS/Include" -I"D:/Users/Tyler/Documents/STM/Workspace/Latency Tests/LatencyTests/Inc"  -Og -g3 -Wall -fmessage-length=0 -ffunction-sections -c -fmessage-length=0 -MMD -MP -MF"Src/main.d" -MT"Src/main.o" -o "Src/main.o" "../Src/main.c"
../Src/main.c: In function 'main':
../Src/main.c:158:27: warning: variable 'arrDynamixel' set but not used [-Wunused-but-set-variable]
  Dynamixel_HandleTypeDef* arrDynamixel[12];
                           ^
../Src/main.c: In function 'rt_OneStepWheelMode':
../Src/main.c:521:34: warning: left shift count >= width of type [-Wshift-count-overflow]
    if(((uint64_t)lastTorque & (1 << 63)) != ((uint64_t)arg_Torque & (1 << 63))){
                                  ^
../Src/main.c:521:72: warning: left shift count >= width of type [-Wshift-count-overflow]
    if(((uint64_t)lastTorque & (1 << 63)) != ((uint64_t)arg_Torque & (1 << 63))){
                                                                        ^
../Src/main.c: In function 'rt_OneStepJointMode':
../Src/main.c:587:34: warning: left shift count >= width of type [-Wshift-count-overflow]
    if(((uint64_t)lastTorque & (1 << 63)) != ((uint64_t)arg_Torque & (1 << 63))){
                                  ^
../Src/main.c:587:72: warning: left shift count >= width of type [-Wshift-count-overflow]
    if(((uint64_t)lastTorque & (1 << 63)) != ((uint64_t)arg_Torque & (1 << 63))){
                                                                        ^
Finished building: ../Src/main.c
 
Building file: ../Src/stm32f4xx_hal_msp.c
Invoking: MCU GCC Compiler
%cd%
arm-none-eabi-gcc -mcpu=cortex-m4 -mthumb -mfloat-abi=hard -mfpu=fpv4-sp-d16 '-D__weak=__attribute__((weak))' '-D__packed=__attribute__((__packed__))' -DUSE_HAL_DRIVER -DSTM32F446xx -I"D:/Users/Tyler/Documents/STM/Workspace/Latency Tests/LatencyTests/Inc" -I"D:/Users/Tyler/Documents/STM/Workspace/Latency Tests/LatencyTests/Drivers/STM32F4xx_HAL_Driver/Inc" -I"D:/Users/Tyler/Documents/STM/Workspace/Latency Tests/LatencyTests/Drivers/STM32F4xx_HAL_Driver/Inc/Legacy" -I"D:/Users/Tyler/Documents/STM/Workspace/Latency Tests/LatencyTests/Drivers/CMSIS/Device/ST/STM32F4xx/Include" -I"D:/Users/Tyler/Documents/STM/Workspace/Latency Tests/LatencyTests/Drivers/CMSIS/Include" -I"D:/Users/Tyler/Documents/STM/Workspace/Latency Tests/LatencyTests/Inc"  -Og -g3 -Wall -fmessage-length=0 -ffunction-sections -c -fmessage-length=0 -MMD -MP -MF"Src/stm32f4xx_hal_msp.d" -MT"Src/stm32f4xx_hal_msp.o" -o "Src/stm32f4xx_hal_msp.o" "../Src/stm32f4xx_hal_msp.c"
Finished building: ../Src/stm32f4xx_hal_msp.c
 
Building file: ../Src/stm32f4xx_it.c
Invoking: MCU GCC Compiler
%cd%
arm-none-eabi-gcc -mcpu=cortex-m4 -mthumb -mfloat-abi=hard -mfpu=fpv4-sp-d16 '-D__weak=__attribute__((weak))' '-D__packed=__attribute__((__packed__))' -DUSE_HAL_DRIVER -DSTM32F446xx -I"D:/Users/Tyler/Documents/STM/Workspace/Latency Tests/LatencyTests/Inc" -I"D:/Users/Tyler/Documents/STM/Workspace/Latency Tests/LatencyTests/Drivers/STM32F4xx_HAL_Driver/Inc" -I"D:/Users/Tyler/Documents/STM/Workspace/Latency Tests/LatencyTests/Drivers/STM32F4xx_HAL_Driver/Inc/Legacy" -I"D:/Users/Tyler/Documents/STM/Workspace/Latency Tests/LatencyTests/Drivers/CMSIS/Device/ST/STM32F4xx/Include" -I"D:/Users/Tyler/Documents/STM/Workspace/Latency Tests/LatencyTests/Drivers/CMSIS/Include" -I"D:/Users/Tyler/Documents/STM/Workspace/Latency Tests/LatencyTests/Inc"  -Og -g3 -Wall -fmessage-length=0 -ffunction-sections -c -fmessage-length=0 -MMD -MP -MF"Src/stm32f4xx_it.d" -MT"Src/stm32f4xx_it.o" -o "Src/stm32f4xx_it.o" "../Src/stm32f4xx_it.c"
Finished building: ../Src/stm32f4xx_it.c
 
Building file: ../Src/system_stm32f4xx.c
Invoking: MCU GCC Compiler
%cd%
arm-none-eabi-gcc -mcpu=cortex-m4 -mthumb -mfloat-abi=hard -mfpu=fpv4-sp-d16 '-D__weak=__attribute__((weak))' '-D__packed=__attribute__((__packed__))' -DUSE_HAL_DRIVER -DSTM32F446xx -I"D:/Users/Tyler/Documents/STM/Workspace/Latency Tests/LatencyTests/Inc" -I"D:/Users/Tyler/Documents/STM/Workspace/Latency Tests/LatencyTests/Drivers/STM32F4xx_HAL_Driver/Inc" -I"D:/Users/Tyler/Documents/STM/Workspace/Latency Tests/LatencyTests/Drivers/STM32F4xx_HAL_Driver/Inc/Legacy" -I"D:/Users/Tyler/Documents/STM/Workspace/Latency Tests/LatencyTests/Drivers/CMSIS/Device/ST/STM32F4xx/Include" -I"D:/Users/Tyler/Documents/STM/Workspace/Latency Tests/LatencyTests/Drivers/CMSIS/Include" -I"D:/Users/Tyler/Documents/STM/Workspace/Latency Tests/LatencyTests/Inc"  -Og -g3 -Wall -fmessage-length=0 -ffunction-sections -c -fmessage-length=0 -MMD -MP -MF"Src/system_stm32f4xx.d" -MT"Src/system_stm32f4xx.o" -o "Src/system_stm32f4xx.o" "../Src/system_stm32f4xx.c"
Finished building: ../Src/system_stm32f4xx.c
 
Building file: ../Drivers/STM32F4xx_HAL_Driver/Src/stm32f4xx_hal.c
Invoking: MCU GCC Compiler
%cd%
arm-none-eabi-gcc -mcpu=cortex-m4 -mthumb -mfloat-abi=hard -mfpu=fpv4-sp-d16 '-D__weak=__attribute__((weak))' '-D__packed=__attribute__((__packed__))' -DUSE_HAL_DRIVER -DSTM32F446xx -I"D:/Users/Tyler/Documents/STM/Workspace/Latency Tests/LatencyTests/Inc" -I"D:/Users/Tyler/Documents/STM/Workspace/Latency Tests/LatencyTests/Drivers/STM32F4xx_HAL_Driver/Inc" -I"D:/Users/Tyler/Documents/STM/Workspace/Latency Tests/LatencyTests/Drivers/STM32F4xx_HAL_Driver/Inc/Legacy" -I"D:/Users/Tyler/Documents/STM/Workspace/Latency Tests/LatencyTests/Drivers/CMSIS/Device/ST/STM32F4xx/Include" -I"D:/Users/Tyler/Documents/STM/Workspace/Latency Tests/LatencyTests/Drivers/CMSIS/Include" -I"D:/Users/Tyler/Documents/STM/Workspace/Latency Tests/LatencyTests/Inc"  -Og -g3 -Wall -fmessage-length=0 -ffunction-sections -c -fmessage-length=0 -MMD -MP -MF"Drivers/STM32F4xx_HAL_Driver/Src/stm32f4xx_hal.d" -MT"Drivers/STM32F4xx_HAL_Driver/Src/stm32f4xx_hal.o" -o "Drivers/STM32F4xx_HAL_Driver/Src/stm32f4xx_hal.o" "../Drivers/STM32F4xx_HAL_Driver/Src/stm32f4xx_hal.c"
Finished building: ../Drivers/STM32F4xx_HAL_Driver/Src/stm32f4xx_hal.c
 
Building file: ../Drivers/STM32F4xx_HAL_Driver/Src/stm32f4xx_hal_cortex.c
Invoking: MCU GCC Compiler
%cd%
arm-none-eabi-gcc -mcpu=cortex-m4 -mthumb -mfloat-abi=hard -mfpu=fpv4-sp-d16 '-D__weak=__attribute__((weak))' '-D__packed=__attribute__((__packed__))' -DUSE_HAL_DRIVER -DSTM32F446xx -I"D:/Users/Tyler/Documents/STM/Workspace/Latency Tests/LatencyTests/Inc" -I"D:/Users/Tyler/Documents/STM/Workspace/Latency Tests/LatencyTests/Drivers/STM32F4xx_HAL_Driver/Inc" -I"D:/Users/Tyler/Documents/STM/Workspace/Latency Tests/LatencyTests/Drivers/STM32F4xx_HAL_Driver/Inc/Legacy" -I"D:/Users/Tyler/Documents/STM/Workspace/Latency Tests/LatencyTests/Drivers/CMSIS/Device/ST/STM32F4xx/Include" -I"D:/Users/Tyler/Documents/STM/Workspace/Latency Tests/LatencyTests/Drivers/CMSIS/Include" -I"D:/Users/Tyler/Documents/STM/Workspace/Latency Tests/LatencyTests/Inc"  -Og -g3 -Wall -fmessage-length=0 -ffunction-sections -c -fmessage-length=0 -MMD -MP -MF"Drivers/STM32F4xx_HAL_Driver/Src/stm32f4xx_hal_cortex.d" -MT"Drivers/STM32F4xx_HAL_Driver/Src/stm32f4xx_hal_cortex.o" -o "Drivers/STM32F4xx_HAL_Driver/Src/stm32f4xx_hal_cortex.o" "../Drivers/STM32F4xx_HAL_Driver/Src/stm32f4xx_hal_cortex.c"
Finished building: ../Drivers/STM32F4xx_HAL_Driver/Src/stm32f4xx_hal_cortex.c
 
Building file: ../Drivers/STM32F4xx_HAL_Driver/Src/stm32f4xx_hal_dma.c
Invoking: MCU GCC Compiler
%cd%
arm-none-eabi-gcc -mcpu=cortex-m4 -mthumb -mfloat-abi=hard -mfpu=fpv4-sp-d16 '-D__weak=__attribute__((weak))' '-D__packed=__attribute__((__packed__))' -DUSE_HAL_DRIVER -DSTM32F446xx -I"D:/Users/Tyler/Documents/STM/Workspace/Latency Tests/LatencyTests/Inc" -I"D:/Users/Tyler/Documents/STM/Workspace/Latency Tests/LatencyTests/Drivers/STM32F4xx_HAL_Driver/Inc" -I"D:/Users/Tyler/Documents/STM/Workspace/Latency Tests/LatencyTests/Drivers/STM32F4xx_HAL_Driver/Inc/Legacy" -I"D:/Users/Tyler/Documents/STM/Workspace/Latency Tests/LatencyTests/Drivers/CMSIS/Device/ST/STM32F4xx/Include" -I"D:/Users/Tyler/Documents/STM/Workspace/Latency Tests/LatencyTests/Drivers/CMSIS/Include" -I"D:/Users/Tyler/Documents/STM/Workspace/Latency Tests/LatencyTests/Inc"  -Og -g3 -Wall -fmessage-length=0 -ffunction-sections -c -fmessage-length=0 -MMD -MP -MF"Drivers/STM32F4xx_HAL_Driver/Src/stm32f4xx_hal_dma.d" -MT"Drivers/STM32F4xx_HAL_Driver/Src/stm32f4xx_hal_dma.o" -o "Drivers/STM32F4xx_HAL_Driver/Src/stm32f4xx_hal_dma.o" "../Drivers/STM32F4xx_HAL_Driver/Src/stm32f4xx_hal_dma.c"
Finished building: ../Drivers/STM32F4xx_HAL_Driver/Src/stm32f4xx_hal_dma.c
 
Building file: ../Drivers/STM32F4xx_HAL_Driver/Src/stm32f4xx_hal_dma_ex.c
Invoking: MCU GCC Compiler
%cd%
arm-none-eabi-gcc -mcpu=cortex-m4 -mthumb -mfloat-abi=hard -mfpu=fpv4-sp-d16 '-D__weak=__attribute__((weak))' '-D__packed=__attribute__((__packed__))' -DUSE_HAL_DRIVER -DSTM32F446xx -I"D:/Users/Tyler/Documents/STM/Workspace/Latency Tests/LatencyTests/Inc" -I"D:/Users/Tyler/Documents/STM/Workspace/Latency Tests/LatencyTests/Drivers/STM32F4xx_HAL_Driver/Inc" -I"D:/Users/Tyler/Documents/STM/Workspace/Latency Tests/LatencyTests/Drivers/STM32F4xx_HAL_Driver/Inc/Legacy" -I"D:/Users/Tyler/Documents/STM/Workspace/Latency Tests/LatencyTests/Drivers/CMSIS/Device/ST/STM32F4xx/Include" -I"D:/Users/Tyler/Documents/STM/Workspace/Latency Tests/LatencyTests/Drivers/CMSIS/Include" -I"D:/Users/Tyler/Documents/STM/Workspace/Latency Tests/LatencyTests/Inc"  -Og -g3 -Wall -fmessage-length=0 -ffunction-sections -c -fmessage-length=0 -MMD -MP -MF"Drivers/STM32F4xx_HAL_Driver/Src/stm32f4xx_hal_dma_ex.d" -MT"Drivers/STM32F4xx_HAL_Driver/Src/stm32f4xx_hal_dma_ex.o" -o "Drivers/STM32F4xx_HAL_Driver/Src/stm32f4xx_hal_dma_ex.o" "../Drivers/STM32F4xx_HAL_Driver/Src/stm32f4xx_hal_dma_ex.c"
Finished building: ../Drivers/STM32F4xx_HAL_Driver/Src/stm32f4xx_hal_dma_ex.c
 
Building file: ../Drivers/STM32F4xx_HAL_Driver/Src/stm32f4xx_hal_flash.c
Invoking: MCU GCC Compiler
%cd%
arm-none-eabi-gcc -mcpu=cortex-m4 -mthumb -mfloat-abi=hard -mfpu=fpv4-sp-d16 '-D__weak=__attribute__((weak))' '-D__packed=__attribute__((__packed__))' -DUSE_HAL_DRIVER -DSTM32F446xx -I"D:/Users/Tyler/Documents/STM/Workspace/Latency Tests/LatencyTests/Inc" -I"D:/Users/Tyler/Documents/STM/Workspace/Latency Tests/LatencyTests/Drivers/STM32F4xx_HAL_Driver/Inc" -I"D:/Users/Tyler/Documents/STM/Workspace/Latency Tests/LatencyTests/Drivers/STM32F4xx_HAL_Driver/Inc/Legacy" -I"D:/Users/Tyler/Documents/STM/Workspace/Latency Tests/LatencyTests/Drivers/CMSIS/Device/ST/STM32F4xx/Include" -I"D:/Users/Tyler/Documents/STM/Workspace/Latency Tests/LatencyTests/Drivers/CMSIS/Include" -I"D:/Users/Tyler/Documents/STM/Workspace/Latency Tests/LatencyTests/Inc"  -Og -g3 -Wall -fmessage-length=0 -ffunction-sections -c -fmessage-length=0 -MMD -MP -MF"Drivers/STM32F4xx_HAL_Driver/Src/stm32f4xx_hal_flash.d" -MT"Drivers/STM32F4xx_HAL_Driver/Src/stm32f4xx_hal_flash.o" -o "Drivers/STM32F4xx_HAL_Driver/Src/stm32f4xx_hal_flash.o" "../Drivers/STM32F4xx_HAL_Driver/Src/stm32f4xx_hal_flash.c"
Finished building: ../Drivers/STM32F4xx_HAL_Driver/Src/stm32f4xx_hal_flash.c
 
Building file: ../Drivers/STM32F4xx_HAL_Driver/Src/stm32f4xx_hal_flash_ex.c
Invoking: MCU GCC Compiler
%cd%
arm-none-eabi-gcc -mcpu=cortex-m4 -mthumb -mfloat-abi=hard -mfpu=fpv4-sp-d16 '-D__weak=__attribute__((weak))' '-D__packed=__attribute__((__packed__))' -DUSE_HAL_DRIVER -DSTM32F446xx -I"D:/Users/Tyler/Documents/STM/Workspace/Latency Tests/LatencyTests/Inc" -I"D:/Users/Tyler/Documents/STM/Workspace/Latency Tests/LatencyTests/Drivers/STM32F4xx_HAL_Driver/Inc" -I"D:/Users/Tyler/Documents/STM/Workspace/Latency Tests/LatencyTests/Drivers/STM32F4xx_HAL_Driver/Inc/Legacy" -I"D:/Users/Tyler/Documents/STM/Workspace/Latency Tests/LatencyTests/Drivers/CMSIS/Device/ST/STM32F4xx/Include" -I"D:/Users/Tyler/Documents/STM/Workspace/Latency Tests/LatencyTests/Drivers/CMSIS/Include" -I"D:/Users/Tyler/Documents/STM/Workspace/Latency Tests/LatencyTests/Inc"  -Og -g3 -Wall -fmessage-length=0 -ffunction-sections -c -fmessage-length=0 -MMD -MP -MF"Drivers/STM32F4xx_HAL_Driver/Src/stm32f4xx_hal_flash_ex.d" -MT"Drivers/STM32F4xx_HAL_Driver/Src/stm32f4xx_hal_flash_ex.o" -o "Drivers/STM32F4xx_HAL_Driver/Src/stm32f4xx_hal_flash_ex.o" "../Drivers/STM32F4xx_HAL_Driver/Src/stm32f4xx_hal_flash_ex.c"
Finished building: ../Drivers/STM32F4xx_HAL_Driver/Src/stm32f4xx_hal_flash_ex.c
 
Building file: ../Drivers/STM32F4xx_HAL_Driver/Src/stm32f4xx_hal_flash_ramfunc.c
Invoking: MCU GCC Compiler
%cd%
arm-none-eabi-gcc -mcpu=cortex-m4 -mthumb -mfloat-abi=hard -mfpu=fpv4-sp-d16 '-D__weak=__attribute__((weak))' '-D__packed=__attribute__((__packed__))' -DUSE_HAL_DRIVER -DSTM32F446xx -I"D:/Users/Tyler/Documents/STM/Workspace/Latency Tests/LatencyTests/Inc" -I"D:/Users/Tyler/Documents/STM/Workspace/Latency Tests/LatencyTests/Drivers/STM32F4xx_HAL_Driver/Inc" -I"D:/Users/Tyler/Documents/STM/Workspace/Latency Tests/LatencyTests/Drivers/STM32F4xx_HAL_Driver/Inc/Legacy" -I"D:/Users/Tyler/Documents/STM/Workspace/Latency Tests/LatencyTests/Drivers/CMSIS/Device/ST/STM32F4xx/Include" -I"D:/Users/Tyler/Documents/STM/Workspace/Latency Tests/LatencyTests/Drivers/CMSIS/Include" -I"D:/Users/Tyler/Documents/STM/Workspace/Latency Tests/LatencyTests/Inc"  -Og -g3 -Wall -fmessage-length=0 -ffunction-sections -c -fmessage-length=0 -MMD -MP -MF"Drivers/STM32F4xx_HAL_Driver/Src/stm32f4xx_hal_flash_ramfunc.d" -MT"Drivers/STM32F4xx_HAL_Driver/Src/stm32f4xx_hal_flash_ramfunc.o" -o "Drivers/STM32F4xx_HAL_Driver/Src/stm32f4xx_hal_flash_ramfunc.o" "../Drivers/STM32F4xx_HAL_Driver/Src/stm32f4xx_hal_flash_ramfunc.c"
Finished building: ../Drivers/STM32F4xx_HAL_Driver/Src/stm32f4xx_hal_flash_ramfunc.c
 
Building file: ../Drivers/STM32F4xx_HAL_Driver/Src/stm32f4xx_hal_gpio.c
Invoking: MCU GCC Compiler
%cd%
arm-none-eabi-gcc -mcpu=cortex-m4 -mthumb -mfloat-abi=hard -mfpu=fpv4-sp-d16 '-D__weak=__attribute__((weak))' '-D__packed=__attribute__((__packed__))' -DUSE_HAL_DRIVER -DSTM32F446xx -I"D:/Users/Tyler/Documents/STM/Workspace/Latency Tests/LatencyTests/Inc" -I"D:/Users/Tyler/Documents/STM/Workspace/Latency Tests/LatencyTests/Drivers/STM32F4xx_HAL_Driver/Inc" -I"D:/Users/Tyler/Documents/STM/Workspace/Latency Tests/LatencyTests/Drivers/STM32F4xx_HAL_Driver/Inc/Legacy" -I"D:/Users/Tyler/Documents/STM/Workspace/Latency Tests/LatencyTests/Drivers/CMSIS/Device/ST/STM32F4xx/Include" -I"D:/Users/Tyler/Documents/STM/Workspace/Latency Tests/LatencyTests/Drivers/CMSIS/Include" -I"D:/Users/Tyler/Documents/STM/Workspace/Latency Tests/LatencyTests/Inc"  -Og -g3 -Wall -fmessage-length=0 -ffunction-sections -c -fmessage-length=0 -MMD -MP -MF"Drivers/STM32F4xx_HAL_Driver/Src/stm32f4xx_hal_gpio.d" -MT"Drivers/STM32F4xx_HAL_Driver/Src/stm32f4xx_hal_gpio.o" -o "Drivers/STM32F4xx_HAL_Driver/Src/stm32f4xx_hal_gpio.o" "../Drivers/STM32F4xx_HAL_Driver/Src/stm32f4xx_hal_gpio.c"
Finished building: ../Drivers/STM32F4xx_HAL_Driver/Src/stm32f4xx_hal_gpio.c
 
Building file: ../Drivers/STM32F4xx_HAL_Driver/Src/stm32f4xx_hal_pwr.c
Invoking: MCU GCC Compiler
%cd%
arm-none-eabi-gcc -mcpu=cortex-m4 -mthumb -mfloat-abi=hard -mfpu=fpv4-sp-d16 '-D__weak=__attribute__((weak))' '-D__packed=__attribute__((__packed__))' -DUSE_HAL_DRIVER -DSTM32F446xx -I"D:/Users/Tyler/Documents/STM/Workspace/Latency Tests/LatencyTests/Inc" -I"D:/Users/Tyler/Documents/STM/Workspace/Latency Tests/LatencyTests/Drivers/STM32F4xx_HAL_Driver/Inc" -I"D:/Users/Tyler/Documents/STM/Workspace/Latency Tests/LatencyTests/Drivers/STM32F4xx_HAL_Driver/Inc/Legacy" -I"D:/Users/Tyler/Documents/STM/Workspace/Latency Tests/LatencyTests/Drivers/CMSIS/Device/ST/STM32F4xx/Include" -I"D:/Users/Tyler/Documents/STM/Workspace/Latency Tests/LatencyTests/Drivers/CMSIS/Include" -I"D:/Users/Tyler/Documents/STM/Workspace/Latency Tests/LatencyTests/Inc"  -Og -g3 -Wall -fmessage-length=0 -ffunction-sections -c -fmessage-length=0 -MMD -MP -MF"Drivers/STM32F4xx_HAL_Driver/Src/stm32f4xx_hal_pwr.d" -MT"Drivers/STM32F4xx_HAL_Driver/Src/stm32f4xx_hal_pwr.o" -o "Drivers/STM32F4xx_HAL_Driver/Src/stm32f4xx_hal_pwr.o" "../Drivers/STM32F4xx_HAL_Driver/Src/stm32f4xx_hal_pwr.c"
Finished building: ../Drivers/STM32F4xx_HAL_Driver/Src/stm32f4xx_hal_pwr.c
 
Building file: ../Drivers/STM32F4xx_HAL_Driver/Src/stm32f4xx_hal_pwr_ex.c
Invoking: MCU GCC Compiler
%cd%
arm-none-eabi-gcc -mcpu=cortex-m4 -mthumb -mfloat-abi=hard -mfpu=fpv4-sp-d16 '-D__weak=__attribute__((weak))' '-D__packed=__attribute__((__packed__))' -DUSE_HAL_DRIVER -DSTM32F446xx -I"D:/Users/Tyler/Documents/STM/Workspace/Latency Tests/LatencyTests/Inc" -I"D:/Users/Tyler/Documents/STM/Workspace/Latency Tests/LatencyTests/Drivers/STM32F4xx_HAL_Driver/Inc" -I"D:/Users/Tyler/Documents/STM/Workspace/Latency Tests/LatencyTests/Drivers/STM32F4xx_HAL_Driver/Inc/Legacy" -I"D:/Users/Tyler/Documents/STM/Workspace/Latency Tests/LatencyTests/Drivers/CMSIS/Device/ST/STM32F4xx/Include" -I"D:/Users/Tyler/Documents/STM/Workspace/Latency Tests/LatencyTests/Drivers/CMSIS/Include" -I"D:/Users/Tyler/Documents/STM/Workspace/Latency Tests/LatencyTests/Inc"  -Og -g3 -Wall -fmessage-length=0 -ffunction-sections -c -fmessage-length=0 -MMD -MP -MF"Drivers/STM32F4xx_HAL_Driver/Src/stm32f4xx_hal_pwr_ex.d" -MT"Drivers/STM32F4xx_HAL_Driver/Src/stm32f4xx_hal_pwr_ex.o" -o "Drivers/STM32F4xx_HAL_Driver/Src/stm32f4xx_hal_pwr_ex.o" "../Drivers/STM32F4xx_HAL_Driver/Src/stm32f4xx_hal_pwr_ex.c"
Finished building: ../Drivers/STM32F4xx_HAL_Driver/Src/stm32f4xx_hal_pwr_ex.c
 
Building file: ../Drivers/STM32F4xx_HAL_Driver/Src/stm32f4xx_hal_rcc.c
Invoking: MCU GCC Compiler
%cd%
arm-none-eabi-gcc -mcpu=cortex-m4 -mthumb -mfloat-abi=hard -mfpu=fpv4-sp-d16 '-D__weak=__attribute__((weak))' '-D__packed=__attribute__((__packed__))' -DUSE_HAL_DRIVER -DSTM32F446xx -I"D:/Users/Tyler/Documents/STM/Workspace/Latency Tests/LatencyTests/Inc" -I"D:/Users/Tyler/Documents/STM/Workspace/Latency Tests/LatencyTests/Drivers/STM32F4xx_HAL_Driver/Inc" -I"D:/Users/Tyler/Documents/STM/Workspace/Latency Tests/LatencyTests/Drivers/STM32F4xx_HAL_Driver/Inc/Legacy" -I"D:/Users/Tyler/Documents/STM/Workspace/Latency Tests/LatencyTests/Drivers/CMSIS/Device/ST/STM32F4xx/Include" -I"D:/Users/Tyler/Documents/STM/Workspace/Latency Tests/LatencyTests/Drivers/CMSIS/Include" -I"D:/Users/Tyler/Documents/STM/Workspace/Latency Tests/LatencyTests/Inc"  -Og -g3 -Wall -fmessage-length=0 -ffunction-sections -c -fmessage-length=0 -MMD -MP -MF"Drivers/STM32F4xx_HAL_Driver/Src/stm32f4xx_hal_rcc.d" -MT"Drivers/STM32F4xx_HAL_Driver/Src/stm32f4xx_hal_rcc.o" -o "Drivers/STM32F4xx_HAL_Driver/Src/stm32f4xx_hal_rcc.o" "../Drivers/STM32F4xx_HAL_Driver/Src/stm32f4xx_hal_rcc.c"
Finished building: ../Drivers/STM32F4xx_HAL_Driver/Src/stm32f4xx_hal_rcc.c
 
Building file: ../Drivers/STM32F4xx_HAL_Driver/Src/stm32f4xx_hal_rcc_ex.c
Invoking: MCU GCC Compiler
%cd%
arm-none-eabi-gcc -mcpu=cortex-m4 -mthumb -mfloat-abi=hard -mfpu=fpv4-sp-d16 '-D__weak=__attribute__((weak))' '-D__packed=__attribute__((__packed__))' -DUSE_HAL_DRIVER -DSTM32F446xx -I"D:/Users/Tyler/Documents/STM/Workspace/Latency Tests/LatencyTests/Inc" -I"D:/Users/Tyler/Documents/STM/Workspace/Latency Tests/LatencyTests/Drivers/STM32F4xx_HAL_Driver/Inc" -I"D:/Users/Tyler/Documents/STM/Workspace/Latency Tests/LatencyTests/Drivers/STM32F4xx_HAL_Driver/Inc/Legacy" -I"D:/Users/Tyler/Documents/STM/Workspace/Latency Tests/LatencyTests/Drivers/CMSIS/Device/ST/STM32F4xx/Include" -I"D:/Users/Tyler/Documents/STM/Workspace/Latency Tests/LatencyTests/Drivers/CMSIS/Include" -I"D:/Users/Tyler/Documents/STM/Workspace/Latency Tests/LatencyTests/Inc"  -Og -g3 -Wall -fmessage-length=0 -ffunction-sections -c -fmessage-length=0 -MMD -MP -MF"Drivers/STM32F4xx_HAL_Driver/Src/stm32f4xx_hal_rcc_ex.d" -MT"Drivers/STM32F4xx_HAL_Driver/Src/stm32f4xx_hal_rcc_ex.o" -o "Drivers/STM32F4xx_HAL_Driver/Src/stm32f4xx_hal_rcc_ex.o" "../Drivers/STM32F4xx_HAL_Driver/Src/stm32f4xx_hal_rcc_ex.c"
Finished building: ../Drivers/STM32F4xx_HAL_Driver/Src/stm32f4xx_hal_rcc_ex.c
 
Building file: ../Drivers/STM32F4xx_HAL_Driver/Src/stm32f4xx_hal_tim.c
Invoking: MCU GCC Compiler
%cd%
arm-none-eabi-gcc -mcpu=cortex-m4 -mthumb -mfloat-abi=hard -mfpu=fpv4-sp-d16 '-D__weak=__attribute__((weak))' '-D__packed=__attribute__((__packed__))' -DUSE_HAL_DRIVER -DSTM32F446xx -I"D:/Users/Tyler/Documents/STM/Workspace/Latency Tests/LatencyTests/Inc" -I"D:/Users/Tyler/Documents/STM/Workspace/Latency Tests/LatencyTests/Drivers/STM32F4xx_HAL_Driver/Inc" -I"D:/Users/Tyler/Documents/STM/Workspace/Latency Tests/LatencyTests/Drivers/STM32F4xx_HAL_Driver/Inc/Legacy" -I"D:/Users/Tyler/Documents/STM/Workspace/Latency Tests/LatencyTests/Drivers/CMSIS/Device/ST/STM32F4xx/Include" -I"D:/Users/Tyler/Documents/STM/Workspace/Latency Tests/LatencyTests/Drivers/CMSIS/Include" -I"D:/Users/Tyler/Documents/STM/Workspace/Latency Tests/LatencyTests/Inc"  -Og -g3 -Wall -fmessage-length=0 -ffunction-sections -c -fmessage-length=0 -MMD -MP -MF"Drivers/STM32F4xx_HAL_Driver/Src/stm32f4xx_hal_tim.d" -MT"Drivers/STM32F4xx_HAL_Driver/Src/stm32f4xx_hal_tim.o" -o "Drivers/STM32F4xx_HAL_Driver/Src/stm32f4xx_hal_tim.o" "../Drivers/STM32F4xx_HAL_Driver/Src/stm32f4xx_hal_tim.c"
Finished building: ../Drivers/STM32F4xx_HAL_Driver/Src/stm32f4xx_hal_tim.c
 
Building file: ../Drivers/STM32F4xx_HAL_Driver/Src/stm32f4xx_hal_tim_ex.c
Invoking: MCU GCC Compiler
%cd%
arm-none-eabi-gcc -mcpu=cortex-m4 -mthumb -mfloat-abi=hard -mfpu=fpv4-sp-d16 '-D__weak=__attribute__((weak))' '-D__packed=__attribute__((__packed__))' -DUSE_HAL_DRIVER -DSTM32F446xx -I"D:/Users/Tyler/Documents/STM/Workspace/Latency Tests/LatencyTests/Inc" -I"D:/Users/Tyler/Documents/STM/Workspace/Latency Tests/LatencyTests/Drivers/STM32F4xx_HAL_Driver/Inc" -I"D:/Users/Tyler/Documents/STM/Workspace/Latency Tests/LatencyTests/Drivers/STM32F4xx_HAL_Driver/Inc/Legacy" -I"D:/Users/Tyler/Documents/STM/Workspace/Latency Tests/LatencyTests/Drivers/CMSIS/Device/ST/STM32F4xx/Include" -I"D:/Users/Tyler/Documents/STM/Workspace/Latency Tests/LatencyTests/Drivers/CMSIS/Include" -I"D:/Users/Tyler/Documents/STM/Workspace/Latency Tests/LatencyTests/Inc"  -Og -g3 -Wall -fmessage-length=0 -ffunction-sections -c -fmessage-length=0 -MMD -MP -MF"Drivers/STM32F4xx_HAL_Driver/Src/stm32f4xx_hal_tim_ex.d" -MT"Drivers/STM32F4xx_HAL_Driver/Src/stm32f4xx_hal_tim_ex.o" -o "Drivers/STM32F4xx_HAL_Driver/Src/stm32f4xx_hal_tim_ex.o" "../Drivers/STM32F4xx_HAL_Driver/Src/stm32f4xx_hal_tim_ex.c"
Finished building: ../Drivers/STM32F4xx_HAL_Driver/Src/stm32f4xx_hal_tim_ex.c
 
Building file: ../Drivers/STM32F4xx_HAL_Driver/Src/stm32f4xx_hal_uart.c
Invoking: MCU GCC Compiler
%cd%
arm-none-eabi-gcc -mcpu=cortex-m4 -mthumb -mfloat-abi=hard -mfpu=fpv4-sp-d16 '-D__weak=__attribute__((weak))' '-D__packed=__attribute__((__packed__))' -DUSE_HAL_DRIVER -DSTM32F446xx -I"D:/Users/Tyler/Documents/STM/Workspace/Latency Tests/LatencyTests/Inc" -I"D:/Users/Tyler/Documents/STM/Workspace/Latency Tests/LatencyTests/Drivers/STM32F4xx_HAL_Driver/Inc" -I"D:/Users/Tyler/Documents/STM/Workspace/Latency Tests/LatencyTests/Drivers/STM32F4xx_HAL_Driver/Inc/Legacy" -I"D:/Users/Tyler/Documents/STM/Workspace/Latency Tests/LatencyTests/Drivers/CMSIS/Device/ST/STM32F4xx/Include" -I"D:/Users/Tyler/Documents/STM/Workspace/Latency Tests/LatencyTests/Drivers/CMSIS/Include" -I"D:/Users/Tyler/Documents/STM/Workspace/Latency Tests/LatencyTests/Inc"  -Og -g3 -Wall -fmessage-length=0 -ffunction-sections -c -fmessage-length=0 -MMD -MP -MF"Drivers/STM32F4xx_HAL_Driver/Src/stm32f4xx_hal_uart.d" -MT"Drivers/STM32F4xx_HAL_Driver/Src/stm32f4xx_hal_uart.o" -o "Drivers/STM32F4xx_HAL_Driver/Src/stm32f4xx_hal_uart.o" "../Drivers/STM32F4xx_HAL_Driver/Src/stm32f4xx_hal_uart.c"
Finished building: ../Drivers/STM32F4xx_HAL_Driver/Src/stm32f4xx_hal_uart.c
 
Building target: LatencyTests.elf
Invoking: MCU GCC Linker
arm-none-eabi-gcc -mcpu=cortex-m4 -mthumb -mfloat-abi=hard -mfpu=fpv4-sp-d16 -specs=nosys.specs -specs=nano.specs -T"../STM32F446ZETx_FLASH.ld" -Wl,-Map=output.map -Wl,--gc-sections -lm -o "LatencyTests.elf" @"objects.list"  
Finished building target: LatencyTests.elf
 
make --no-print-directory post-build
Generating binary and Printing size information:
arm-none-eabi-objcopy -O binary "LatencyTests.elf" "LatencyTests.bin"
arm-none-eabi-size "LatencyTests.elf"
   text	   data	    bss	    dec	    hex	filename
  14732	    184	   2976	  17892	   45e4	LatencyTests.elf
 
22:15:01 **** Incremental Build of configuration Debug for project LatencyTests ****
make all 
Building file: ../Src/main.c
Invoking: MCU GCC Compiler
%cd%
arm-none-eabi-gcc -mcpu=cortex-m4 -mthumb -mfloat-abi=hard -mfpu=fpv4-sp-d16 '-D__weak=__attribute__((weak))' '-D__packed=__attribute__((__packed__))' -DUSE_HAL_DRIVER -DSTM32F446xx -I"D:/Users/Tyler/Documents/STM/Workspace/Latency Tests/LatencyTests/Inc" -I"D:/Users/Tyler/Documents/STM/Workspace/Latency Tests/LatencyTests/Drivers/STM32F4xx_HAL_Driver/Inc" -I"D:/Users/Tyler/Documents/STM/Workspace/Latency Tests/LatencyTests/Drivers/STM32F4xx_HAL_Driver/Inc/Legacy" -I"D:/Users/Tyler/Documents/STM/Workspace/Latency Tests/LatencyTests/Drivers/CMSIS/Device/ST/STM32F4xx/Include" -I"D:/Users/Tyler/Documents/STM/Workspace/Latency Tests/LatencyTests/Drivers/CMSIS/Include" -I"D:/Users/Tyler/Documents/STM/Workspace/Latency Tests/LatencyTests/Inc"  -Og -g3 -Wall -fmessage-length=0 -ffunction-sections -c -fmessage-length=0 -MMD -MP -MF"Src/main.d" -MT"Src/main.o" -o "Src/main.o" "../Src/main.c"
../Src/main.c: In function 'main':
../Src/main.c:158:27: warning: variable 'arrDynamixel' set but not used [-Wunused-but-set-variable]
  Dynamixel_HandleTypeDef* arrDynamixel[12];
                           ^
../Src/main.c: In function 'rt_OneStepWheelMode':
../Src/main.c:521:34: warning: left shift count >= width of type [-Wshift-count-overflow]
    if(((uint64_t)lastTorque & (1 << 63)) != ((uint64_t)arg_Torque & (1 << 63))){
                                  ^
../Src/main.c:521:72: warning: left shift count >= width of type [-Wshift-count-overflow]
    if(((uint64_t)lastTorque & (1 << 63)) != ((uint64_t)arg_Torque & (1 << 63))){
                                                                        ^
../Src/main.c: In function 'rt_OneStepJointMode':
../Src/main.c:587:34: warning: left shift count >= width of type [-Wshift-count-overflow]
    if(((uint64_t)lastTorque & (1 << 63)) != ((uint64_t)arg_Torque & (1 << 63))){
                                  ^
../Src/main.c:587:72: warning: left shift count >= width of type [-Wshift-count-overflow]
    if(((uint64_t)lastTorque & (1 << 63)) != ((uint64_t)arg_Torque & (1 << 63))){
                                                                        ^
Finished building: ../Src/main.c
 
Building target: LatencyTests.elf
Invoking: MCU GCC Linker
arm-none-eabi-gcc -mcpu=cortex-m4 -mthumb -mfloat-abi=hard -mfpu=fpv4-sp-d16 -specs=nosys.specs -specs=nano.specs -T"../STM32F446ZETx_FLASH.ld" -Wl,-Map=output.map -Wl,--gc-sections -lm -o "LatencyTests.elf" @"objects.list"  
Finished building target: LatencyTests.elf
 
make --no-print-directory post-build
Generating binary and Printing size information:
arm-none-eabi-objcopy -O binary "LatencyTests.elf" "LatencyTests.bin"
arm-none-eabi-size "LatencyTests.elf"
   text	   data	    bss	    dec	    hex	filename
  14732	    184	   2976	  17892	   45e4	LatencyTests.elf
 
22:16:20 **** Incremental Build of configuration Debug for project LatencyTests ****
make all 
Building file: ../Src/main.c
Invoking: MCU GCC Compiler
%cd%
arm-none-eabi-gcc -mcpu=cortex-m4 -mthumb -mfloat-abi=hard -mfpu=fpv4-sp-d16 '-D__weak=__attribute__((weak))' '-D__packed=__attribute__((__packed__))' -DUSE_HAL_DRIVER -DSTM32F446xx -I"D:/Users/Tyler/Documents/STM/Workspace/Latency Tests/LatencyTests/Inc" -I"D:/Users/Tyler/Documents/STM/Workspace/Latency Tests/LatencyTests/Drivers/STM32F4xx_HAL_Driver/Inc" -I"D:/Users/Tyler/Documents/STM/Workspace/Latency Tests/LatencyTests/Drivers/STM32F4xx_HAL_Driver/Inc/Legacy" -I"D:/Users/Tyler/Documents/STM/Workspace/Latency Tests/LatencyTests/Drivers/CMSIS/Device/ST/STM32F4xx/Include" -I"D:/Users/Tyler/Documents/STM/Workspace/Latency Tests/LatencyTests/Drivers/CMSIS/Include" -I"D:/Users/Tyler/Documents/STM/Workspace/Latency Tests/LatencyTests/Inc"  -Og -g3 -Wall -fmessage-length=0 -ffunction-sections -c -fmessage-length=0 -MMD -MP -MF"Src/main.d" -MT"Src/main.o" -o "Src/main.o" "../Src/main.c"
../Src/main.c: In function 'main':
../Src/main.c:158:27: warning: variable 'arrDynamixel' set but not used [-Wunused-but-set-variable]
  Dynamixel_HandleTypeDef* arrDynamixel[12];
                           ^
../Src/main.c: In function 'rt_OneStepWheelMode':
../Src/main.c:521:34: warning: left shift count >= width of type [-Wshift-count-overflow]
    if(((uint64_t)lastTorque & (1 << 63)) != ((uint64_t)arg_Torque & (1 << 63))){
                                  ^
../Src/main.c:521:72: warning: left shift count >= width of type [-Wshift-count-overflow]
    if(((uint64_t)lastTorque & (1 << 63)) != ((uint64_t)arg_Torque & (1 << 63))){
                                                                        ^
../Src/main.c: In function 'rt_OneStepJointMode':
../Src/main.c:587:34: warning: left shift count >= width of type [-Wshift-count-overflow]
    if(((uint64_t)lastTorque & (1 << 63)) != ((uint64_t)arg_Torque & (1 << 63))){
                                  ^
../Src/main.c:587:72: warning: left shift count >= width of type [-Wshift-count-overflow]
    if(((uint64_t)lastTorque & (1 << 63)) != ((uint64_t)arg_Torque & (1 << 63))){
                                                                        ^
Finished building: ../Src/main.c
 
Building target: LatencyTests.elf
Invoking: MCU GCC Linker
arm-none-eabi-gcc -mcpu=cortex-m4 -mthumb -mfloat-abi=hard -mfpu=fpv4-sp-d16 -specs=nosys.specs -specs=nano.specs -T"../STM32F446ZETx_FLASH.ld" -Wl,-Map=output.map -Wl,--gc-sections -lm -o "LatencyTests.elf" @"objects.list"  
Finished building target: LatencyTests.elf
 
make --no-print-directory post-build
Generating binary and Printing size information:
arm-none-eabi-objcopy -O binary "LatencyTests.elf" "LatencyTests.bin"
arm-none-eabi-size "LatencyTests.elf"
   text	   data	    bss	    dec	    hex	filename
  14732	    184	   2976	  17892	   45e4	LatencyTests.elf
 
22:19:03 **** Incremental Build of configuration Debug for project LatencyTests ****
make all 
Building file: ../Src/main.c
Invoking: MCU GCC Compiler
%cd%
arm-none-eabi-gcc -mcpu=cortex-m4 -mthumb -mfloat-abi=hard -mfpu=fpv4-sp-d16 '-D__weak=__attribute__((weak))' '-D__packed=__attribute__((__packed__))' -DUSE_HAL_DRIVER -DSTM32F446xx -I"D:/Users/Tyler/Documents/STM/Workspace/Latency Tests/LatencyTests/Inc" -I"D:/Users/Tyler/Documents/STM/Workspace/Latency Tests/LatencyTests/Drivers/STM32F4xx_HAL_Driver/Inc" -I"D:/Users/Tyler/Documents/STM/Workspace/Latency Tests/LatencyTests/Drivers/STM32F4xx_HAL_Driver/Inc/Legacy" -I"D:/Users/Tyler/Documents/STM/Workspace/Latency Tests/LatencyTests/Drivers/CMSIS/Device/ST/STM32F4xx/Include" -I"D:/Users/Tyler/Documents/STM/Workspace/Latency Tests/LatencyTests/Drivers/CMSIS/Include" -I"D:/Users/Tyler/Documents/STM/Workspace/Latency Tests/LatencyTests/Inc"  -Og -g3 -Wall -fmessage-length=0 -ffunction-sections -c -fmessage-length=0 -MMD -MP -MF"Src/main.d" -MT"Src/main.o" -o "Src/main.o" "../Src/main.c"
../Src/main.c: In function 'main':
../Src/main.c:158:27: warning: variable 'arrDynamixel' set but not used [-Wunused-but-set-variable]
  Dynamixel_HandleTypeDef* arrDynamixel[12];
                           ^
../Src/main.c: In function 'rt_OneStepWheelMode':
../Src/main.c:521:34: warning: left shift count >= width of type [-Wshift-count-overflow]
    if(((uint64_t)lastTorque & (1 << 63)) != ((uint64_t)arg_Torque & (1 << 63))){
                                  ^
../Src/main.c:521:72: warning: left shift count >= width of type [-Wshift-count-overflow]
    if(((uint64_t)lastTorque & (1 << 63)) != ((uint64_t)arg_Torque & (1 << 63))){
                                                                        ^
../Src/main.c: In function 'rt_OneStepJointMode':
../Src/main.c:587:34: warning: left shift count >= width of type [-Wshift-count-overflow]
    if(((uint64_t)lastTorque & (1 << 63)) != ((uint64_t)arg_Torque & (1 << 63))){
                                  ^
../Src/main.c:587:72: warning: left shift count >= width of type [-Wshift-count-overflow]
    if(((uint64_t)lastTorque & (1 << 63)) != ((uint64_t)arg_Torque & (1 << 63))){
                                                                        ^
Finished building: ../Src/main.c
 
Building target: LatencyTests.elf
Invoking: MCU GCC Linker
arm-none-eabi-gcc -mcpu=cortex-m4 -mthumb -mfloat-abi=hard -mfpu=fpv4-sp-d16 -specs=nosys.specs -specs=nano.specs -T"../STM32F446ZETx_FLASH.ld" -Wl,-Map=output.map -Wl,--gc-sections -lm -o "LatencyTests.elf" @"objects.list"  
Finished building target: LatencyTests.elf
 
make --no-print-directory post-build
Generating binary and Printing size information:
arm-none-eabi-objcopy -O binary "LatencyTests.elf" "LatencyTests.bin"
arm-none-eabi-size "LatencyTests.elf"
   text	   data	    bss	    dec	    hex	filename
  14732	    184	   2976	  17892	   45e4	LatencyTests.elf
 
22:20:04 **** Incremental Build of configuration Debug for project LatencyTests ****
make all 
Building file: ../Src/main.c
Invoking: MCU GCC Compiler
%cd%
arm-none-eabi-gcc -mcpu=cortex-m4 -mthumb -mfloat-abi=hard -mfpu=fpv4-sp-d16 '-D__weak=__attribute__((weak))' '-D__packed=__attribute__((__packed__))' -DUSE_HAL_DRIVER -DSTM32F446xx -I"D:/Users/Tyler/Documents/STM/Workspace/Latency Tests/LatencyTests/Inc" -I"D:/Users/Tyler/Documents/STM/Workspace/Latency Tests/LatencyTests/Drivers/STM32F4xx_HAL_Driver/Inc" -I"D:/Users/Tyler/Documents/STM/Workspace/Latency Tests/LatencyTests/Drivers/STM32F4xx_HAL_Driver/Inc/Legacy" -I"D:/Users/Tyler/Documents/STM/Workspace/Latency Tests/LatencyTests/Drivers/CMSIS/Device/ST/STM32F4xx/Include" -I"D:/Users/Tyler/Documents/STM/Workspace/Latency Tests/LatencyTests/Drivers/CMSIS/Include" -I"D:/Users/Tyler/Documents/STM/Workspace/Latency Tests/LatencyTests/Inc"  -Og -g3 -Wall -fmessage-length=0 -ffunction-sections -c -fmessage-length=0 -MMD -MP -MF"Src/main.d" -MT"Src/main.o" -o "Src/main.o" "../Src/main.c"
../Src/main.c: In function 'main':
../Src/main.c:158:27: warning: variable 'arrDynamixel' set but not used [-Wunused-but-set-variable]
  Dynamixel_HandleTypeDef* arrDynamixel[12];
                           ^
../Src/main.c: In function 'rt_OneStepWheelMode':
../Src/main.c:521:34: warning: left shift count >= width of type [-Wshift-count-overflow]
    if(((uint64_t)lastTorque & (1 << 63)) != ((uint64_t)arg_Torque & (1 << 63))){
                                  ^
../Src/main.c:521:72: warning: left shift count >= width of type [-Wshift-count-overflow]
    if(((uint64_t)lastTorque & (1 << 63)) != ((uint64_t)arg_Torque & (1 << 63))){
                                                                        ^
../Src/main.c: In function 'rt_OneStepJointMode':
../Src/main.c:587:34: warning: left shift count >= width of type [-Wshift-count-overflow]
    if(((uint64_t)lastTorque & (1 << 63)) != ((uint64_t)arg_Torque & (1 << 63))){
                                  ^
../Src/main.c:587:72: warning: left shift count >= width of type [-Wshift-count-overflow]
    if(((uint64_t)lastTorque & (1 << 63)) != ((uint64_t)arg_Torque & (1 << 63))){
                                                                        ^
Finished building: ../Src/main.c
 
Building target: LatencyTests.elf
Invoking: MCU GCC Linker
arm-none-eabi-gcc -mcpu=cortex-m4 -mthumb -mfloat-abi=hard -mfpu=fpv4-sp-d16 -specs=nosys.specs -specs=nano.specs -T"../STM32F446ZETx_FLASH.ld" -Wl,-Map=output.map -Wl,--gc-sections -lm -o "LatencyTests.elf" @"objects.list"  
Finished building target: LatencyTests.elf
 
make --no-print-directory post-build
Generating binary and Printing size information:
arm-none-eabi-objcopy -O binary "LatencyTests.elf" "LatencyTests.bin"
arm-none-eabi-size "LatencyTests.elf"
   text	   data	    bss	    dec	    hex	filename
  14724	    184	   2976	  17884	   45dc	LatencyTests.elf
 
22:20:15 **** Incremental Build of configuration Debug for project LatencyTests ****
make all 
make: Nothing to be done for `all'.
22:23:07 **** Incremental Build of configuration Debug for project LatencyTests ****
make all 
Building file: ../Src/main.c
Invoking: MCU GCC Compiler
%cd%
arm-none-eabi-gcc -mcpu=cortex-m4 -mthumb -mfloat-abi=hard -mfpu=fpv4-sp-d16 '-D__weak=__attribute__((weak))' '-D__packed=__attribute__((__packed__))' -DUSE_HAL_DRIVER -DSTM32F446xx -I"D:/Users/Tyler/Documents/STM/Workspace/Latency Tests/LatencyTests/Inc" -I"D:/Users/Tyler/Documents/STM/Workspace/Latency Tests/LatencyTests/Drivers/STM32F4xx_HAL_Driver/Inc" -I"D:/Users/Tyler/Documents/STM/Workspace/Latency Tests/LatencyTests/Drivers/STM32F4xx_HAL_Driver/Inc/Legacy" -I"D:/Users/Tyler/Documents/STM/Workspace/Latency Tests/LatencyTests/Drivers/CMSIS/Device/ST/STM32F4xx/Include" -I"D:/Users/Tyler/Documents/STM/Workspace/Latency Tests/LatencyTests/Drivers/CMSIS/Include" -I"D:/Users/Tyler/Documents/STM/Workspace/Latency Tests/LatencyTests/Inc"  -Og -g3 -Wall -fmessage-length=0 -ffunction-sections -c -fmessage-length=0 -MMD -MP -MF"Src/main.d" -MT"Src/main.o" -o "Src/main.o" "../Src/main.c"
../Src/main.c: In function 'main':
../Src/main.c:158:27: warning: variable 'arrDynamixel' set but not used [-Wunused-but-set-variable]
  Dynamixel_HandleTypeDef* arrDynamixel[12];
                           ^
../Src/main.c: In function 'rt_OneStepWheelMode':
../Src/main.c:521:34: warning: left shift count >= width of type [-Wshift-count-overflow]
    if(((uint64_t)lastTorque & (1 << 63)) != ((uint64_t)arg_Torque & (1 << 63))){
                                  ^
../Src/main.c:521:72: warning: left shift count >= width of type [-Wshift-count-overflow]
    if(((uint64_t)lastTorque & (1 << 63)) != ((uint64_t)arg_Torque & (1 << 63))){
                                                                        ^
../Src/main.c: In function 'rt_OneStepJointMode':
../Src/main.c:587:34: warning: left shift count >= width of type [-Wshift-count-overflow]
    if(((uint64_t)lastTorque & (1 << 63)) != ((uint64_t)arg_Torque & (1 << 63))){
                                  ^
../Src/main.c:587:72: warning: left shift count >= width of type [-Wshift-count-overflow]
    if(((uint64_t)lastTorque & (1 << 63)) != ((uint64_t)arg_Torque & (1 << 63))){
                                                                        ^
Finished building: ../Src/main.c
 
Building target: LatencyTests.elf
Invoking: MCU GCC Linker
arm-none-eabi-gcc -mcpu=cortex-m4 -mthumb -mfloat-abi=hard -mfpu=fpv4-sp-d16 -specs=nosys.specs -specs=nano.specs -T"../STM32F446ZETx_FLASH.ld" -Wl,-Map=output.map -Wl,--gc-sections -lm -o "LatencyTests.elf" @"objects.list"  
Finished building target: LatencyTests.elf
 
make --no-print-directory post-build
Generating binary and Printing size information:
arm-none-eabi-objcopy -O binary "LatencyTests.elf" "LatencyTests.bin"
arm-none-eabi-size "LatencyTests.elf"
   text	   data	    bss	    dec	    hex	filename
  14732	    184	   2976	  17892	   45e4	LatencyTests.elf
 
22:23:23 **** Incremental Build of configuration Debug for project LatencyTests ****
make all 
Building file: ../Src/main.c
Invoking: MCU GCC Compiler
%cd%
arm-none-eabi-gcc -mcpu=cortex-m4 -mthumb -mfloat-abi=hard -mfpu=fpv4-sp-d16 '-D__weak=__attribute__((weak))' '-D__packed=__attribute__((__packed__))' -DUSE_HAL_DRIVER -DSTM32F446xx -I"D:/Users/Tyler/Documents/STM/Workspace/Latency Tests/LatencyTests/Inc" -I"D:/Users/Tyler/Documents/STM/Workspace/Latency Tests/LatencyTests/Drivers/STM32F4xx_HAL_Driver/Inc" -I"D:/Users/Tyler/Documents/STM/Workspace/Latency Tests/LatencyTests/Drivers/STM32F4xx_HAL_Driver/Inc/Legacy" -I"D:/Users/Tyler/Documents/STM/Workspace/Latency Tests/LatencyTests/Drivers/CMSIS/Device/ST/STM32F4xx/Include" -I"D:/Users/Tyler/Documents/STM/Workspace/Latency Tests/LatencyTests/Drivers/CMSIS/Include" -I"D:/Users/Tyler/Documents/STM/Workspace/Latency Tests/LatencyTests/Inc"  -Og -g3 -Wall -fmessage-length=0 -ffunction-sections -c -fmessage-length=0 -MMD -MP -MF"Src/main.d" -MT"Src/main.o" -o "Src/main.o" "../Src/main.c"
../Src/main.c: In function 'main':
../Src/main.c:158:27: warning: variable 'arrDynamixel' set but not used [-Wunused-but-set-variable]
  Dynamixel_HandleTypeDef* arrDynamixel[12];
                           ^
../Src/main.c: In function 'rt_OneStepWheelMode':
../Src/main.c:521:34: warning: left shift count >= width of type [-Wshift-count-overflow]
    if(((uint64_t)lastTorque & (1 << 63)) != ((uint64_t)arg_Torque & (1 << 63))){
                                  ^
../Src/main.c:521:72: warning: left shift count >= width of type [-Wshift-count-overflow]
    if(((uint64_t)lastTorque & (1 << 63)) != ((uint64_t)arg_Torque & (1 << 63))){
                                                                        ^
../Src/main.c: In function 'rt_OneStepJointMode':
../Src/main.c:587:34: warning: left shift count >= width of type [-Wshift-count-overflow]
    if(((uint64_t)lastTorque & (1 << 63)) != ((uint64_t)arg_Torque & (1 << 63))){
                                  ^
../Src/main.c:587:72: warning: left shift count >= width of type [-Wshift-count-overflow]
    if(((uint64_t)lastTorque & (1 << 63)) != ((uint64_t)arg_Torque & (1 << 63))){
                                                                        ^
Finished building: ../Src/main.c
 
Building target: LatencyTests.elf
Invoking: MCU GCC Linker
arm-none-eabi-gcc -mcpu=cortex-m4 -mthumb -mfloat-abi=hard -mfpu=fpv4-sp-d16 -specs=nosys.specs -specs=nano.specs -T"../STM32F446ZETx_FLASH.ld" -Wl,-Map=output.map -Wl,--gc-sections -lm -o "LatencyTests.elf" @"objects.list"  
Finished building target: LatencyTests.elf
 
make --no-print-directory post-build
Generating binary and Printing size information:
arm-none-eabi-objcopy -O binary "LatencyTests.elf" "LatencyTests.bin"
arm-none-eabi-size "LatencyTests.elf"
   text	   data	    bss	    dec	    hex	filename
  14732	    184	   2976	  17892	   45e4	LatencyTests.elf
 
22:24:24 **** Incremental Build of configuration Debug for project LatencyTests ****
make all 
Building file: ../Src/main.c
Invoking: MCU GCC Compiler
%cd%
arm-none-eabi-gcc -mcpu=cortex-m4 -mthumb -mfloat-abi=hard -mfpu=fpv4-sp-d16 '-D__weak=__attribute__((weak))' '-D__packed=__attribute__((__packed__))' -DUSE_HAL_DRIVER -DSTM32F446xx -I"D:/Users/Tyler/Documents/STM/Workspace/Latency Tests/LatencyTests/Inc" -I"D:/Users/Tyler/Documents/STM/Workspace/Latency Tests/LatencyTests/Drivers/STM32F4xx_HAL_Driver/Inc" -I"D:/Users/Tyler/Documents/STM/Workspace/Latency Tests/LatencyTests/Drivers/STM32F4xx_HAL_Driver/Inc/Legacy" -I"D:/Users/Tyler/Documents/STM/Workspace/Latency Tests/LatencyTests/Drivers/CMSIS/Device/ST/STM32F4xx/Include" -I"D:/Users/Tyler/Documents/STM/Workspace/Latency Tests/LatencyTests/Drivers/CMSIS/Include" -I"D:/Users/Tyler/Documents/STM/Workspace/Latency Tests/LatencyTests/Inc"  -Og -g3 -Wall -fmessage-length=0 -ffunction-sections -c -fmessage-length=0 -MMD -MP -MF"Src/main.d" -MT"Src/main.o" -o "Src/main.o" "../Src/main.c"
../Src/main.c: In function 'main':
../Src/main.c:158:27: warning: variable 'arrDynamixel' set but not used [-Wunused-but-set-variable]
  Dynamixel_HandleTypeDef* arrDynamixel[12];
                           ^
../Src/main.c: In function 'rt_OneStepWheelMode':
../Src/main.c:521:34: warning: left shift count >= width of type [-Wshift-count-overflow]
    if(((uint64_t)lastTorque & (1 << 63)) != ((uint64_t)arg_Torque & (1 << 63))){
                                  ^
../Src/main.c:521:72: warning: left shift count >= width of type [-Wshift-count-overflow]
    if(((uint64_t)lastTorque & (1 << 63)) != ((uint64_t)arg_Torque & (1 << 63))){
                                                                        ^
../Src/main.c: In function 'rt_OneStepJointMode':
../Src/main.c:587:34: warning: left shift count >= width of type [-Wshift-count-overflow]
    if(((uint64_t)lastTorque & (1 << 63)) != ((uint64_t)arg_Torque & (1 << 63))){
                                  ^
../Src/main.c:587:72: warning: left shift count >= width of type [-Wshift-count-overflow]
    if(((uint64_t)lastTorque & (1 << 63)) != ((uint64_t)arg_Torque & (1 << 63))){
                                                                        ^
Finished building: ../Src/main.c
 
Building target: LatencyTests.elf
Invoking: MCU GCC Linker
arm-none-eabi-gcc -mcpu=cortex-m4 -mthumb -mfloat-abi=hard -mfpu=fpv4-sp-d16 -specs=nosys.specs -specs=nano.specs -T"../STM32F446ZETx_FLASH.ld" -Wl,-Map=output.map -Wl,--gc-sections -lm -o "LatencyTests.elf" @"objects.list"  
Finished building target: LatencyTests.elf
 
make --no-print-directory post-build
Generating binary and Printing size information:
arm-none-eabi-objcopy -O binary "LatencyTests.elf" "LatencyTests.bin"
arm-none-eabi-size "LatencyTests.elf"
   text	   data	    bss	    dec	    hex	filename
  14732	    184	   2976	  17892	   45e4	LatencyTests.elf
 
22:26:15 **** Incremental Build of configuration Debug for project LatencyTests ****
make all 
Building file: ../Src/main.c
Invoking: MCU GCC Compiler
%cd%
arm-none-eabi-gcc -mcpu=cortex-m4 -mthumb -mfloat-abi=hard -mfpu=fpv4-sp-d16 '-D__weak=__attribute__((weak))' '-D__packed=__attribute__((__packed__))' -DUSE_HAL_DRIVER -DSTM32F446xx -I"D:/Users/Tyler/Documents/STM/Workspace/Latency Tests/LatencyTests/Inc" -I"D:/Users/Tyler/Documents/STM/Workspace/Latency Tests/LatencyTests/Drivers/STM32F4xx_HAL_Driver/Inc" -I"D:/Users/Tyler/Documents/STM/Workspace/Latency Tests/LatencyTests/Drivers/STM32F4xx_HAL_Driver/Inc/Legacy" -I"D:/Users/Tyler/Documents/STM/Workspace/Latency Tests/LatencyTests/Drivers/CMSIS/Device/ST/STM32F4xx/Include" -I"D:/Users/Tyler/Documents/STM/Workspace/Latency Tests/LatencyTests/Drivers/CMSIS/Include" -I"D:/Users/Tyler/Documents/STM/Workspace/Latency Tests/LatencyTests/Inc"  -Og -g3 -Wall -fmessage-length=0 -ffunction-sections -c -fmessage-length=0 -MMD -MP -MF"Src/main.d" -MT"Src/main.o" -o "Src/main.o" "../Src/main.c"
../Src/main.c: In function 'main':
../Src/main.c:158:27: warning: variable 'arrDynamixel' set but not used [-Wunused-but-set-variable]
  Dynamixel_HandleTypeDef* arrDynamixel[12];
                           ^
../Src/main.c: In function 'rt_OneStepWheelMode':
../Src/main.c:521:34: warning: left shift count >= width of type [-Wshift-count-overflow]
    if(((uint64_t)lastTorque & (1 << 63)) != ((uint64_t)arg_Torque & (1 << 63))){
                                  ^
../Src/main.c:521:72: warning: left shift count >= width of type [-Wshift-count-overflow]
    if(((uint64_t)lastTorque & (1 << 63)) != ((uint64_t)arg_Torque & (1 << 63))){
                                                                        ^
../Src/main.c: In function 'rt_OneStepJointMode':
../Src/main.c:587:34: warning: left shift count >= width of type [-Wshift-count-overflow]
    if(((uint64_t)lastTorque & (1 << 63)) != ((uint64_t)arg_Torque & (1 << 63))){
                                  ^
../Src/main.c:587:72: warning: left shift count >= width of type [-Wshift-count-overflow]
    if(((uint64_t)lastTorque & (1 << 63)) != ((uint64_t)arg_Torque & (1 << 63))){
                                                                        ^
Finished building: ../Src/main.c
 
Building target: LatencyTests.elf
Invoking: MCU GCC Linker
arm-none-eabi-gcc -mcpu=cortex-m4 -mthumb -mfloat-abi=hard -mfpu=fpv4-sp-d16 -specs=nosys.specs -specs=nano.specs -T"../STM32F446ZETx_FLASH.ld" -Wl,-Map=output.map -Wl,--gc-sections -lm -o "LatencyTests.elf" @"objects.list"  
Finished building target: LatencyTests.elf
 
make --no-print-directory post-build
Generating binary and Printing size information:
arm-none-eabi-objcopy -O binary "LatencyTests.elf" "LatencyTests.bin"
arm-none-eabi-size "LatencyTests.elf"
   text	   data	    bss	    dec	    hex	filename
  14740	    184	   2976	  17900	   45ec	LatencyTests.elf
 
22:27:36 **** Incremental Build of configuration Debug for project LatencyTests ****
make all 
Building file: ../Src/main.c
Invoking: MCU GCC Compiler
%cd%
arm-none-eabi-gcc -mcpu=cortex-m4 -mthumb -mfloat-abi=hard -mfpu=fpv4-sp-d16 '-D__weak=__attribute__((weak))' '-D__packed=__attribute__((__packed__))' -DUSE_HAL_DRIVER -DSTM32F446xx -I"D:/Users/Tyler/Documents/STM/Workspace/Latency Tests/LatencyTests/Inc" -I"D:/Users/Tyler/Documents/STM/Workspace/Latency Tests/LatencyTests/Drivers/STM32F4xx_HAL_Driver/Inc" -I"D:/Users/Tyler/Documents/STM/Workspace/Latency Tests/LatencyTests/Drivers/STM32F4xx_HAL_Driver/Inc/Legacy" -I"D:/Users/Tyler/Documents/STM/Workspace/Latency Tests/LatencyTests/Drivers/CMSIS/Device/ST/STM32F4xx/Include" -I"D:/Users/Tyler/Documents/STM/Workspace/Latency Tests/LatencyTests/Drivers/CMSIS/Include" -I"D:/Users/Tyler/Documents/STM/Workspace/Latency Tests/LatencyTests/Inc"  -Og -g3 -Wall -fmessage-length=0 -ffunction-sections -c -fmessage-length=0 -MMD -MP -MF"Src/main.d" -MT"Src/main.o" -o "Src/main.o" "../Src/main.c"
../Src/main.c: In function 'main':
../Src/main.c:158:27: warning: variable 'arrDynamixel' set but not used [-Wunused-but-set-variable]
  Dynamixel_HandleTypeDef* arrDynamixel[12];
                           ^
../Src/main.c: In function 'rt_OneStepWheelMode':
../Src/main.c:521:34: warning: left shift count >= width of type [-Wshift-count-overflow]
    if(((uint64_t)lastTorque & (1 << 63)) != ((uint64_t)arg_Torque & (1 << 63))){
                                  ^
../Src/main.c:521:72: warning: left shift count >= width of type [-Wshift-count-overflow]
    if(((uint64_t)lastTorque & (1 << 63)) != ((uint64_t)arg_Torque & (1 << 63))){
                                                                        ^
../Src/main.c: In function 'rt_OneStepJointMode':
../Src/main.c:587:34: warning: left shift count >= width of type [-Wshift-count-overflow]
    if(((uint64_t)lastTorque & (1 << 63)) != ((uint64_t)arg_Torque & (1 << 63))){
                                  ^
../Src/main.c:587:72: warning: left shift count >= width of type [-Wshift-count-overflow]
    if(((uint64_t)lastTorque & (1 << 63)) != ((uint64_t)arg_Torque & (1 << 63))){
                                                                        ^
Finished building: ../Src/main.c
 
Building file: ../Src/stm32f4xx_hal_msp.c
Invoking: MCU GCC Compiler
%cd%
arm-none-eabi-gcc -mcpu=cortex-m4 -mthumb -mfloat-abi=hard -mfpu=fpv4-sp-d16 '-D__weak=__attribute__((weak))' '-D__packed=__attribute__((__packed__))' -DUSE_HAL_DRIVER -DSTM32F446xx -I"D:/Users/Tyler/Documents/STM/Workspace/Latency Tests/LatencyTests/Inc" -I"D:/Users/Tyler/Documents/STM/Workspace/Latency Tests/LatencyTests/Drivers/STM32F4xx_HAL_Driver/Inc" -I"D:/Users/Tyler/Documents/STM/Workspace/Latency Tests/LatencyTests/Drivers/STM32F4xx_HAL_Driver/Inc/Legacy" -I"D:/Users/Tyler/Documents/STM/Workspace/Latency Tests/LatencyTests/Drivers/CMSIS/Device/ST/STM32F4xx/Include" -I"D:/Users/Tyler/Documents/STM/Workspace/Latency Tests/LatencyTests/Drivers/CMSIS/Include" -I"D:/Users/Tyler/Documents/STM/Workspace/Latency Tests/LatencyTests/Inc"  -Og -g3 -Wall -fmessage-length=0 -ffunction-sections -c -fmessage-length=0 -MMD -MP -MF"Src/stm32f4xx_hal_msp.d" -MT"Src/stm32f4xx_hal_msp.o" -o "Src/stm32f4xx_hal_msp.o" "../Src/stm32f4xx_hal_msp.c"
Finished building: ../Src/stm32f4xx_hal_msp.c
 
Building file: ../Src/stm32f4xx_it.c
Invoking: MCU GCC Compiler
%cd%
arm-none-eabi-gcc -mcpu=cortex-m4 -mthumb -mfloat-abi=hard -mfpu=fpv4-sp-d16 '-D__weak=__attribute__((weak))' '-D__packed=__attribute__((__packed__))' -DUSE_HAL_DRIVER -DSTM32F446xx -I"D:/Users/Tyler/Documents/STM/Workspace/Latency Tests/LatencyTests/Inc" -I"D:/Users/Tyler/Documents/STM/Workspace/Latency Tests/LatencyTests/Drivers/STM32F4xx_HAL_Driver/Inc" -I"D:/Users/Tyler/Documents/STM/Workspace/Latency Tests/LatencyTests/Drivers/STM32F4xx_HAL_Driver/Inc/Legacy" -I"D:/Users/Tyler/Documents/STM/Workspace/Latency Tests/LatencyTests/Drivers/CMSIS/Device/ST/STM32F4xx/Include" -I"D:/Users/Tyler/Documents/STM/Workspace/Latency Tests/LatencyTests/Drivers/CMSIS/Include" -I"D:/Users/Tyler/Documents/STM/Workspace/Latency Tests/LatencyTests/Inc"  -Og -g3 -Wall -fmessage-length=0 -ffunction-sections -c -fmessage-length=0 -MMD -MP -MF"Src/stm32f4xx_it.d" -MT"Src/stm32f4xx_it.o" -o "Src/stm32f4xx_it.o" "../Src/stm32f4xx_it.c"
Finished building: ../Src/stm32f4xx_it.c
 
Building file: ../Src/system_stm32f4xx.c
Invoking: MCU GCC Compiler
%cd%
arm-none-eabi-gcc -mcpu=cortex-m4 -mthumb -mfloat-abi=hard -mfpu=fpv4-sp-d16 '-D__weak=__attribute__((weak))' '-D__packed=__attribute__((__packed__))' -DUSE_HAL_DRIVER -DSTM32F446xx -I"D:/Users/Tyler/Documents/STM/Workspace/Latency Tests/LatencyTests/Inc" -I"D:/Users/Tyler/Documents/STM/Workspace/Latency Tests/LatencyTests/Drivers/STM32F4xx_HAL_Driver/Inc" -I"D:/Users/Tyler/Documents/STM/Workspace/Latency Tests/LatencyTests/Drivers/STM32F4xx_HAL_Driver/Inc/Legacy" -I"D:/Users/Tyler/Documents/STM/Workspace/Latency Tests/LatencyTests/Drivers/CMSIS/Device/ST/STM32F4xx/Include" -I"D:/Users/Tyler/Documents/STM/Workspace/Latency Tests/LatencyTests/Drivers/CMSIS/Include" -I"D:/Users/Tyler/Documents/STM/Workspace/Latency Tests/LatencyTests/Inc"  -Og -g3 -Wall -fmessage-length=0 -ffunction-sections -c -fmessage-length=0 -MMD -MP -MF"Src/system_stm32f4xx.d" -MT"Src/system_stm32f4xx.o" -o "Src/system_stm32f4xx.o" "../Src/system_stm32f4xx.c"
Finished building: ../Src/system_stm32f4xx.c
 
Building file: ../Drivers/STM32F4xx_HAL_Driver/Src/stm32f4xx_hal.c
Invoking: MCU GCC Compiler
%cd%
arm-none-eabi-gcc -mcpu=cortex-m4 -mthumb -mfloat-abi=hard -mfpu=fpv4-sp-d16 '-D__weak=__attribute__((weak))' '-D__packed=__attribute__((__packed__))' -DUSE_HAL_DRIVER -DSTM32F446xx -I"D:/Users/Tyler/Documents/STM/Workspace/Latency Tests/LatencyTests/Inc" -I"D:/Users/Tyler/Documents/STM/Workspace/Latency Tests/LatencyTests/Drivers/STM32F4xx_HAL_Driver/Inc" -I"D:/Users/Tyler/Documents/STM/Workspace/Latency Tests/LatencyTests/Drivers/STM32F4xx_HAL_Driver/Inc/Legacy" -I"D:/Users/Tyler/Documents/STM/Workspace/Latency Tests/LatencyTests/Drivers/CMSIS/Device/ST/STM32F4xx/Include" -I"D:/Users/Tyler/Documents/STM/Workspace/Latency Tests/LatencyTests/Drivers/CMSIS/Include" -I"D:/Users/Tyler/Documents/STM/Workspace/Latency Tests/LatencyTests/Inc"  -Og -g3 -Wall -fmessage-length=0 -ffunction-sections -c -fmessage-length=0 -MMD -MP -MF"Drivers/STM32F4xx_HAL_Driver/Src/stm32f4xx_hal.d" -MT"Drivers/STM32F4xx_HAL_Driver/Src/stm32f4xx_hal.o" -o "Drivers/STM32F4xx_HAL_Driver/Src/stm32f4xx_hal.o" "../Drivers/STM32F4xx_HAL_Driver/Src/stm32f4xx_hal.c"
Finished building: ../Drivers/STM32F4xx_HAL_Driver/Src/stm32f4xx_hal.c
 
Building file: ../Drivers/STM32F4xx_HAL_Driver/Src/stm32f4xx_hal_cortex.c
Invoking: MCU GCC Compiler
%cd%
arm-none-eabi-gcc -mcpu=cortex-m4 -mthumb -mfloat-abi=hard -mfpu=fpv4-sp-d16 '-D__weak=__attribute__((weak))' '-D__packed=__attribute__((__packed__))' -DUSE_HAL_DRIVER -DSTM32F446xx -I"D:/Users/Tyler/Documents/STM/Workspace/Latency Tests/LatencyTests/Inc" -I"D:/Users/Tyler/Documents/STM/Workspace/Latency Tests/LatencyTests/Drivers/STM32F4xx_HAL_Driver/Inc" -I"D:/Users/Tyler/Documents/STM/Workspace/Latency Tests/LatencyTests/Drivers/STM32F4xx_HAL_Driver/Inc/Legacy" -I"D:/Users/Tyler/Documents/STM/Workspace/Latency Tests/LatencyTests/Drivers/CMSIS/Device/ST/STM32F4xx/Include" -I"D:/Users/Tyler/Documents/STM/Workspace/Latency Tests/LatencyTests/Drivers/CMSIS/Include" -I"D:/Users/Tyler/Documents/STM/Workspace/Latency Tests/LatencyTests/Inc"  -Og -g3 -Wall -fmessage-length=0 -ffunction-sections -c -fmessage-length=0 -MMD -MP -MF"Drivers/STM32F4xx_HAL_Driver/Src/stm32f4xx_hal_cortex.d" -MT"Drivers/STM32F4xx_HAL_Driver/Src/stm32f4xx_hal_cortex.o" -o "Drivers/STM32F4xx_HAL_Driver/Src/stm32f4xx_hal_cortex.o" "../Drivers/STM32F4xx_HAL_Driver/Src/stm32f4xx_hal_cortex.c"
Finished building: ../Drivers/STM32F4xx_HAL_Driver/Src/stm32f4xx_hal_cortex.c
 
Building file: ../Drivers/STM32F4xx_HAL_Driver/Src/stm32f4xx_hal_dma.c
Invoking: MCU GCC Compiler
%cd%
arm-none-eabi-gcc -mcpu=cortex-m4 -mthumb -mfloat-abi=hard -mfpu=fpv4-sp-d16 '-D__weak=__attribute__((weak))' '-D__packed=__attribute__((__packed__))' -DUSE_HAL_DRIVER -DSTM32F446xx -I"D:/Users/Tyler/Documents/STM/Workspace/Latency Tests/LatencyTests/Inc" -I"D:/Users/Tyler/Documents/STM/Workspace/Latency Tests/LatencyTests/Drivers/STM32F4xx_HAL_Driver/Inc" -I"D:/Users/Tyler/Documents/STM/Workspace/Latency Tests/LatencyTests/Drivers/STM32F4xx_HAL_Driver/Inc/Legacy" -I"D:/Users/Tyler/Documents/STM/Workspace/Latency Tests/LatencyTests/Drivers/CMSIS/Device/ST/STM32F4xx/Include" -I"D:/Users/Tyler/Documents/STM/Workspace/Latency Tests/LatencyTests/Drivers/CMSIS/Include" -I"D:/Users/Tyler/Documents/STM/Workspace/Latency Tests/LatencyTests/Inc"  -Og -g3 -Wall -fmessage-length=0 -ffunction-sections -c -fmessage-length=0 -MMD -MP -MF"Drivers/STM32F4xx_HAL_Driver/Src/stm32f4xx_hal_dma.d" -MT"Drivers/STM32F4xx_HAL_Driver/Src/stm32f4xx_hal_dma.o" -o "Drivers/STM32F4xx_HAL_Driver/Src/stm32f4xx_hal_dma.o" "../Drivers/STM32F4xx_HAL_Driver/Src/stm32f4xx_hal_dma.c"
Finished building: ../Drivers/STM32F4xx_HAL_Driver/Src/stm32f4xx_hal_dma.c
 
Building file: ../Drivers/STM32F4xx_HAL_Driver/Src/stm32f4xx_hal_dma_ex.c
Invoking: MCU GCC Compiler
%cd%
arm-none-eabi-gcc -mcpu=cortex-m4 -mthumb -mfloat-abi=hard -mfpu=fpv4-sp-d16 '-D__weak=__attribute__((weak))' '-D__packed=__attribute__((__packed__))' -DUSE_HAL_DRIVER -DSTM32F446xx -I"D:/Users/Tyler/Documents/STM/Workspace/Latency Tests/LatencyTests/Inc" -I"D:/Users/Tyler/Documents/STM/Workspace/Latency Tests/LatencyTests/Drivers/STM32F4xx_HAL_Driver/Inc" -I"D:/Users/Tyler/Documents/STM/Workspace/Latency Tests/LatencyTests/Drivers/STM32F4xx_HAL_Driver/Inc/Legacy" -I"D:/Users/Tyler/Documents/STM/Workspace/Latency Tests/LatencyTests/Drivers/CMSIS/Device/ST/STM32F4xx/Include" -I"D:/Users/Tyler/Documents/STM/Workspace/Latency Tests/LatencyTests/Drivers/CMSIS/Include" -I"D:/Users/Tyler/Documents/STM/Workspace/Latency Tests/LatencyTests/Inc"  -Og -g3 -Wall -fmessage-length=0 -ffunction-sections -c -fmessage-length=0 -MMD -MP -MF"Drivers/STM32F4xx_HAL_Driver/Src/stm32f4xx_hal_dma_ex.d" -MT"Drivers/STM32F4xx_HAL_Driver/Src/stm32f4xx_hal_dma_ex.o" -o "Drivers/STM32F4xx_HAL_Driver/Src/stm32f4xx_hal_dma_ex.o" "../Drivers/STM32F4xx_HAL_Driver/Src/stm32f4xx_hal_dma_ex.c"
Finished building: ../Drivers/STM32F4xx_HAL_Driver/Src/stm32f4xx_hal_dma_ex.c
 
Building file: ../Drivers/STM32F4xx_HAL_Driver/Src/stm32f4xx_hal_flash.c
Invoking: MCU GCC Compiler
%cd%
arm-none-eabi-gcc -mcpu=cortex-m4 -mthumb -mfloat-abi=hard -mfpu=fpv4-sp-d16 '-D__weak=__attribute__((weak))' '-D__packed=__attribute__((__packed__))' -DUSE_HAL_DRIVER -DSTM32F446xx -I"D:/Users/Tyler/Documents/STM/Workspace/Latency Tests/LatencyTests/Inc" -I"D:/Users/Tyler/Documents/STM/Workspace/Latency Tests/LatencyTests/Drivers/STM32F4xx_HAL_Driver/Inc" -I"D:/Users/Tyler/Documents/STM/Workspace/Latency Tests/LatencyTests/Drivers/STM32F4xx_HAL_Driver/Inc/Legacy" -I"D:/Users/Tyler/Documents/STM/Workspace/Latency Tests/LatencyTests/Drivers/CMSIS/Device/ST/STM32F4xx/Include" -I"D:/Users/Tyler/Documents/STM/Workspace/Latency Tests/LatencyTests/Drivers/CMSIS/Include" -I"D:/Users/Tyler/Documents/STM/Workspace/Latency Tests/LatencyTests/Inc"  -Og -g3 -Wall -fmessage-length=0 -ffunction-sections -c -fmessage-length=0 -MMD -MP -MF"Drivers/STM32F4xx_HAL_Driver/Src/stm32f4xx_hal_flash.d" -MT"Drivers/STM32F4xx_HAL_Driver/Src/stm32f4xx_hal_flash.o" -o "Drivers/STM32F4xx_HAL_Driver/Src/stm32f4xx_hal_flash.o" "../Drivers/STM32F4xx_HAL_Driver/Src/stm32f4xx_hal_flash.c"
Finished building: ../Drivers/STM32F4xx_HAL_Driver/Src/stm32f4xx_hal_flash.c
 
Building file: ../Drivers/STM32F4xx_HAL_Driver/Src/stm32f4xx_hal_flash_ex.c
Invoking: MCU GCC Compiler
%cd%
arm-none-eabi-gcc -mcpu=cortex-m4 -mthumb -mfloat-abi=hard -mfpu=fpv4-sp-d16 '-D__weak=__attribute__((weak))' '-D__packed=__attribute__((__packed__))' -DUSE_HAL_DRIVER -DSTM32F446xx -I"D:/Users/Tyler/Documents/STM/Workspace/Latency Tests/LatencyTests/Inc" -I"D:/Users/Tyler/Documents/STM/Workspace/Latency Tests/LatencyTests/Drivers/STM32F4xx_HAL_Driver/Inc" -I"D:/Users/Tyler/Documents/STM/Workspace/Latency Tests/LatencyTests/Drivers/STM32F4xx_HAL_Driver/Inc/Legacy" -I"D:/Users/Tyler/Documents/STM/Workspace/Latency Tests/LatencyTests/Drivers/CMSIS/Device/ST/STM32F4xx/Include" -I"D:/Users/Tyler/Documents/STM/Workspace/Latency Tests/LatencyTests/Drivers/CMSIS/Include" -I"D:/Users/Tyler/Documents/STM/Workspace/Latency Tests/LatencyTests/Inc"  -Og -g3 -Wall -fmessage-length=0 -ffunction-sections -c -fmessage-length=0 -MMD -MP -MF"Drivers/STM32F4xx_HAL_Driver/Src/stm32f4xx_hal_flash_ex.d" -MT"Drivers/STM32F4xx_HAL_Driver/Src/stm32f4xx_hal_flash_ex.o" -o "Drivers/STM32F4xx_HAL_Driver/Src/stm32f4xx_hal_flash_ex.o" "../Drivers/STM32F4xx_HAL_Driver/Src/stm32f4xx_hal_flash_ex.c"
Finished building: ../Drivers/STM32F4xx_HAL_Driver/Src/stm32f4xx_hal_flash_ex.c
 
Building file: ../Drivers/STM32F4xx_HAL_Driver/Src/stm32f4xx_hal_flash_ramfunc.c
Invoking: MCU GCC Compiler
%cd%
arm-none-eabi-gcc -mcpu=cortex-m4 -mthumb -mfloat-abi=hard -mfpu=fpv4-sp-d16 '-D__weak=__attribute__((weak))' '-D__packed=__attribute__((__packed__))' -DUSE_HAL_DRIVER -DSTM32F446xx -I"D:/Users/Tyler/Documents/STM/Workspace/Latency Tests/LatencyTests/Inc" -I"D:/Users/Tyler/Documents/STM/Workspace/Latency Tests/LatencyTests/Drivers/STM32F4xx_HAL_Driver/Inc" -I"D:/Users/Tyler/Documents/STM/Workspace/Latency Tests/LatencyTests/Drivers/STM32F4xx_HAL_Driver/Inc/Legacy" -I"D:/Users/Tyler/Documents/STM/Workspace/Latency Tests/LatencyTests/Drivers/CMSIS/Device/ST/STM32F4xx/Include" -I"D:/Users/Tyler/Documents/STM/Workspace/Latency Tests/LatencyTests/Drivers/CMSIS/Include" -I"D:/Users/Tyler/Documents/STM/Workspace/Latency Tests/LatencyTests/Inc"  -Og -g3 -Wall -fmessage-length=0 -ffunction-sections -c -fmessage-length=0 -MMD -MP -MF"Drivers/STM32F4xx_HAL_Driver/Src/stm32f4xx_hal_flash_ramfunc.d" -MT"Drivers/STM32F4xx_HAL_Driver/Src/stm32f4xx_hal_flash_ramfunc.o" -o "Drivers/STM32F4xx_HAL_Driver/Src/stm32f4xx_hal_flash_ramfunc.o" "../Drivers/STM32F4xx_HAL_Driver/Src/stm32f4xx_hal_flash_ramfunc.c"
Finished building: ../Drivers/STM32F4xx_HAL_Driver/Src/stm32f4xx_hal_flash_ramfunc.c
 
Building file: ../Drivers/STM32F4xx_HAL_Driver/Src/stm32f4xx_hal_gpio.c
Invoking: MCU GCC Compiler
%cd%
arm-none-eabi-gcc -mcpu=cortex-m4 -mthumb -mfloat-abi=hard -mfpu=fpv4-sp-d16 '-D__weak=__attribute__((weak))' '-D__packed=__attribute__((__packed__))' -DUSE_HAL_DRIVER -DSTM32F446xx -I"D:/Users/Tyler/Documents/STM/Workspace/Latency Tests/LatencyTests/Inc" -I"D:/Users/Tyler/Documents/STM/Workspace/Latency Tests/LatencyTests/Drivers/STM32F4xx_HAL_Driver/Inc" -I"D:/Users/Tyler/Documents/STM/Workspace/Latency Tests/LatencyTests/Drivers/STM32F4xx_HAL_Driver/Inc/Legacy" -I"D:/Users/Tyler/Documents/STM/Workspace/Latency Tests/LatencyTests/Drivers/CMSIS/Device/ST/STM32F4xx/Include" -I"D:/Users/Tyler/Documents/STM/Workspace/Latency Tests/LatencyTests/Drivers/CMSIS/Include" -I"D:/Users/Tyler/Documents/STM/Workspace/Latency Tests/LatencyTests/Inc"  -Og -g3 -Wall -fmessage-length=0 -ffunction-sections -c -fmessage-length=0 -MMD -MP -MF"Drivers/STM32F4xx_HAL_Driver/Src/stm32f4xx_hal_gpio.d" -MT"Drivers/STM32F4xx_HAL_Driver/Src/stm32f4xx_hal_gpio.o" -o "Drivers/STM32F4xx_HAL_Driver/Src/stm32f4xx_hal_gpio.o" "../Drivers/STM32F4xx_HAL_Driver/Src/stm32f4xx_hal_gpio.c"
Finished building: ../Drivers/STM32F4xx_HAL_Driver/Src/stm32f4xx_hal_gpio.c
 
Building file: ../Drivers/STM32F4xx_HAL_Driver/Src/stm32f4xx_hal_pwr.c
Invoking: MCU GCC Compiler
%cd%
arm-none-eabi-gcc -mcpu=cortex-m4 -mthumb -mfloat-abi=hard -mfpu=fpv4-sp-d16 '-D__weak=__attribute__((weak))' '-D__packed=__attribute__((__packed__))' -DUSE_HAL_DRIVER -DSTM32F446xx -I"D:/Users/Tyler/Documents/STM/Workspace/Latency Tests/LatencyTests/Inc" -I"D:/Users/Tyler/Documents/STM/Workspace/Latency Tests/LatencyTests/Drivers/STM32F4xx_HAL_Driver/Inc" -I"D:/Users/Tyler/Documents/STM/Workspace/Latency Tests/LatencyTests/Drivers/STM32F4xx_HAL_Driver/Inc/Legacy" -I"D:/Users/Tyler/Documents/STM/Workspace/Latency Tests/LatencyTests/Drivers/CMSIS/Device/ST/STM32F4xx/Include" -I"D:/Users/Tyler/Documents/STM/Workspace/Latency Tests/LatencyTests/Drivers/CMSIS/Include" -I"D:/Users/Tyler/Documents/STM/Workspace/Latency Tests/LatencyTests/Inc"  -Og -g3 -Wall -fmessage-length=0 -ffunction-sections -c -fmessage-length=0 -MMD -MP -MF"Drivers/STM32F4xx_HAL_Driver/Src/stm32f4xx_hal_pwr.d" -MT"Drivers/STM32F4xx_HAL_Driver/Src/stm32f4xx_hal_pwr.o" -o "Drivers/STM32F4xx_HAL_Driver/Src/stm32f4xx_hal_pwr.o" "../Drivers/STM32F4xx_HAL_Driver/Src/stm32f4xx_hal_pwr.c"
Finished building: ../Drivers/STM32F4xx_HAL_Driver/Src/stm32f4xx_hal_pwr.c
 
Building file: ../Drivers/STM32F4xx_HAL_Driver/Src/stm32f4xx_hal_pwr_ex.c
Invoking: MCU GCC Compiler
%cd%
arm-none-eabi-gcc -mcpu=cortex-m4 -mthumb -mfloat-abi=hard -mfpu=fpv4-sp-d16 '-D__weak=__attribute__((weak))' '-D__packed=__attribute__((__packed__))' -DUSE_HAL_DRIVER -DSTM32F446xx -I"D:/Users/Tyler/Documents/STM/Workspace/Latency Tests/LatencyTests/Inc" -I"D:/Users/Tyler/Documents/STM/Workspace/Latency Tests/LatencyTests/Drivers/STM32F4xx_HAL_Driver/Inc" -I"D:/Users/Tyler/Documents/STM/Workspace/Latency Tests/LatencyTests/Drivers/STM32F4xx_HAL_Driver/Inc/Legacy" -I"D:/Users/Tyler/Documents/STM/Workspace/Latency Tests/LatencyTests/Drivers/CMSIS/Device/ST/STM32F4xx/Include" -I"D:/Users/Tyler/Documents/STM/Workspace/Latency Tests/LatencyTests/Drivers/CMSIS/Include" -I"D:/Users/Tyler/Documents/STM/Workspace/Latency Tests/LatencyTests/Inc"  -Og -g3 -Wall -fmessage-length=0 -ffunction-sections -c -fmessage-length=0 -MMD -MP -MF"Drivers/STM32F4xx_HAL_Driver/Src/stm32f4xx_hal_pwr_ex.d" -MT"Drivers/STM32F4xx_HAL_Driver/Src/stm32f4xx_hal_pwr_ex.o" -o "Drivers/STM32F4xx_HAL_Driver/Src/stm32f4xx_hal_pwr_ex.o" "../Drivers/STM32F4xx_HAL_Driver/Src/stm32f4xx_hal_pwr_ex.c"
Finished building: ../Drivers/STM32F4xx_HAL_Driver/Src/stm32f4xx_hal_pwr_ex.c
 
Building file: ../Drivers/STM32F4xx_HAL_Driver/Src/stm32f4xx_hal_rcc.c
Invoking: MCU GCC Compiler
%cd%
arm-none-eabi-gcc -mcpu=cortex-m4 -mthumb -mfloat-abi=hard -mfpu=fpv4-sp-d16 '-D__weak=__attribute__((weak))' '-D__packed=__attribute__((__packed__))' -DUSE_HAL_DRIVER -DSTM32F446xx -I"D:/Users/Tyler/Documents/STM/Workspace/Latency Tests/LatencyTests/Inc" -I"D:/Users/Tyler/Documents/STM/Workspace/Latency Tests/LatencyTests/Drivers/STM32F4xx_HAL_Driver/Inc" -I"D:/Users/Tyler/Documents/STM/Workspace/Latency Tests/LatencyTests/Drivers/STM32F4xx_HAL_Driver/Inc/Legacy" -I"D:/Users/Tyler/Documents/STM/Workspace/Latency Tests/LatencyTests/Drivers/CMSIS/Device/ST/STM32F4xx/Include" -I"D:/Users/Tyler/Documents/STM/Workspace/Latency Tests/LatencyTests/Drivers/CMSIS/Include" -I"D:/Users/Tyler/Documents/STM/Workspace/Latency Tests/LatencyTests/Inc"  -Og -g3 -Wall -fmessage-length=0 -ffunction-sections -c -fmessage-length=0 -MMD -MP -MF"Drivers/STM32F4xx_HAL_Driver/Src/stm32f4xx_hal_rcc.d" -MT"Drivers/STM32F4xx_HAL_Driver/Src/stm32f4xx_hal_rcc.o" -o "Drivers/STM32F4xx_HAL_Driver/Src/stm32f4xx_hal_rcc.o" "../Drivers/STM32F4xx_HAL_Driver/Src/stm32f4xx_hal_rcc.c"
Finished building: ../Drivers/STM32F4xx_HAL_Driver/Src/stm32f4xx_hal_rcc.c
 
Building file: ../Drivers/STM32F4xx_HAL_Driver/Src/stm32f4xx_hal_rcc_ex.c
Invoking: MCU GCC Compiler
%cd%
arm-none-eabi-gcc -mcpu=cortex-m4 -mthumb -mfloat-abi=hard -mfpu=fpv4-sp-d16 '-D__weak=__attribute__((weak))' '-D__packed=__attribute__((__packed__))' -DUSE_HAL_DRIVER -DSTM32F446xx -I"D:/Users/Tyler/Documents/STM/Workspace/Latency Tests/LatencyTests/Inc" -I"D:/Users/Tyler/Documents/STM/Workspace/Latency Tests/LatencyTests/Drivers/STM32F4xx_HAL_Driver/Inc" -I"D:/Users/Tyler/Documents/STM/Workspace/Latency Tests/LatencyTests/Drivers/STM32F4xx_HAL_Driver/Inc/Legacy" -I"D:/Users/Tyler/Documents/STM/Workspace/Latency Tests/LatencyTests/Drivers/CMSIS/Device/ST/STM32F4xx/Include" -I"D:/Users/Tyler/Documents/STM/Workspace/Latency Tests/LatencyTests/Drivers/CMSIS/Include" -I"D:/Users/Tyler/Documents/STM/Workspace/Latency Tests/LatencyTests/Inc"  -Og -g3 -Wall -fmessage-length=0 -ffunction-sections -c -fmessage-length=0 -MMD -MP -MF"Drivers/STM32F4xx_HAL_Driver/Src/stm32f4xx_hal_rcc_ex.d" -MT"Drivers/STM32F4xx_HAL_Driver/Src/stm32f4xx_hal_rcc_ex.o" -o "Drivers/STM32F4xx_HAL_Driver/Src/stm32f4xx_hal_rcc_ex.o" "../Drivers/STM32F4xx_HAL_Driver/Src/stm32f4xx_hal_rcc_ex.c"
Finished building: ../Drivers/STM32F4xx_HAL_Driver/Src/stm32f4xx_hal_rcc_ex.c
 
Building file: ../Drivers/STM32F4xx_HAL_Driver/Src/stm32f4xx_hal_tim.c
Invoking: MCU GCC Compiler
%cd%
arm-none-eabi-gcc -mcpu=cortex-m4 -mthumb -mfloat-abi=hard -mfpu=fpv4-sp-d16 '-D__weak=__attribute__((weak))' '-D__packed=__attribute__((__packed__))' -DUSE_HAL_DRIVER -DSTM32F446xx -I"D:/Users/Tyler/Documents/STM/Workspace/Latency Tests/LatencyTests/Inc" -I"D:/Users/Tyler/Documents/STM/Workspace/Latency Tests/LatencyTests/Drivers/STM32F4xx_HAL_Driver/Inc" -I"D:/Users/Tyler/Documents/STM/Workspace/Latency Tests/LatencyTests/Drivers/STM32F4xx_HAL_Driver/Inc/Legacy" -I"D:/Users/Tyler/Documents/STM/Workspace/Latency Tests/LatencyTests/Drivers/CMSIS/Device/ST/STM32F4xx/Include" -I"D:/Users/Tyler/Documents/STM/Workspace/Latency Tests/LatencyTests/Drivers/CMSIS/Include" -I"D:/Users/Tyler/Documents/STM/Workspace/Latency Tests/LatencyTests/Inc"  -Og -g3 -Wall -fmessage-length=0 -ffunction-sections -c -fmessage-length=0 -MMD -MP -MF"Drivers/STM32F4xx_HAL_Driver/Src/stm32f4xx_hal_tim.d" -MT"Drivers/STM32F4xx_HAL_Driver/Src/stm32f4xx_hal_tim.o" -o "Drivers/STM32F4xx_HAL_Driver/Src/stm32f4xx_hal_tim.o" "../Drivers/STM32F4xx_HAL_Driver/Src/stm32f4xx_hal_tim.c"
Finished building: ../Drivers/STM32F4xx_HAL_Driver/Src/stm32f4xx_hal_tim.c
 
Building file: ../Drivers/STM32F4xx_HAL_Driver/Src/stm32f4xx_hal_tim_ex.c
Invoking: MCU GCC Compiler
%cd%
arm-none-eabi-gcc -mcpu=cortex-m4 -mthumb -mfloat-abi=hard -mfpu=fpv4-sp-d16 '-D__weak=__attribute__((weak))' '-D__packed=__attribute__((__packed__))' -DUSE_HAL_DRIVER -DSTM32F446xx -I"D:/Users/Tyler/Documents/STM/Workspace/Latency Tests/LatencyTests/Inc" -I"D:/Users/Tyler/Documents/STM/Workspace/Latency Tests/LatencyTests/Drivers/STM32F4xx_HAL_Driver/Inc" -I"D:/Users/Tyler/Documents/STM/Workspace/Latency Tests/LatencyTests/Drivers/STM32F4xx_HAL_Driver/Inc/Legacy" -I"D:/Users/Tyler/Documents/STM/Workspace/Latency Tests/LatencyTests/Drivers/CMSIS/Device/ST/STM32F4xx/Include" -I"D:/Users/Tyler/Documents/STM/Workspace/Latency Tests/LatencyTests/Drivers/CMSIS/Include" -I"D:/Users/Tyler/Documents/STM/Workspace/Latency Tests/LatencyTests/Inc"  -Og -g3 -Wall -fmessage-length=0 -ffunction-sections -c -fmessage-length=0 -MMD -MP -MF"Drivers/STM32F4xx_HAL_Driver/Src/stm32f4xx_hal_tim_ex.d" -MT"Drivers/STM32F4xx_HAL_Driver/Src/stm32f4xx_hal_tim_ex.o" -o "Drivers/STM32F4xx_HAL_Driver/Src/stm32f4xx_hal_tim_ex.o" "../Drivers/STM32F4xx_HAL_Driver/Src/stm32f4xx_hal_tim_ex.c"
Finished building: ../Drivers/STM32F4xx_HAL_Driver/Src/stm32f4xx_hal_tim_ex.c
 
Building file: ../Drivers/STM32F4xx_HAL_Driver/Src/stm32f4xx_hal_uart.c
Invoking: MCU GCC Compiler
%cd%
arm-none-eabi-gcc -mcpu=cortex-m4 -mthumb -mfloat-abi=hard -mfpu=fpv4-sp-d16 '-D__weak=__attribute__((weak))' '-D__packed=__attribute__((__packed__))' -DUSE_HAL_DRIVER -DSTM32F446xx -I"D:/Users/Tyler/Documents/STM/Workspace/Latency Tests/LatencyTests/Inc" -I"D:/Users/Tyler/Documents/STM/Workspace/Latency Tests/LatencyTests/Drivers/STM32F4xx_HAL_Driver/Inc" -I"D:/Users/Tyler/Documents/STM/Workspace/Latency Tests/LatencyTests/Drivers/STM32F4xx_HAL_Driver/Inc/Legacy" -I"D:/Users/Tyler/Documents/STM/Workspace/Latency Tests/LatencyTests/Drivers/CMSIS/Device/ST/STM32F4xx/Include" -I"D:/Users/Tyler/Documents/STM/Workspace/Latency Tests/LatencyTests/Drivers/CMSIS/Include" -I"D:/Users/Tyler/Documents/STM/Workspace/Latency Tests/LatencyTests/Inc"  -Og -g3 -Wall -fmessage-length=0 -ffunction-sections -c -fmessage-length=0 -MMD -MP -MF"Drivers/STM32F4xx_HAL_Driver/Src/stm32f4xx_hal_uart.d" -MT"Drivers/STM32F4xx_HAL_Driver/Src/stm32f4xx_hal_uart.o" -o "Drivers/STM32F4xx_HAL_Driver/Src/stm32f4xx_hal_uart.o" "../Drivers/STM32F4xx_HAL_Driver/Src/stm32f4xx_hal_uart.c"
Finished building: ../Drivers/STM32F4xx_HAL_Driver/Src/stm32f4xx_hal_uart.c
 
Building target: LatencyTests.elf
Invoking: MCU GCC Linker
arm-none-eabi-gcc -mcpu=cortex-m4 -mthumb -mfloat-abi=hard -mfpu=fpv4-sp-d16 -specs=nosys.specs -specs=nano.specs -T"../STM32F446ZETx_FLASH.ld" -Wl,-Map=output.map -Wl,--gc-sections -lm -o "LatencyTests.elf" @"objects.list"  
Finished building target: LatencyTests.elf
 
make --no-print-directory post-build
Generating binary and Printing size information:
arm-none-eabi-objcopy -O binary "LatencyTests.elf" "LatencyTests.bin"
arm-none-eabi-size "LatencyTests.elf"
   text	   data	    bss	    dec	    hex	filename
  14740	    184	   2976	  17900	   45ec	LatencyTests.elf
 
22:28:33 **** Incremental Build of configuration Debug for project LatencyTests ****
make all 
Building file: ../Src/main.c
Invoking: MCU GCC Compiler
%cd%
arm-none-eabi-gcc -mcpu=cortex-m4 -mthumb -mfloat-abi=hard -mfpu=fpv4-sp-d16 '-D__weak=__attribute__((weak))' '-D__packed=__attribute__((__packed__))' -DUSE_HAL_DRIVER -DSTM32F446xx -I"D:/Users/Tyler/Documents/STM/Workspace/Latency Tests/LatencyTests/Inc" -I"D:/Users/Tyler/Documents/STM/Workspace/Latency Tests/LatencyTests/Drivers/STM32F4xx_HAL_Driver/Inc" -I"D:/Users/Tyler/Documents/STM/Workspace/Latency Tests/LatencyTests/Drivers/STM32F4xx_HAL_Driver/Inc/Legacy" -I"D:/Users/Tyler/Documents/STM/Workspace/Latency Tests/LatencyTests/Drivers/CMSIS/Device/ST/STM32F4xx/Include" -I"D:/Users/Tyler/Documents/STM/Workspace/Latency Tests/LatencyTests/Drivers/CMSIS/Include" -I"D:/Users/Tyler/Documents/STM/Workspace/Latency Tests/LatencyTests/Inc"  -Og -g3 -Wall -fmessage-length=0 -ffunction-sections -c -fmessage-length=0 -MMD -MP -MF"Src/main.d" -MT"Src/main.o" -o "Src/main.o" "../Src/main.c"
../Src/main.c: In function 'main':
../Src/main.c:158:27: warning: variable 'arrDynamixel' set but not used [-Wunused-but-set-variable]
  Dynamixel_HandleTypeDef* arrDynamixel[12];
                           ^
../Src/main.c: In function 'rt_OneStepWheelMode':
../Src/main.c:521:34: warning: left shift count >= width of type [-Wshift-count-overflow]
    if(((uint64_t)lastTorque & (1 << 63)) != ((uint64_t)arg_Torque & (1 << 63))){
                                  ^
../Src/main.c:521:72: warning: left shift count >= width of type [-Wshift-count-overflow]
    if(((uint64_t)lastTorque & (1 << 63)) != ((uint64_t)arg_Torque & (1 << 63))){
                                                                        ^
../Src/main.c: In function 'rt_OneStepJointMode':
../Src/main.c:587:34: warning: left shift count >= width of type [-Wshift-count-overflow]
    if(((uint64_t)lastTorque & (1 << 63)) != ((uint64_t)arg_Torque & (1 << 63))){
                                  ^
../Src/main.c:587:72: warning: left shift count >= width of type [-Wshift-count-overflow]
    if(((uint64_t)lastTorque & (1 << 63)) != ((uint64_t)arg_Torque & (1 << 63))){
                                                                        ^
Finished building: ../Src/main.c
 
Building target: LatencyTests.elf
Invoking: MCU GCC Linker
arm-none-eabi-gcc -mcpu=cortex-m4 -mthumb -mfloat-abi=hard -mfpu=fpv4-sp-d16 -specs=nosys.specs -specs=nano.specs -T"../STM32F446ZETx_FLASH.ld" -Wl,-Map=output.map -Wl,--gc-sections -lm -o "LatencyTests.elf" @"objects.list"  
Finished building target: LatencyTests.elf
 
make --no-print-directory post-build
Generating binary and Printing size information:
arm-none-eabi-objcopy -O binary "LatencyTests.elf" "LatencyTests.bin"
arm-none-eabi-size "LatencyTests.elf"
   text	   data	    bss	    dec	    hex	filename
  14732	    184	   2976	  17892	   45e4	LatencyTests.elf
 
22:29:17 **** Incremental Build of configuration Debug for project LatencyTests ****
make all 
make: Nothing to be done for `all'.
22:31:40 **** Incremental Build of configuration Debug for project LatencyTests ****
make all 
Building file: ../Src/main.c
Invoking: MCU GCC Compiler
%cd%
arm-none-eabi-gcc -mcpu=cortex-m4 -mthumb -mfloat-abi=hard -mfpu=fpv4-sp-d16 '-D__weak=__attribute__((weak))' '-D__packed=__attribute__((__packed__))' -DUSE_HAL_DRIVER -DSTM32F446xx -I"D:/Users/Tyler/Documents/STM/Workspace/Latency Tests/LatencyTests/Inc" -I"D:/Users/Tyler/Documents/STM/Workspace/Latency Tests/LatencyTests/Drivers/STM32F4xx_HAL_Driver/Inc" -I"D:/Users/Tyler/Documents/STM/Workspace/Latency Tests/LatencyTests/Drivers/STM32F4xx_HAL_Driver/Inc/Legacy" -I"D:/Users/Tyler/Documents/STM/Workspace/Latency Tests/LatencyTests/Drivers/CMSIS/Device/ST/STM32F4xx/Include" -I"D:/Users/Tyler/Documents/STM/Workspace/Latency Tests/LatencyTests/Drivers/CMSIS/Include" -I"D:/Users/Tyler/Documents/STM/Workspace/Latency Tests/LatencyTests/Inc"  -Og -g3 -Wall -fmessage-length=0 -ffunction-sections -c -fmessage-length=0 -MMD -MP -MF"Src/main.d" -MT"Src/main.o" -o "Src/main.o" "../Src/main.c"
../Src/main.c: In function 'main':
../Src/main.c:158:27: warning: variable 'arrDynamixel' set but not used [-Wunused-but-set-variable]
  Dynamixel_HandleTypeDef* arrDynamixel[12];
                           ^
../Src/main.c: In function 'rt_OneStepWheelMode':
../Src/main.c:521:34: warning: left shift count >= width of type [-Wshift-count-overflow]
    if(((uint64_t)lastTorque & (1 << 63)) != ((uint64_t)arg_Torque & (1 << 63))){
                                  ^
../Src/main.c:521:72: warning: left shift count >= width of type [-Wshift-count-overflow]
    if(((uint64_t)lastTorque & (1 << 63)) != ((uint64_t)arg_Torque & (1 << 63))){
                                                                        ^
Finished building: ../Src/main.c
 
Building target: LatencyTests.elf
Invoking: MCU GCC Linker
arm-none-eabi-gcc -mcpu=cortex-m4 -mthumb -mfloat-abi=hard -mfpu=fpv4-sp-d16 -specs=nosys.specs -specs=nano.specs -T"../STM32F446ZETx_FLASH.ld" -Wl,-Map=output.map -Wl,--gc-sections -lm -o "LatencyTests.elf" @"objects.list"  
Finished building target: LatencyTests.elf
 
make --no-print-directory post-build
Generating binary and Printing size information:
arm-none-eabi-objcopy -O binary "LatencyTests.elf" "LatencyTests.bin"
arm-none-eabi-size "LatencyTests.elf"
   text	   data	    bss	    dec	    hex	filename
  14636	    184	   2976	  17796	   4584	LatencyTests.elf
 
22:36:10 **** Incremental Build of configuration Debug for project LatencyTests ****
make all 
Building file: ../Src/main.c
Invoking: MCU GCC Compiler
%cd%
arm-none-eabi-gcc -mcpu=cortex-m4 -mthumb -mfloat-abi=hard -mfpu=fpv4-sp-d16 '-D__weak=__attribute__((weak))' '-D__packed=__attribute__((__packed__))' -DUSE_HAL_DRIVER -DSTM32F446xx -I"D:/Users/Tyler/Documents/STM/Workspace/Latency Tests/LatencyTests/Inc" -I"D:/Users/Tyler/Documents/STM/Workspace/Latency Tests/LatencyTests/Drivers/STM32F4xx_HAL_Driver/Inc" -I"D:/Users/Tyler/Documents/STM/Workspace/Latency Tests/LatencyTests/Drivers/STM32F4xx_HAL_Driver/Inc/Legacy" -I"D:/Users/Tyler/Documents/STM/Workspace/Latency Tests/LatencyTests/Drivers/CMSIS/Device/ST/STM32F4xx/Include" -I"D:/Users/Tyler/Documents/STM/Workspace/Latency Tests/LatencyTests/Drivers/CMSIS/Include" -I"D:/Users/Tyler/Documents/STM/Workspace/Latency Tests/LatencyTests/Inc"  -Og -g3 -Wall -fmessage-length=0 -ffunction-sections -c -fmessage-length=0 -MMD -MP -MF"Src/main.d" -MT"Src/main.o" -o "Src/main.o" "../Src/main.c"
../Src/main.c: In function 'main':
../Src/main.c:158:27: warning: variable 'arrDynamixel' set but not used [-Wunused-but-set-variable]
  Dynamixel_HandleTypeDef* arrDynamixel[12];
                           ^
../Src/main.c: In function 'rt_OneStepWheelMode':
../Src/main.c:521:34: warning: left shift count >= width of type [-Wshift-count-overflow]
    if(((uint64_t)lastTorque & (1 << 63)) != ((uint64_t)arg_Torque & (1 << 63))){
                                  ^
../Src/main.c:521:72: warning: left shift count >= width of type [-Wshift-count-overflow]
    if(((uint64_t)lastTorque & (1 << 63)) != ((uint64_t)arg_Torque & (1 << 63))){
                                                                        ^
../Src/main.c: In function 'rt_OneStepJointMode':
../Src/main.c:587:34: warning: left shift count >= width of type [-Wshift-count-overflow]
    if(((uint64_t)lastTorque & (1 << 63)) != ((uint64_t)arg_Torque & (1 << 63))){
                                  ^
../Src/main.c:587:72: warning: left shift count >= width of type [-Wshift-count-overflow]
    if(((uint64_t)lastTorque & (1 << 63)) != ((uint64_t)arg_Torque & (1 << 63))){
                                                                        ^
Finished building: ../Src/main.c
 
Building target: LatencyTests.elf
Invoking: MCU GCC Linker
arm-none-eabi-gcc -mcpu=cortex-m4 -mthumb -mfloat-abi=hard -mfpu=fpv4-sp-d16 -specs=nosys.specs -specs=nano.specs -T"../STM32F446ZETx_FLASH.ld" -Wl,-Map=output.map -Wl,--gc-sections -lm -o "LatencyTests.elf" @"objects.list"  
Finished building target: LatencyTests.elf
 
make --no-print-directory post-build
Generating binary and Printing size information:
arm-none-eabi-objcopy -O binary "LatencyTests.elf" "LatencyTests.bin"
arm-none-eabi-size "LatencyTests.elf"
   text	   data	    bss	    dec	    hex	filename
  14732	    184	   2976	  17892	   45e4	LatencyTests.elf
 
22:39:42 **** Incremental Build of configuration Debug for project LatencyTests ****
make all 
Building file: ../Src/simplepid_ert_rtw/ert_main.c
Invoking: MCU GCC Compiler
%cd%
arm-none-eabi-gcc -mcpu=cortex-m4 -mthumb -mfloat-abi=hard -mfpu=fpv4-sp-d16 '-D__weak=__attribute__((weak))' '-D__packed=__attribute__((__packed__))' -DUSE_HAL_DRIVER -DSTM32F446xx -I"D:/Users/Tyler/Documents/STM/Workspace/Latency Tests/LatencyTests/Inc" -I"D:/Users/Tyler/Documents/STM/Workspace/Latency Tests/LatencyTests/Drivers/STM32F4xx_HAL_Driver/Inc" -I"D:/Users/Tyler/Documents/STM/Workspace/Latency Tests/LatencyTests/Drivers/STM32F4xx_HAL_Driver/Inc/Legacy" -I"D:/Users/Tyler/Documents/STM/Workspace/Latency Tests/LatencyTests/Drivers/CMSIS/Device/ST/STM32F4xx/Include" -I"D:/Users/Tyler/Documents/STM/Workspace/Latency Tests/LatencyTests/Drivers/CMSIS/Include" -I"D:/Users/Tyler/Documents/STM/Workspace/Latency Tests/LatencyTests/Inc"  -Og -g3 -Wall -fmessage-length=0 -ffunction-sections -c -fmessage-length=0 -MMD -MP -MF"Src/simplepid_ert_rtw/ert_main.d" -MT"Src/simplepid_ert_rtw/ert_main.o" -o "Src/simplepid_ert_rtw/ert_main.o" "../Src/simplepid_ert_rtw/ert_main.c"
Finished building: ../Src/simplepid_ert_rtw/ert_main.c
 
Building target: LatencyTests.elf
Invoking: MCU GCC Linker
arm-none-eabi-gcc -mcpu=cortex-m4 -mthumb -mfloat-abi=hard -mfpu=fpv4-sp-d16 -specs=nosys.specs -specs=nano.specs -T"../STM32F446ZETx_FLASH.ld" -Wl,-Map=output.map -Wl,--gc-sections -lm -o "LatencyTests.elf" @"objects.list"  
Finished building target: LatencyTests.elf
 
make --no-print-directory post-build
Generating binary and Printing size information:
arm-none-eabi-objcopy -O binary "LatencyTests.elf" "LatencyTests.bin"
arm-none-eabi-size "LatencyTests.elf"
   text	   data	    bss	    dec	    hex	filename
  14732	    184	   2976	  17892	   45e4	LatencyTests.elf
 
22:40:40 **** Incremental Build of configuration Debug for project LatencyTests ****
make all 
make: Nothing to be done for `all'.
22:42:08 **** Incremental Build of configuration Debug for project LatencyTests ****
make all 
make: Nothing to be done for `all'.
22:42:46 **** Incremental Build of configuration Debug for project LatencyTests ****
make all 
make: Nothing to be done for `all'.
22:43:57 **** Incremental Build of configuration Debug for project LatencyTests ****
make all 
Building file: ../Src/main.c
Invoking: MCU GCC Compiler
%cd%
arm-none-eabi-gcc -mcpu=cortex-m4 -mthumb -mfloat-abi=hard -mfpu=fpv4-sp-d16 '-D__weak=__attribute__((weak))' '-D__packed=__attribute__((__packed__))' -DUSE_HAL_DRIVER -DSTM32F446xx -I"D:/Users/Tyler/Documents/STM/Workspace/Latency Tests/LatencyTests/Inc" -I"D:/Users/Tyler/Documents/STM/Workspace/Latency Tests/LatencyTests/Drivers/STM32F4xx_HAL_Driver/Inc" -I"D:/Users/Tyler/Documents/STM/Workspace/Latency Tests/LatencyTests/Drivers/STM32F4xx_HAL_Driver/Inc/Legacy" -I"D:/Users/Tyler/Documents/STM/Workspace/Latency Tests/LatencyTests/Drivers/CMSIS/Device/ST/STM32F4xx/Include" -I"D:/Users/Tyler/Documents/STM/Workspace/Latency Tests/LatencyTests/Drivers/CMSIS/Include" -I"D:/Users/Tyler/Documents/STM/Workspace/Latency Tests/LatencyTests/Inc"  -Og -g3 -Wall -fmessage-length=0 -ffunction-sections -c -fmessage-length=0 -MMD -MP -MF"Src/main.d" -MT"Src/main.o" -o "Src/main.o" "../Src/main.c"
../Src/main.c: In function 'main':
../Src/main.c:158:27: warning: variable 'arrDynamixel' set but not used [-Wunused-but-set-variable]
  Dynamixel_HandleTypeDef* arrDynamixel[12];
                           ^
../Src/main.c: In function 'rt_OneStepWheelMode':
../Src/main.c:521:34: warning: left shift count >= width of type [-Wshift-count-overflow]
    if(((uint64_t)lastTorque & (1 << 63)) != ((uint64_t)arg_Torque & (1 << 63))){
                                  ^
../Src/main.c:521:72: warning: left shift count >= width of type [-Wshift-count-overflow]
    if(((uint64_t)lastTorque & (1 << 63)) != ((uint64_t)arg_Torque & (1 << 63))){
                                                                        ^
../Src/main.c: In function 'rt_OneStepJointMode':
../Src/main.c:587:34: warning: left shift count >= width of type [-Wshift-count-overflow]
    if(((uint64_t)lastTorque & (1 << 63)) != ((uint64_t)arg_Torque & (1 << 63))){
                                  ^
../Src/main.c:587:72: warning: left shift count >= width of type [-Wshift-count-overflow]
    if(((uint64_t)lastTorque & (1 << 63)) != ((uint64_t)arg_Torque & (1 << 63))){
                                                                        ^
Finished building: ../Src/main.c
 
Building target: LatencyTests.elf
Invoking: MCU GCC Linker
arm-none-eabi-gcc -mcpu=cortex-m4 -mthumb -mfloat-abi=hard -mfpu=fpv4-sp-d16 -specs=nosys.specs -specs=nano.specs -T"../STM32F446ZETx_FLASH.ld" -Wl,-Map=output.map -Wl,--gc-sections -lm -o "LatencyTests.elf" @"objects.list"  
Finished building target: LatencyTests.elf
 
make --no-print-directory post-build
Generating binary and Printing size information:
arm-none-eabi-objcopy -O binary "LatencyTests.elf" "LatencyTests.bin"
arm-none-eabi-size "LatencyTests.elf"
   text	   data	    bss	    dec	    hex	filename
  14732	    184	   2976	  17892	   45e4	LatencyTests.elf
 
22:44:26 **** Incremental Build of configuration Debug for project LatencyTests ****
make all 
Building file: ../Src/main.c
Invoking: MCU GCC Compiler
%cd%
arm-none-eabi-gcc -mcpu=cortex-m4 -mthumb -mfloat-abi=hard -mfpu=fpv4-sp-d16 '-D__weak=__attribute__((weak))' '-D__packed=__attribute__((__packed__))' -DUSE_HAL_DRIVER -DSTM32F446xx -I"D:/Users/Tyler/Documents/STM/Workspace/Latency Tests/LatencyTests/Inc" -I"D:/Users/Tyler/Documents/STM/Workspace/Latency Tests/LatencyTests/Drivers/STM32F4xx_HAL_Driver/Inc" -I"D:/Users/Tyler/Documents/STM/Workspace/Latency Tests/LatencyTests/Drivers/STM32F4xx_HAL_Driver/Inc/Legacy" -I"D:/Users/Tyler/Documents/STM/Workspace/Latency Tests/LatencyTests/Drivers/CMSIS/Device/ST/STM32F4xx/Include" -I"D:/Users/Tyler/Documents/STM/Workspace/Latency Tests/LatencyTests/Drivers/CMSIS/Include" -I"D:/Users/Tyler/Documents/STM/Workspace/Latency Tests/LatencyTests/Inc"  -Og -g3 -Wall -fmessage-length=0 -ffunction-sections -c -fmessage-length=0 -MMD -MP -MF"Src/main.d" -MT"Src/main.o" -o "Src/main.o" "../Src/main.c"
../Src/main.c: In function 'main':
../Src/main.c:158:27: warning: variable 'arrDynamixel' set but not used [-Wunused-but-set-variable]
  Dynamixel_HandleTypeDef* arrDynamixel[12];
                           ^
../Src/main.c: In function 'rt_OneStepWheelMode':
../Src/main.c:521:34: warning: left shift count >= width of type [-Wshift-count-overflow]
    if(((uint64_t)lastTorque & (1 << 63)) != ((uint64_t)arg_Torque & (1 << 63))){
                                  ^
../Src/main.c:521:72: warning: left shift count >= width of type [-Wshift-count-overflow]
    if(((uint64_t)lastTorque & (1 << 63)) != ((uint64_t)arg_Torque & (1 << 63))){
                                                                        ^
../Src/main.c: In function 'rt_OneStepJointMode':
../Src/main.c:587:34: warning: left shift count >= width of type [-Wshift-count-overflow]
    if(((uint64_t)lastTorque & (1 << 63)) != ((uint64_t)arg_Torque & (1 << 63))){
                                  ^
../Src/main.c:587:72: warning: left shift count >= width of type [-Wshift-count-overflow]
    if(((uint64_t)lastTorque & (1 << 63)) != ((uint64_t)arg_Torque & (1 << 63))){
                                                                        ^
Finished building: ../Src/main.c
 
Building target: LatencyTests.elf
Invoking: MCU GCC Linker
arm-none-eabi-gcc -mcpu=cortex-m4 -mthumb -mfloat-abi=hard -mfpu=fpv4-sp-d16 -specs=nosys.specs -specs=nano.specs -T"../STM32F446ZETx_FLASH.ld" -Wl,-Map=output.map -Wl,--gc-sections -lm -o "LatencyTests.elf" @"objects.list"  
Finished building target: LatencyTests.elf
 
make --no-print-directory post-build
Generating binary and Printing size information:
arm-none-eabi-objcopy -O binary "LatencyTests.elf" "LatencyTests.bin"
arm-none-eabi-size "LatencyTests.elf"
   text	   data	    bss	    dec	    hex	filename
  14732	    184	   2976	  17892	   45e4	LatencyTests.elf
 
22:46:41 **** Incremental Build of configuration Debug for project LatencyTests ****
make all 
Building file: ../Src/main.c
Invoking: MCU GCC Compiler
%cd%
arm-none-eabi-gcc -mcpu=cortex-m4 -mthumb -mfloat-abi=hard -mfpu=fpv4-sp-d16 '-D__weak=__attribute__((weak))' '-D__packed=__attribute__((__packed__))' -DUSE_HAL_DRIVER -DSTM32F446xx -I"D:/Users/Tyler/Documents/STM/Workspace/Latency Tests/LatencyTests/Inc" -I"D:/Users/Tyler/Documents/STM/Workspace/Latency Tests/LatencyTests/Drivers/STM32F4xx_HAL_Driver/Inc" -I"D:/Users/Tyler/Documents/STM/Workspace/Latency Tests/LatencyTests/Drivers/STM32F4xx_HAL_Driver/Inc/Legacy" -I"D:/Users/Tyler/Documents/STM/Workspace/Latency Tests/LatencyTests/Drivers/CMSIS/Device/ST/STM32F4xx/Include" -I"D:/Users/Tyler/Documents/STM/Workspace/Latency Tests/LatencyTests/Drivers/CMSIS/Include" -I"D:/Users/Tyler/Documents/STM/Workspace/Latency Tests/LatencyTests/Inc"  -Og -g3 -Wall -fmessage-length=0 -ffunction-sections -c -fmessage-length=0 -MMD -MP -MF"Src/main.d" -MT"Src/main.o" -o "Src/main.o" "../Src/main.c"
../Src/main.c: In function 'main':
../Src/main.c:158:27: warning: variable 'arrDynamixel' set but not used [-Wunused-but-set-variable]
  Dynamixel_HandleTypeDef* arrDynamixel[12];
                           ^
../Src/main.c: In function 'rt_OneStepWheelMode':
../Src/main.c:521:34: warning: left shift count >= width of type [-Wshift-count-overflow]
    if(((uint64_t)lastTorque & (1 << 63)) != ((uint64_t)arg_Torque & (1 << 63))){
                                  ^
../Src/main.c:521:72: warning: left shift count >= width of type [-Wshift-count-overflow]
    if(((uint64_t)lastTorque & (1 << 63)) != ((uint64_t)arg_Torque & (1 << 63))){
                                                                        ^
../Src/main.c: In function 'rt_OneStepJointMode':
../Src/main.c:587:34: warning: left shift count >= width of type [-Wshift-count-overflow]
    if(((uint64_t)lastTorque & (1 << 63)) != ((uint64_t)arg_Torque & (1 << 63))){
                                  ^
../Src/main.c:587:72: warning: left shift count >= width of type [-Wshift-count-overflow]
    if(((uint64_t)lastTorque & (1 << 63)) != ((uint64_t)arg_Torque & (1 << 63))){
                                                                        ^
Finished building: ../Src/main.c
 
Building target: LatencyTests.elf
Invoking: MCU GCC Linker
arm-none-eabi-gcc -mcpu=cortex-m4 -mthumb -mfloat-abi=hard -mfpu=fpv4-sp-d16 -specs=nosys.specs -specs=nano.specs -T"../STM32F446ZETx_FLASH.ld" -Wl,-Map=output.map -Wl,--gc-sections -lm -o "LatencyTests.elf" @"objects.list"  
Finished building target: LatencyTests.elf
 
make --no-print-directory post-build
Generating binary and Printing size information:
arm-none-eabi-objcopy -O binary "LatencyTests.elf" "LatencyTests.bin"
arm-none-eabi-size "LatencyTests.elf"
   text	   data	    bss	    dec	    hex	filename
  14756	    184	   2976	  17916	   45fc	LatencyTests.elf
 
22:47:30 **** Incremental Build of configuration Debug for project LatencyTests ****
make all 
Building file: ../Src/main.c
Invoking: MCU GCC Compiler
%cd%
arm-none-eabi-gcc -mcpu=cortex-m4 -mthumb -mfloat-abi=hard -mfpu=fpv4-sp-d16 '-D__weak=__attribute__((weak))' '-D__packed=__attribute__((__packed__))' -DUSE_HAL_DRIVER -DSTM32F446xx -I"D:/Users/Tyler/Documents/STM/Workspace/Latency Tests/LatencyTests/Inc" -I"D:/Users/Tyler/Documents/STM/Workspace/Latency Tests/LatencyTests/Drivers/STM32F4xx_HAL_Driver/Inc" -I"D:/Users/Tyler/Documents/STM/Workspace/Latency Tests/LatencyTests/Drivers/STM32F4xx_HAL_Driver/Inc/Legacy" -I"D:/Users/Tyler/Documents/STM/Workspace/Latency Tests/LatencyTests/Drivers/CMSIS/Device/ST/STM32F4xx/Include" -I"D:/Users/Tyler/Documents/STM/Workspace/Latency Tests/LatencyTests/Drivers/CMSIS/Include" -I"D:/Users/Tyler/Documents/STM/Workspace/Latency Tests/LatencyTests/Inc"  -Og -g3 -Wall -fmessage-length=0 -ffunction-sections -c -fmessage-length=0 -MMD -MP -MF"Src/main.d" -MT"Src/main.o" -o "Src/main.o" "../Src/main.c"
../Src/main.c: In function 'main':
../Src/main.c:158:27: warning: variable 'arrDynamixel' set but not used [-Wunused-but-set-variable]
  Dynamixel_HandleTypeDef* arrDynamixel[12];
                           ^
../Src/main.c: In function 'rt_OneStepJointMode':
../Src/main.c:587:34: warning: left shift count >= width of type [-Wshift-count-overflow]
    if(((uint64_t)lastTorque & (1 << 63)) != ((uint64_t)arg_Torque & (1 << 63))){
                                  ^
../Src/main.c:587:72: warning: left shift count >= width of type [-Wshift-count-overflow]
    if(((uint64_t)lastTorque & (1 << 63)) != ((uint64_t)arg_Torque & (1 << 63))){
                                                                        ^
Finished building: ../Src/main.c
 
Building target: LatencyTests.elf
Invoking: MCU GCC Linker
arm-none-eabi-gcc -mcpu=cortex-m4 -mthumb -mfloat-abi=hard -mfpu=fpv4-sp-d16 -specs=nosys.specs -specs=nano.specs -T"../STM32F446ZETx_FLASH.ld" -Wl,-Map=output.map -Wl,--gc-sections -lm -o "LatencyTests.elf" @"objects.list"  
Finished building target: LatencyTests.elf
 
make --no-print-directory post-build
Generating binary and Printing size information:
arm-none-eabi-objcopy -O binary "LatencyTests.elf" "LatencyTests.bin"
arm-none-eabi-size "LatencyTests.elf"
   text	   data	    bss	    dec	    hex	filename
  14756	    184	   2976	  17916	   45fc	LatencyTests.elf
 
22:49:05 **** Incremental Build of configuration Debug for project LatencyTests ****
make all 
Building file: ../Src/main.c
Invoking: MCU GCC Compiler
%cd%
arm-none-eabi-gcc -mcpu=cortex-m4 -mthumb -mfloat-abi=hard -mfpu=fpv4-sp-d16 '-D__weak=__attribute__((weak))' '-D__packed=__attribute__((__packed__))' -DUSE_HAL_DRIVER -DSTM32F446xx -I"D:/Users/Tyler/Documents/STM/Workspace/Latency Tests/LatencyTests/Inc" -I"D:/Users/Tyler/Documents/STM/Workspace/Latency Tests/LatencyTests/Drivers/STM32F4xx_HAL_Driver/Inc" -I"D:/Users/Tyler/Documents/STM/Workspace/Latency Tests/LatencyTests/Drivers/STM32F4xx_HAL_Driver/Inc/Legacy" -I"D:/Users/Tyler/Documents/STM/Workspace/Latency Tests/LatencyTests/Drivers/CMSIS/Device/ST/STM32F4xx/Include" -I"D:/Users/Tyler/Documents/STM/Workspace/Latency Tests/LatencyTests/Drivers/CMSIS/Include" -I"D:/Users/Tyler/Documents/STM/Workspace/Latency Tests/LatencyTests/Inc"  -Og -g3 -Wall -fmessage-length=0 -ffunction-sections -c -fmessage-length=0 -MMD -MP -MF"Src/main.d" -MT"Src/main.o" -o "Src/main.o" "../Src/main.c"
../Src/main.c: In function 'main':
../Src/main.c:158:27: warning: variable 'arrDynamixel' set but not used [-Wunused-but-set-variable]
  Dynamixel_HandleTypeDef* arrDynamixel[12];
                           ^
../Src/main.c: In function 'rt_OneStepWheelMode':
../Src/main.c:521:34: warning: left shift count >= width of type [-Wshift-count-overflow]
    if(((uint64_t)lastTorque & (1 << 63)) != ((uint64_t)arg_Torque & (1 << 63))){
                                  ^
../Src/main.c:521:72: warning: left shift count >= width of type [-Wshift-count-overflow]
    if(((uint64_t)lastTorque & (1 << 63)) != ((uint64_t)arg_Torque & (1 << 63))){
                                                                        ^
../Src/main.c: In function 'rt_OneStepJointMode':
../Src/main.c:587:34: warning: left shift count >= width of type [-Wshift-count-overflow]
    if(((uint64_t)lastTorque & (1 << 63)) != ((uint64_t)arg_Torque & (1 << 63))){
                                  ^
../Src/main.c:587:72: warning: left shift count >= width of type [-Wshift-count-overflow]
    if(((uint64_t)lastTorque & (1 << 63)) != ((uint64_t)arg_Torque & (1 << 63))){
                                                                        ^
Finished building: ../Src/main.c
 
Building target: LatencyTests.elf
Invoking: MCU GCC Linker
arm-none-eabi-gcc -mcpu=cortex-m4 -mthumb -mfloat-abi=hard -mfpu=fpv4-sp-d16 -specs=nosys.specs -specs=nano.specs -T"../STM32F446ZETx_FLASH.ld" -Wl,-Map=output.map -Wl,--gc-sections -lm -o "LatencyTests.elf" @"objects.list"  
Finished building target: LatencyTests.elf
 
make --no-print-directory post-build
Generating binary and Printing size information:
arm-none-eabi-objcopy -O binary "LatencyTests.elf" "LatencyTests.bin"
arm-none-eabi-size "LatencyTests.elf"
   text	   data	    bss	    dec	    hex	filename
  14756	    184	   2976	  17916	   45fc	LatencyTests.elf
 
22:49:36 **** Incremental Build of configuration Debug for project LatencyTests ****
make all 
Building file: ../Src/main.c
Invoking: MCU GCC Compiler
%cd%
arm-none-eabi-gcc -mcpu=cortex-m4 -mthumb -mfloat-abi=hard -mfpu=fpv4-sp-d16 '-D__weak=__attribute__((weak))' '-D__packed=__attribute__((__packed__))' -DUSE_HAL_DRIVER -DSTM32F446xx -I"D:/Users/Tyler/Documents/STM/Workspace/Latency Tests/LatencyTests/Inc" -I"D:/Users/Tyler/Documents/STM/Workspace/Latency Tests/LatencyTests/Drivers/STM32F4xx_HAL_Driver/Inc" -I"D:/Users/Tyler/Documents/STM/Workspace/Latency Tests/LatencyTests/Drivers/STM32F4xx_HAL_Driver/Inc/Legacy" -I"D:/Users/Tyler/Documents/STM/Workspace/Latency Tests/LatencyTests/Drivers/CMSIS/Device/ST/STM32F4xx/Include" -I"D:/Users/Tyler/Documents/STM/Workspace/Latency Tests/LatencyTests/Drivers/CMSIS/Include" -I"D:/Users/Tyler/Documents/STM/Workspace/Latency Tests/LatencyTests/Inc"  -Og -g3 -Wall -fmessage-length=0 -ffunction-sections -c -fmessage-length=0 -MMD -MP -MF"Src/main.d" -MT"Src/main.o" -o "Src/main.o" "../Src/main.c"
../Src/main.c: In function 'main':
../Src/main.c:158:27: warning: variable 'arrDynamixel' set but not used [-Wunused-but-set-variable]
  Dynamixel_HandleTypeDef* arrDynamixel[12];
                           ^
../Src/main.c: In function 'rt_OneStepJointMode':
../Src/main.c:587:34: warning: left shift count >= width of type [-Wshift-count-overflow]
    if(((uint64_t)lastTorque & (1 << 63)) != ((uint64_t)arg_Torque & (1 << 63))){
                                  ^
../Src/main.c:587:72: warning: left shift count >= width of type [-Wshift-count-overflow]
    if(((uint64_t)lastTorque & (1 << 63)) != ((uint64_t)arg_Torque & (1 << 63))){
                                                                        ^
Finished building: ../Src/main.c
 
Building target: LatencyTests.elf
Invoking: MCU GCC Linker
arm-none-eabi-gcc -mcpu=cortex-m4 -mthumb -mfloat-abi=hard -mfpu=fpv4-sp-d16 -specs=nosys.specs -specs=nano.specs -T"../STM32F446ZETx_FLASH.ld" -Wl,-Map=output.map -Wl,--gc-sections -lm -o "LatencyTests.elf" @"objects.list"  
Finished building target: LatencyTests.elf
 
make --no-print-directory post-build
Generating binary and Printing size information:
arm-none-eabi-objcopy -O binary "LatencyTests.elf" "LatencyTests.bin"
arm-none-eabi-size "LatencyTests.elf"
   text	   data	    bss	    dec	    hex	filename
  14756	    184	   2976	  17916	   45fc	LatencyTests.elf
 
22:49:43 **** Incremental Build of configuration Debug for project LatencyTests ****
make all 
Building file: ../Src/main.c
Invoking: MCU GCC Compiler
%cd%
arm-none-eabi-gcc -mcpu=cortex-m4 -mthumb -mfloat-abi=hard -mfpu=fpv4-sp-d16 '-D__weak=__attribute__((weak))' '-D__packed=__attribute__((__packed__))' -DUSE_HAL_DRIVER -DSTM32F446xx -I"D:/Users/Tyler/Documents/STM/Workspace/Latency Tests/LatencyTests/Inc" -I"D:/Users/Tyler/Documents/STM/Workspace/Latency Tests/LatencyTests/Drivers/STM32F4xx_HAL_Driver/Inc" -I"D:/Users/Tyler/Documents/STM/Workspace/Latency Tests/LatencyTests/Drivers/STM32F4xx_HAL_Driver/Inc/Legacy" -I"D:/Users/Tyler/Documents/STM/Workspace/Latency Tests/LatencyTests/Drivers/CMSIS/Device/ST/STM32F4xx/Include" -I"D:/Users/Tyler/Documents/STM/Workspace/Latency Tests/LatencyTests/Drivers/CMSIS/Include" -I"D:/Users/Tyler/Documents/STM/Workspace/Latency Tests/LatencyTests/Inc"  -Og -g3 -Wall -fmessage-length=0 -ffunction-sections -c -fmessage-length=0 -MMD -MP -MF"Src/main.d" -MT"Src/main.o" -o "Src/main.o" "../Src/main.c"
../Src/main.c: In function 'main':
../Src/main.c:158:27: warning: variable 'arrDynamixel' set but not used [-Wunused-but-set-variable]
  Dynamixel_HandleTypeDef* arrDynamixel[12];
                           ^
../Src/main.c: In function 'rt_OneStepJointMode':
../Src/main.c:587:34: warning: left shift count >= width of type [-Wshift-count-overflow]
    if(((uint64_t)lastTorque & (1 << 63)) != ((uint64_t)arg_Torque & (1 << 63))){
                                  ^
../Src/main.c:587:72: warning: left shift count >= width of type [-Wshift-count-overflow]
    if(((uint64_t)lastTorque & (1 << 63)) != ((uint64_t)arg_Torque & (1 << 63))){
                                                                        ^
Finished building: ../Src/main.c
 
Building target: LatencyTests.elf
Invoking: MCU GCC Linker
arm-none-eabi-gcc -mcpu=cortex-m4 -mthumb -mfloat-abi=hard -mfpu=fpv4-sp-d16 -specs=nosys.specs -specs=nano.specs -T"../STM32F446ZETx_FLASH.ld" -Wl,-Map=output.map -Wl,--gc-sections -lm -o "LatencyTests.elf" @"objects.list"  
Finished building target: LatencyTests.elf
 
make --no-print-directory post-build
Generating binary and Printing size information:
arm-none-eabi-objcopy -O binary "LatencyTests.elf" "LatencyTests.bin"
arm-none-eabi-size "LatencyTests.elf"
   text	   data	    bss	    dec	    hex	filename
  14756	    184	   2976	  17916	   45fc	LatencyTests.elf
 
22:50:28 **** Incremental Build of configuration Debug for project LatencyTests ****
make all 
Building file: ../Src/main.c
Invoking: MCU GCC Compiler
%cd%
arm-none-eabi-gcc -mcpu=cortex-m4 -mthumb -mfloat-abi=hard -mfpu=fpv4-sp-d16 '-D__weak=__attribute__((weak))' '-D__packed=__attribute__((__packed__))' -DUSE_HAL_DRIVER -DSTM32F446xx -I"D:/Users/Tyler/Documents/STM/Workspace/Latency Tests/LatencyTests/Inc" -I"D:/Users/Tyler/Documents/STM/Workspace/Latency Tests/LatencyTests/Drivers/STM32F4xx_HAL_Driver/Inc" -I"D:/Users/Tyler/Documents/STM/Workspace/Latency Tests/LatencyTests/Drivers/STM32F4xx_HAL_Driver/Inc/Legacy" -I"D:/Users/Tyler/Documents/STM/Workspace/Latency Tests/LatencyTests/Drivers/CMSIS/Device/ST/STM32F4xx/Include" -I"D:/Users/Tyler/Documents/STM/Workspace/Latency Tests/LatencyTests/Drivers/CMSIS/Include" -I"D:/Users/Tyler/Documents/STM/Workspace/Latency Tests/LatencyTests/Inc"  -Og -g3 -Wall -fmessage-length=0 -ffunction-sections -c -fmessage-length=0 -MMD -MP -MF"Src/main.d" -MT"Src/main.o" -o "Src/main.o" "../Src/main.c"
../Src/main.c: In function 'main':
../Src/main.c:158:27: warning: variable 'arrDynamixel' set but not used [-Wunused-but-set-variable]
  Dynamixel_HandleTypeDef* arrDynamixel[12];
                           ^
../Src/main.c: In function 'rt_OneStepWheelMode':
../Src/main.c:521:34: warning: left shift count >= width of type [-Wshift-count-overflow]
    if(((uint64_t)lastTorque & (1 << 63)) != ((uint64_t)arg_Torque & (1 << 63))){
                                  ^
../Src/main.c:521:72: warning: left shift count >= width of type [-Wshift-count-overflow]
    if(((uint64_t)lastTorque & (1 << 63)) != ((uint64_t)arg_Torque & (1 << 63))){
                                                                        ^
../Src/main.c: In function 'rt_OneStepJointMode':
../Src/main.c:587:34: warning: left shift count >= width of type [-Wshift-count-overflow]
    if(((uint64_t)lastTorque & (1 << 63)) != ((uint64_t)arg_Torque & (1 << 63))){
                                  ^
../Src/main.c:587:72: warning: left shift count >= width of type [-Wshift-count-overflow]
    if(((uint64_t)lastTorque & (1 << 63)) != ((uint64_t)arg_Torque & (1 << 63))){
                                                                        ^
Finished building: ../Src/main.c
 
Building target: LatencyTests.elf
Invoking: MCU GCC Linker
arm-none-eabi-gcc -mcpu=cortex-m4 -mthumb -mfloat-abi=hard -mfpu=fpv4-sp-d16 -specs=nosys.specs -specs=nano.specs -T"../STM32F446ZETx_FLASH.ld" -Wl,-Map=output.map -Wl,--gc-sections -lm -o "LatencyTests.elf" @"objects.list"  
Finished building target: LatencyTests.elf
 
make --no-print-directory post-build
Generating binary and Printing size information:
arm-none-eabi-objcopy -O binary "LatencyTests.elf" "LatencyTests.bin"
arm-none-eabi-size "LatencyTests.elf"
   text	   data	    bss	    dec	    hex	filename
  14732	    184	   2976	  17892	   45e4	LatencyTests.elf
 
22:51:01 **** Incremental Build of configuration Debug for project LatencyTests ****
make all 
make: Nothing to be done for `all'.
22:55:36 **** Incremental Build of configuration Debug for project LatencyTests ****
make all 
Building file: ../Src/main.c
Invoking: MCU GCC Compiler
%cd%
arm-none-eabi-gcc -mcpu=cortex-m4 -mthumb -mfloat-abi=hard -mfpu=fpv4-sp-d16 '-D__weak=__attribute__((weak))' '-D__packed=__attribute__((__packed__))' -DUSE_HAL_DRIVER -DSTM32F446xx -I"D:/Users/Tyler/Documents/STM/Workspace/Latency Tests/LatencyTests/Inc" -I"D:/Users/Tyler/Documents/STM/Workspace/Latency Tests/LatencyTests/Drivers/STM32F4xx_HAL_Driver/Inc" -I"D:/Users/Tyler/Documents/STM/Workspace/Latency Tests/LatencyTests/Drivers/STM32F4xx_HAL_Driver/Inc/Legacy" -I"D:/Users/Tyler/Documents/STM/Workspace/Latency Tests/LatencyTests/Drivers/CMSIS/Device/ST/STM32F4xx/Include" -I"D:/Users/Tyler/Documents/STM/Workspace/Latency Tests/LatencyTests/Drivers/CMSIS/Include" -I"D:/Users/Tyler/Documents/STM/Workspace/Latency Tests/LatencyTests/Inc"  -Og -g3 -Wall -fmessage-length=0 -ffunction-sections -c -fmessage-length=0 -MMD -MP -MF"Src/main.d" -MT"Src/main.o" -o "Src/main.o" "../Src/main.c"
../Src/main.c: In function 'main':
../Src/main.c:158:27: warning: variable 'arrDynamixel' set but not used [-Wunused-but-set-variable]
  Dynamixel_HandleTypeDef* arrDynamixel[12];
                           ^
../Src/main.c: In function 'rt_OneStepWheelMode':
../Src/main.c:521:34: warning: left shift count >= width of type [-Wshift-count-overflow]
    if(((uint64_t)lastTorque & (1 << 63)) != ((uint64_t)arg_Torque & (1 << 63))){
                                  ^
../Src/main.c:521:72: warning: left shift count >= width of type [-Wshift-count-overflow]
    if(((uint64_t)lastTorque & (1 << 63)) != ((uint64_t)arg_Torque & (1 << 63))){
                                                                        ^
../Src/main.c: In function 'rt_OneStepJointMode':
../Src/main.c:588:34: warning: left shift count >= width of type [-Wshift-count-overflow]
    if(((uint64_t)lastTorque & (1 << 63)) != ((uint64_t)arg_Torque & (1 << 63))){
                                  ^
../Src/main.c:588:72: warning: left shift count >= width of type [-Wshift-count-overflow]
    if(((uint64_t)lastTorque & (1 << 63)) != ((uint64_t)arg_Torque & (1 << 63))){
                                                                        ^
Finished building: ../Src/main.c
 
Building target: LatencyTests.elf
Invoking: MCU GCC Linker
arm-none-eabi-gcc -mcpu=cortex-m4 -mthumb -mfloat-abi=hard -mfpu=fpv4-sp-d16 -specs=nosys.specs -specs=nano.specs -T"../STM32F446ZETx_FLASH.ld" -Wl,-Map=output.map -Wl,--gc-sections -lm -o "LatencyTests.elf" @"objects.list"  
Finished building target: LatencyTests.elf
 
make --no-print-directory post-build
Generating binary and Printing size information:
arm-none-eabi-objcopy -O binary "LatencyTests.elf" "LatencyTests.bin"
arm-none-eabi-size "LatencyTests.elf"
   text	   data	    bss	    dec	    hex	filename
  14732	    184	   2976	  17892	   45e4	LatencyTests.elf
 
22:56:58 **** Incremental Build of configuration Debug for project LatencyTests ****
make all 
Building file: ../Src/main.c
Invoking: MCU GCC Compiler
%cd%
arm-none-eabi-gcc -mcpu=cortex-m4 -mthumb -mfloat-abi=hard -mfpu=fpv4-sp-d16 '-D__weak=__attribute__((weak))' '-D__packed=__attribute__((__packed__))' -DUSE_HAL_DRIVER -DSTM32F446xx -I"D:/Users/Tyler/Documents/STM/Workspace/Latency Tests/LatencyTests/Inc" -I"D:/Users/Tyler/Documents/STM/Workspace/Latency Tests/LatencyTests/Drivers/STM32F4xx_HAL_Driver/Inc" -I"D:/Users/Tyler/Documents/STM/Workspace/Latency Tests/LatencyTests/Drivers/STM32F4xx_HAL_Driver/Inc/Legacy" -I"D:/Users/Tyler/Documents/STM/Workspace/Latency Tests/LatencyTests/Drivers/CMSIS/Device/ST/STM32F4xx/Include" -I"D:/Users/Tyler/Documents/STM/Workspace/Latency Tests/LatencyTests/Drivers/CMSIS/Include" -I"D:/Users/Tyler/Documents/STM/Workspace/Latency Tests/LatencyTests/Inc"  -Og -g3 -Wall -fmessage-length=0 -ffunction-sections -c -fmessage-length=0 -MMD -MP -MF"Src/main.d" -MT"Src/main.o" -o "Src/main.o" "../Src/main.c"
../Src/main.c: In function 'main':
../Src/main.c:158:27: warning: variable 'arrDynamixel' set but not used [-Wunused-but-set-variable]
  Dynamixel_HandleTypeDef* arrDynamixel[12];
                           ^
../Src/main.c: In function 'rt_OneStepWheelMode':
../Src/main.c:521:34: warning: left shift count >= width of type [-Wshift-count-overflow]
    if(((uint64_t)lastTorque & (1 << 63)) != ((uint64_t)arg_Torque & (1 << 63))){
                                  ^
../Src/main.c:521:72: warning: left shift count >= width of type [-Wshift-count-overflow]
    if(((uint64_t)lastTorque & (1 << 63)) != ((uint64_t)arg_Torque & (1 << 63))){
                                                                        ^
../Src/main.c: In function 'rt_OneStepJointMode':
../Src/main.c:588:34: warning: left shift count >= width of type [-Wshift-count-overflow]
    if(((uint64_t)lastTorque & (1 << 63)) != ((uint64_t)arg_Torque & (1 << 63))){
                                  ^
../Src/main.c:588:72: warning: left shift count >= width of type [-Wshift-count-overflow]
    if(((uint64_t)lastTorque & (1 << 63)) != ((uint64_t)arg_Torque & (1 << 63))){
                                                                        ^
Finished building: ../Src/main.c
 
Building target: LatencyTests.elf
Invoking: MCU GCC Linker
arm-none-eabi-gcc -mcpu=cortex-m4 -mthumb -mfloat-abi=hard -mfpu=fpv4-sp-d16 -specs=nosys.specs -specs=nano.specs -T"../STM32F446ZETx_FLASH.ld" -Wl,-Map=output.map -Wl,--gc-sections -lm -o "LatencyTests.elf" @"objects.list"  
Finished building target: LatencyTests.elf
 
make --no-print-directory post-build
Generating binary and Printing size information:
arm-none-eabi-objcopy -O binary "LatencyTests.elf" "LatencyTests.bin"
arm-none-eabi-size "LatencyTests.elf"
   text	   data	    bss	    dec	    hex	filename
  14572	    184	   2976	  17732	   4544	LatencyTests.elf
 
22:57:12 **** Incremental Build of configuration Debug for project LatencyTests ****
make all 
Building file: ../Src/main.c
Invoking: MCU GCC Compiler
%cd%
arm-none-eabi-gcc -mcpu=cortex-m4 -mthumb -mfloat-abi=hard -mfpu=fpv4-sp-d16 '-D__weak=__attribute__((weak))' '-D__packed=__attribute__((__packed__))' -DUSE_HAL_DRIVER -DSTM32F446xx -I"D:/Users/Tyler/Documents/STM/Workspace/Latency Tests/LatencyTests/Inc" -I"D:/Users/Tyler/Documents/STM/Workspace/Latency Tests/LatencyTests/Drivers/STM32F4xx_HAL_Driver/Inc" -I"D:/Users/Tyler/Documents/STM/Workspace/Latency Tests/LatencyTests/Drivers/STM32F4xx_HAL_Driver/Inc/Legacy" -I"D:/Users/Tyler/Documents/STM/Workspace/Latency Tests/LatencyTests/Drivers/CMSIS/Device/ST/STM32F4xx/Include" -I"D:/Users/Tyler/Documents/STM/Workspace/Latency Tests/LatencyTests/Drivers/CMSIS/Include" -I"D:/Users/Tyler/Documents/STM/Workspace/Latency Tests/LatencyTests/Inc"  -Og -g3 -Wall -fmessage-length=0 -ffunction-sections -c -fmessage-length=0 -MMD -MP -MF"Src/main.d" -MT"Src/main.o" -o "Src/main.o" "../Src/main.c"
../Src/main.c: In function 'main':
../Src/main.c:158:27: warning: variable 'arrDynamixel' set but not used [-Wunused-but-set-variable]
  Dynamixel_HandleTypeDef* arrDynamixel[12];
                           ^
../Src/main.c: In function 'rt_OneStepWheelMode':
../Src/main.c:521:34: warning: left shift count >= width of type [-Wshift-count-overflow]
    if(((uint64_t)lastTorque & (1 << 63)) != ((uint64_t)arg_Torque & (1 << 63))){
                                  ^
../Src/main.c:521:72: warning: left shift count >= width of type [-Wshift-count-overflow]
    if(((uint64_t)lastTorque & (1 << 63)) != ((uint64_t)arg_Torque & (1 << 63))){
                                                                        ^
../Src/main.c: In function 'rt_OneStepJointMode':
../Src/main.c:588:34: warning: left shift count >= width of type [-Wshift-count-overflow]
    if(((uint64_t)lastTorque & (1 << 63)) != ((uint64_t)arg_Torque & (1 << 63))){
                                  ^
../Src/main.c:588:72: warning: left shift count >= width of type [-Wshift-count-overflow]
    if(((uint64_t)lastTorque & (1 << 63)) != ((uint64_t)arg_Torque & (1 << 63))){
                                                                        ^
Finished building: ../Src/main.c
 
Building target: LatencyTests.elf
Invoking: MCU GCC Linker
arm-none-eabi-gcc -mcpu=cortex-m4 -mthumb -mfloat-abi=hard -mfpu=fpv4-sp-d16 -specs=nosys.specs -specs=nano.specs -T"../STM32F446ZETx_FLASH.ld" -Wl,-Map=output.map -Wl,--gc-sections -lm -o "LatencyTests.elf" @"objects.list"  
Finished building target: LatencyTests.elf
 
make --no-print-directory post-build
Generating binary and Printing size information:
arm-none-eabi-objcopy -O binary "LatencyTests.elf" "LatencyTests.bin"
arm-none-eabi-size "LatencyTests.elf"
   text	   data	    bss	    dec	    hex	filename
  14596	    184	   2976	  17756	   455c	LatencyTests.elf
 
22:59:34 **** Incremental Build of configuration Debug for project LatencyTests ****
make all 
Building file: ../Src/main.c
Invoking: MCU GCC Compiler
%cd%
arm-none-eabi-gcc -mcpu=cortex-m4 -mthumb -mfloat-abi=hard -mfpu=fpv4-sp-d16 '-D__weak=__attribute__((weak))' '-D__packed=__attribute__((__packed__))' -DUSE_HAL_DRIVER -DSTM32F446xx -I"D:/Users/Tyler/Documents/STM/Workspace/Latency Tests/LatencyTests/Inc" -I"D:/Users/Tyler/Documents/STM/Workspace/Latency Tests/LatencyTests/Drivers/STM32F4xx_HAL_Driver/Inc" -I"D:/Users/Tyler/Documents/STM/Workspace/Latency Tests/LatencyTests/Drivers/STM32F4xx_HAL_Driver/Inc/Legacy" -I"D:/Users/Tyler/Documents/STM/Workspace/Latency Tests/LatencyTests/Drivers/CMSIS/Device/ST/STM32F4xx/Include" -I"D:/Users/Tyler/Documents/STM/Workspace/Latency Tests/LatencyTests/Drivers/CMSIS/Include" -I"D:/Users/Tyler/Documents/STM/Workspace/Latency Tests/LatencyTests/Inc"  -Og -g3 -Wall -fmessage-length=0 -ffunction-sections -c -fmessage-length=0 -MMD -MP -MF"Src/main.d" -MT"Src/main.o" -o "Src/main.o" "../Src/main.c"
../Src/main.c: In function 'main':
../Src/main.c:158:27: warning: variable 'arrDynamixel' set but not used [-Wunused-but-set-variable]
  Dynamixel_HandleTypeDef* arrDynamixel[12];
                           ^
../Src/main.c: In function 'rt_OneStepJointMode':
../Src/main.c:589:34: warning: left shift count >= width of type [-Wshift-count-overflow]
    if(((uint64_t)lastTorque & (1 << 63)) != ((uint64_t)arg_Torque & (1 << 63))){
                                  ^
../Src/main.c:589:72: warning: left shift count >= width of type [-Wshift-count-overflow]
    if(((uint64_t)lastTorque & (1 << 63)) != ((uint64_t)arg_Torque & (1 << 63))){
                                                                        ^
Finished building: ../Src/main.c
 
Building target: LatencyTests.elf
Invoking: MCU GCC Linker
arm-none-eabi-gcc -mcpu=cortex-m4 -mthumb -mfloat-abi=hard -mfpu=fpv4-sp-d16 -specs=nosys.specs -specs=nano.specs -T"../STM32F446ZETx_FLASH.ld" -Wl,-Map=output.map -Wl,--gc-sections -lm -o "LatencyTests.elf" @"objects.list"  
Finished building target: LatencyTests.elf
 
make --no-print-directory post-build
Generating binary and Printing size information:
arm-none-eabi-objcopy -O binary "LatencyTests.elf" "LatencyTests.bin"
arm-none-eabi-size "LatencyTests.elf"
   text	   data	    bss	    dec	    hex	filename
  14788	    184	   2976	  17948	   461c	LatencyTests.elf
 
23:00:20 **** Incremental Build of configuration Debug for project LatencyTests ****
make all 
Building file: ../Src/main.c
Invoking: MCU GCC Compiler
%cd%
arm-none-eabi-gcc -mcpu=cortex-m4 -mthumb -mfloat-abi=hard -mfpu=fpv4-sp-d16 '-D__weak=__attribute__((weak))' '-D__packed=__attribute__((__packed__))' -DUSE_HAL_DRIVER -DSTM32F446xx -I"D:/Users/Tyler/Documents/STM/Workspace/Latency Tests/LatencyTests/Inc" -I"D:/Users/Tyler/Documents/STM/Workspace/Latency Tests/LatencyTests/Drivers/STM32F4xx_HAL_Driver/Inc" -I"D:/Users/Tyler/Documents/STM/Workspace/Latency Tests/LatencyTests/Drivers/STM32F4xx_HAL_Driver/Inc/Legacy" -I"D:/Users/Tyler/Documents/STM/Workspace/Latency Tests/LatencyTests/Drivers/CMSIS/Device/ST/STM32F4xx/Include" -I"D:/Users/Tyler/Documents/STM/Workspace/Latency Tests/LatencyTests/Drivers/CMSIS/Include" -I"D:/Users/Tyler/Documents/STM/Workspace/Latency Tests/LatencyTests/Inc"  -Og -g3 -Wall -fmessage-length=0 -ffunction-sections -c -fmessage-length=0 -MMD -MP -MF"Src/main.d" -MT"Src/main.o" -o "Src/main.o" "../Src/main.c"
../Src/main.c: In function 'main':
../Src/main.c:158:27: warning: variable 'arrDynamixel' set but not used [-Wunused-but-set-variable]
  Dynamixel_HandleTypeDef* arrDynamixel[12];
                           ^
../Src/main.c: In function 'rt_OneStepJointMode':
../Src/main.c:589:34: warning: left shift count >= width of type [-Wshift-count-overflow]
    if(((uint64_t)lastTorque & (1 << 63)) != ((uint64_t)arg_Torque & (1 << 63))){
                                  ^
../Src/main.c:589:72: warning: left shift count >= width of type [-Wshift-count-overflow]
    if(((uint64_t)lastTorque & (1 << 63)) != ((uint64_t)arg_Torque & (1 << 63))){
                                                                        ^
Finished building: ../Src/main.c
 
Building target: LatencyTests.elf
Invoking: MCU GCC Linker
arm-none-eabi-gcc -mcpu=cortex-m4 -mthumb -mfloat-abi=hard -mfpu=fpv4-sp-d16 -specs=nosys.specs -specs=nano.specs -T"../STM32F446ZETx_FLASH.ld" -Wl,-Map=output.map -Wl,--gc-sections -lm -o "LatencyTests.elf" @"objects.list"  
Finished building target: LatencyTests.elf
 
make --no-print-directory post-build
Generating binary and Printing size information:
arm-none-eabi-objcopy -O binary "LatencyTests.elf" "LatencyTests.bin"
arm-none-eabi-size "LatencyTests.elf"
   text	   data	    bss	    dec	    hex	filename
  14788	    184	   2976	  17948	   461c	LatencyTests.elf
 
23:01:41 **** Incremental Build of configuration Debug for project LatencyTests ****
make all 
Building file: ../Src/main.c
Invoking: MCU GCC Compiler
%cd%
arm-none-eabi-gcc -mcpu=cortex-m4 -mthumb -mfloat-abi=hard -mfpu=fpv4-sp-d16 '-D__weak=__attribute__((weak))' '-D__packed=__attribute__((__packed__))' -DUSE_HAL_DRIVER -DSTM32F446xx -I"D:/Users/Tyler/Documents/STM/Workspace/Latency Tests/LatencyTests/Inc" -I"D:/Users/Tyler/Documents/STM/Workspace/Latency Tests/LatencyTests/Drivers/STM32F4xx_HAL_Driver/Inc" -I"D:/Users/Tyler/Documents/STM/Workspace/Latency Tests/LatencyTests/Drivers/STM32F4xx_HAL_Driver/Inc/Legacy" -I"D:/Users/Tyler/Documents/STM/Workspace/Latency Tests/LatencyTests/Drivers/CMSIS/Device/ST/STM32F4xx/Include" -I"D:/Users/Tyler/Documents/STM/Workspace/Latency Tests/LatencyTests/Drivers/CMSIS/Include" -I"D:/Users/Tyler/Documents/STM/Workspace/Latency Tests/LatencyTests/Inc"  -Og -g3 -Wall -fmessage-length=0 -ffunction-sections -c -fmessage-length=0 -MMD -MP -MF"Src/main.d" -MT"Src/main.o" -o "Src/main.o" "../Src/main.c"
../Src/main.c: In function 'main':
../Src/main.c:158:27: warning: variable 'arrDynamixel' set but not used [-Wunused-but-set-variable]
  Dynamixel_HandleTypeDef* arrDynamixel[12];
                           ^
../Src/main.c: In function 'rt_OneStepWheelMode':
../Src/main.c:522:19: error: invalid operands to binary >> (have 'double' and 'int')
    if((lastTorque >> 63) ^ (arg_Torque >> 63)){
                   ^
../Src/main.c:522:40: error: invalid operands to binary >> (have 'real_T {aka double}' and 'int')
    if((lastTorque >> 63) ^ (arg_Torque >> 63)){
                                        ^
../Src/main.c: In function 'rt_OneStepJointMode':
../Src/main.c:589:34: warning: left shift count >= width of type [-Wshift-count-overflow]
    if(((uint64_t)lastTorque & (1 << 63)) != ((uint64_t)arg_Torque & (1 << 63))){
                                  ^
../Src/main.c:589:72: warning: left shift count >= width of type [-Wshift-count-overflow]
    if(((uint64_t)lastTorque & (1 << 63)) != ((uint64_t)arg_Torque & (1 << 63))){
                                                                        ^
make: *** [Src/main.o] Error 1
23:02:58 **** Incremental Build of configuration Debug for project LatencyTests ****
make all 
Building file: ../Src/main.c
Invoking: MCU GCC Compiler
%cd%
arm-none-eabi-gcc -mcpu=cortex-m4 -mthumb -mfloat-abi=hard -mfpu=fpv4-sp-d16 '-D__weak=__attribute__((weak))' '-D__packed=__attribute__((__packed__))' -DUSE_HAL_DRIVER -DSTM32F446xx -I"D:/Users/Tyler/Documents/STM/Workspace/Latency Tests/LatencyTests/Inc" -I"D:/Users/Tyler/Documents/STM/Workspace/Latency Tests/LatencyTests/Drivers/STM32F4xx_HAL_Driver/Inc" -I"D:/Users/Tyler/Documents/STM/Workspace/Latency Tests/LatencyTests/Drivers/STM32F4xx_HAL_Driver/Inc/Legacy" -I"D:/Users/Tyler/Documents/STM/Workspace/Latency Tests/LatencyTests/Drivers/CMSIS/Device/ST/STM32F4xx/Include" -I"D:/Users/Tyler/Documents/STM/Workspace/Latency Tests/LatencyTests/Drivers/CMSIS/Include" -I"D:/Users/Tyler/Documents/STM/Workspace/Latency Tests/LatencyTests/Inc"  -Og -g3 -Wall -fmessage-length=0 -ffunction-sections -c -fmessage-length=0 -MMD -MP -MF"Src/main.d" -MT"Src/main.o" -o "Src/main.o" "../Src/main.c"
../Src/main.c: In function 'main':
../Src/main.c:158:27: warning: variable 'arrDynamixel' set but not used [-Wunused-but-set-variable]
  Dynamixel_HandleTypeDef* arrDynamixel[12];
                           ^
../Src/main.c: In function 'rt_OneStepJointMode':
../Src/main.c:589:34: warning: left shift count >= width of type [-Wshift-count-overflow]
    if(((uint64_t)lastTorque & (1 << 63)) != ((uint64_t)arg_Torque & (1 << 63))){
                                  ^
../Src/main.c:589:72: warning: left shift count >= width of type [-Wshift-count-overflow]
    if(((uint64_t)lastTorque & (1 << 63)) != ((uint64_t)arg_Torque & (1 << 63))){
                                                                        ^
Finished building: ../Src/main.c
 
Building target: LatencyTests.elf
Invoking: MCU GCC Linker
arm-none-eabi-gcc -mcpu=cortex-m4 -mthumb -mfloat-abi=hard -mfpu=fpv4-sp-d16 -specs=nosys.specs -specs=nano.specs -T"../STM32F446ZETx_FLASH.ld" -Wl,-Map=output.map -Wl,--gc-sections -lm -o "LatencyTests.elf" @"objects.list"  
Finished building target: LatencyTests.elf
 
make --no-print-directory post-build
Generating binary and Printing size information:
arm-none-eabi-objcopy -O binary "LatencyTests.elf" "LatencyTests.bin"
arm-none-eabi-size "LatencyTests.elf"
   text	   data	    bss	    dec	    hex	filename
  14740	    184	   2976	  17900	   45ec	LatencyTests.elf
 
23:04:41 **** Incremental Build of configuration Debug for project LatencyTests ****
make all 
Building file: ../Src/main.c
Invoking: MCU GCC Compiler
%cd%
arm-none-eabi-gcc -mcpu=cortex-m4 -mthumb -mfloat-abi=hard -mfpu=fpv4-sp-d16 '-D__weak=__attribute__((weak))' '-D__packed=__attribute__((__packed__))' -DUSE_HAL_DRIVER -DSTM32F446xx -I"D:/Users/Tyler/Documents/STM/Workspace/Latency Tests/LatencyTests/Inc" -I"D:/Users/Tyler/Documents/STM/Workspace/Latency Tests/LatencyTests/Drivers/STM32F4xx_HAL_Driver/Inc" -I"D:/Users/Tyler/Documents/STM/Workspace/Latency Tests/LatencyTests/Drivers/STM32F4xx_HAL_Driver/Inc/Legacy" -I"D:/Users/Tyler/Documents/STM/Workspace/Latency Tests/LatencyTests/Drivers/CMSIS/Device/ST/STM32F4xx/Include" -I"D:/Users/Tyler/Documents/STM/Workspace/Latency Tests/LatencyTests/Drivers/CMSIS/Include" -I"D:/Users/Tyler/Documents/STM/Workspace/Latency Tests/LatencyTests/Inc"  -Og -g3 -Wall -fmessage-length=0 -ffunction-sections -c -fmessage-length=0 -MMD -MP -MF"Src/main.d" -MT"Src/main.o" -o "Src/main.o" "../Src/main.c"
../Src/main.c: In function 'main':
../Src/main.c:158:27: warning: variable 'arrDynamixel' set but not used [-Wunused-but-set-variable]
  Dynamixel_HandleTypeDef* arrDynamixel[12];
                           ^
../Src/main.c: In function 'rt_OneStepJointMode':
../Src/main.c:587:34: warning: left shift count >= width of type [-Wshift-count-overflow]
    if(((uint64_t)lastTorque & (1 << 63)) != ((uint64_t)arg_Torque & (1 << 63))){
                                  ^
../Src/main.c:587:72: warning: left shift count >= width of type [-Wshift-count-overflow]
    if(((uint64_t)lastTorque & (1 << 63)) != ((uint64_t)arg_Torque & (1 << 63))){
                                                                        ^
Finished building: ../Src/main.c
 
Building target: LatencyTests.elf
Invoking: MCU GCC Linker
arm-none-eabi-gcc -mcpu=cortex-m4 -mthumb -mfloat-abi=hard -mfpu=fpv4-sp-d16 -specs=nosys.specs -specs=nano.specs -T"../STM32F446ZETx_FLASH.ld" -Wl,-Map=output.map -Wl,--gc-sections -lm -o "LatencyTests.elf" @"objects.list"  
Finished building target: LatencyTests.elf
 
make --no-print-directory post-build
Generating binary and Printing size information:
arm-none-eabi-objcopy -O binary "LatencyTests.elf" "LatencyTests.bin"
arm-none-eabi-size "LatencyTests.elf"
   text	   data	    bss	    dec	    hex	filename
  14708	    184	   2976	  17868	   45cc	LatencyTests.elf
 
23:07:03 **** Incremental Build of configuration Debug for project LatencyTests ****
make all 
Building file: ../Src/main.c
Invoking: MCU GCC Compiler
%cd%
arm-none-eabi-gcc -mcpu=cortex-m4 -mthumb -mfloat-abi=hard -mfpu=fpv4-sp-d16 '-D__weak=__attribute__((weak))' '-D__packed=__attribute__((__packed__))' -DUSE_HAL_DRIVER -DSTM32F446xx -I"D:/Users/Tyler/Documents/STM/Workspace/Latency Tests/LatencyTests/Inc" -I"D:/Users/Tyler/Documents/STM/Workspace/Latency Tests/LatencyTests/Drivers/STM32F4xx_HAL_Driver/Inc" -I"D:/Users/Tyler/Documents/STM/Workspace/Latency Tests/LatencyTests/Drivers/STM32F4xx_HAL_Driver/Inc/Legacy" -I"D:/Users/Tyler/Documents/STM/Workspace/Latency Tests/LatencyTests/Drivers/CMSIS/Device/ST/STM32F4xx/Include" -I"D:/Users/Tyler/Documents/STM/Workspace/Latency Tests/LatencyTests/Drivers/CMSIS/Include" -I"D:/Users/Tyler/Documents/STM/Workspace/Latency Tests/LatencyTests/Inc"  -Og -g3 -Wall -fmessage-length=0 -ffunction-sections -c -fmessage-length=0 -MMD -MP -MF"Src/main.d" -MT"Src/main.o" -o "Src/main.o" "../Src/main.c"
../Src/main.c: In function 'main':
../Src/main.c:158:27: warning: variable 'arrDynamixel' set but not used [-Wunused-but-set-variable]
  Dynamixel_HandleTypeDef* arrDynamixel[12];
                           ^
../Src/main.c: In function 'rt_OneStepWheelMode':
../Src/main.c:521:33: warning: left shift count >= width of type [-Wshift-count-overflow]
    if(((int64_t)lastTorque & (1 << 63)) != ((int64_t)arg_Torque & (1 << 63))){
                                 ^
../Src/main.c:521:70: warning: left shift count >= width of type [-Wshift-count-overflow]
    if(((int64_t)lastTorque & (1 << 63)) != ((int64_t)arg_Torque & (1 << 63))){
                                                                      ^
../Src/main.c: In function 'rt_OneStepJointMode':
../Src/main.c:586:34: warning: left shift count >= width of type [-Wshift-count-overflow]
    if(((uint64_t)lastTorque & (1 << 63)) != ((uint64_t)arg_Torque & (1 << 63))){
                                  ^
../Src/main.c:586:72: warning: left shift count >= width of type [-Wshift-count-overflow]
    if(((uint64_t)lastTorque & (1 << 63)) != ((uint64_t)arg_Torque & (1 << 63))){
                                                                        ^
Finished building: ../Src/main.c
 
Building target: LatencyTests.elf
Invoking: MCU GCC Linker
arm-none-eabi-gcc -mcpu=cortex-m4 -mthumb -mfloat-abi=hard -mfpu=fpv4-sp-d16 -specs=nosys.specs -specs=nano.specs -T"../STM32F446ZETx_FLASH.ld" -Wl,-Map=output.map -Wl,--gc-sections -lm -o "LatencyTests.elf" @"objects.list"  
Finished building target: LatencyTests.elf
 
make --no-print-directory post-build
Generating binary and Printing size information:
arm-none-eabi-objcopy -O binary "LatencyTests.elf" "LatencyTests.bin"
arm-none-eabi-size "LatencyTests.elf"
   text	   data	    bss	    dec	    hex	filename
  14588	    184	   2976	  17748	   4554	LatencyTests.elf
 
23:08:14 **** Incremental Build of configuration Debug for project LatencyTests ****
make all 
Building file: ../Src/main.c
Invoking: MCU GCC Compiler
%cd%
arm-none-eabi-gcc -mcpu=cortex-m4 -mthumb -mfloat-abi=hard -mfpu=fpv4-sp-d16 '-D__weak=__attribute__((weak))' '-D__packed=__attribute__((__packed__))' -DUSE_HAL_DRIVER -DSTM32F446xx -I"D:/Users/Tyler/Documents/STM/Workspace/Latency Tests/LatencyTests/Inc" -I"D:/Users/Tyler/Documents/STM/Workspace/Latency Tests/LatencyTests/Drivers/STM32F4xx_HAL_Driver/Inc" -I"D:/Users/Tyler/Documents/STM/Workspace/Latency Tests/LatencyTests/Drivers/STM32F4xx_HAL_Driver/Inc/Legacy" -I"D:/Users/Tyler/Documents/STM/Workspace/Latency Tests/LatencyTests/Drivers/CMSIS/Device/ST/STM32F4xx/Include" -I"D:/Users/Tyler/Documents/STM/Workspace/Latency Tests/LatencyTests/Drivers/CMSIS/Include" -I"D:/Users/Tyler/Documents/STM/Workspace/Latency Tests/LatencyTests/Inc"  -Og -g3 -Wall -fmessage-length=0 -ffunction-sections -c -fmessage-length=0 -MMD -MP -MF"Src/main.d" -MT"Src/main.o" -o "Src/main.o" "../Src/main.c"
../Src/main.c: In function 'main':
../Src/main.c:158:27: warning: variable 'arrDynamixel' set but not used [-Wunused-but-set-variable]
  Dynamixel_HandleTypeDef* arrDynamixel[12];
                           ^
../Src/main.c: In function 'rt_OneStepJointMode':
../Src/main.c:586:34: warning: left shift count >= width of type [-Wshift-count-overflow]
    if(((uint64_t)lastTorque & (1 << 63)) != ((uint64_t)arg_Torque & (1 << 63))){
                                  ^
../Src/main.c:586:72: warning: left shift count >= width of type [-Wshift-count-overflow]
    if(((uint64_t)lastTorque & (1 << 63)) != ((uint64_t)arg_Torque & (1 << 63))){
                                                                        ^
Finished building: ../Src/main.c
 
Building target: LatencyTests.elf
Invoking: MCU GCC Linker
arm-none-eabi-gcc -mcpu=cortex-m4 -mthumb -mfloat-abi=hard -mfpu=fpv4-sp-d16 -specs=nosys.specs -specs=nano.specs -T"../STM32F446ZETx_FLASH.ld" -Wl,-Map=output.map -Wl,--gc-sections -lm -o "LatencyTests.elf" @"objects.list"  
Finished building target: LatencyTests.elf
 
make --no-print-directory post-build
Generating binary and Printing size information:
arm-none-eabi-objcopy -O binary "LatencyTests.elf" "LatencyTests.bin"
arm-none-eabi-size "LatencyTests.elf"
   text	   data	    bss	    dec	    hex	filename
  14804	    184	   2976	  17964	   462c	LatencyTests.elf
 
23:09:58 **** Incremental Build of configuration Debug for project LatencyTests ****
make all 
Building file: ../Src/main.c
Invoking: MCU GCC Compiler
%cd%
arm-none-eabi-gcc -mcpu=cortex-m4 -mthumb -mfloat-abi=hard -mfpu=fpv4-sp-d16 '-D__weak=__attribute__((weak))' '-D__packed=__attribute__((__packed__))' -DUSE_HAL_DRIVER -DSTM32F446xx -I"D:/Users/Tyler/Documents/STM/Workspace/Latency Tests/LatencyTests/Inc" -I"D:/Users/Tyler/Documents/STM/Workspace/Latency Tests/LatencyTests/Drivers/STM32F4xx_HAL_Driver/Inc" -I"D:/Users/Tyler/Documents/STM/Workspace/Latency Tests/LatencyTests/Drivers/STM32F4xx_HAL_Driver/Inc/Legacy" -I"D:/Users/Tyler/Documents/STM/Workspace/Latency Tests/LatencyTests/Drivers/CMSIS/Device/ST/STM32F4xx/Include" -I"D:/Users/Tyler/Documents/STM/Workspace/Latency Tests/LatencyTests/Drivers/CMSIS/Include" -I"D:/Users/Tyler/Documents/STM/Workspace/Latency Tests/LatencyTests/Inc"  -Og -g3 -Wall -fmessage-length=0 -ffunction-sections -c -fmessage-length=0 -MMD -MP -MF"Src/main.d" -MT"Src/main.o" -o "Src/main.o" "../Src/main.c"
../Src/main.c: In function 'main':
../Src/main.c:158:27: warning: variable 'arrDynamixel' set but not used [-Wunused-but-set-variable]
  Dynamixel_HandleTypeDef* arrDynamixel[12];
                           ^
../Src/main.c: In function 'rt_OneStepJointMode':
../Src/main.c:586:34: warning: left shift count >= width of type [-Wshift-count-overflow]
    if(((uint64_t)lastTorque & (1 << 63)) != ((uint64_t)arg_Torque & (1 << 63))){
                                  ^
../Src/main.c:586:72: warning: left shift count >= width of type [-Wshift-count-overflow]
    if(((uint64_t)lastTorque & (1 << 63)) != ((uint64_t)arg_Torque & (1 << 63))){
                                                                        ^
Finished building: ../Src/main.c
 
Building target: LatencyTests.elf
Invoking: MCU GCC Linker
arm-none-eabi-gcc -mcpu=cortex-m4 -mthumb -mfloat-abi=hard -mfpu=fpv4-sp-d16 -specs=nosys.specs -specs=nano.specs -T"../STM32F446ZETx_FLASH.ld" -Wl,-Map=output.map -Wl,--gc-sections -lm -o "LatencyTests.elf" @"objects.list"  
Finished building target: LatencyTests.elf
 
make --no-print-directory post-build
Generating binary and Printing size information:
arm-none-eabi-objcopy -O binary "LatencyTests.elf" "LatencyTests.bin"
arm-none-eabi-size "LatencyTests.elf"
   text	   data	    bss	    dec	    hex	filename
  14708	    184	   2976	  17868	   45cc	LatencyTests.elf
 
23:12:42 **** Incremental Build of configuration Debug for project LatencyTests ****
make all 
Building file: ../Src/main.c
Invoking: MCU GCC Compiler
%cd%
arm-none-eabi-gcc -mcpu=cortex-m4 -mthumb -mfloat-abi=hard -mfpu=fpv4-sp-d16 '-D__weak=__attribute__((weak))' '-D__packed=__attribute__((__packed__))' -DUSE_HAL_DRIVER -DSTM32F446xx -I"D:/Users/Tyler/Documents/STM/Workspace/Latency Tests/LatencyTests/Inc" -I"D:/Users/Tyler/Documents/STM/Workspace/Latency Tests/LatencyTests/Drivers/STM32F4xx_HAL_Driver/Inc" -I"D:/Users/Tyler/Documents/STM/Workspace/Latency Tests/LatencyTests/Drivers/STM32F4xx_HAL_Driver/Inc/Legacy" -I"D:/Users/Tyler/Documents/STM/Workspace/Latency Tests/LatencyTests/Drivers/CMSIS/Device/ST/STM32F4xx/Include" -I"D:/Users/Tyler/Documents/STM/Workspace/Latency Tests/LatencyTests/Drivers/CMSIS/Include" -I"D:/Users/Tyler/Documents/STM/Workspace/Latency Tests/LatencyTests/Inc"  -Og -g3 -Wall -fmessage-length=0 -ffunction-sections -c -fmessage-length=0 -MMD -MP -MF"Src/main.d" -MT"Src/main.o" -o "Src/main.o" "../Src/main.c"
../Src/main.c: In function 'main':
../Src/main.c:158:27: warning: variable 'arrDynamixel' set but not used [-Wunused-but-set-variable]
  Dynamixel_HandleTypeDef* arrDynamixel[12];
                           ^
../Src/main.c: In function 'rt_OneStepJointMode':
../Src/main.c:586:34: warning: left shift count >= width of type [-Wshift-count-overflow]
    if(((uint64_t)lastTorque & (1 << 63)) != ((uint64_t)arg_Torque & (1 << 63))){
                                  ^
../Src/main.c:586:72: warning: left shift count >= width of type [-Wshift-count-overflow]
    if(((uint64_t)lastTorque & (1 << 63)) != ((uint64_t)arg_Torque & (1 << 63))){
                                                                        ^
Finished building: ../Src/main.c
 
Building target: LatencyTests.elf
Invoking: MCU GCC Linker
arm-none-eabi-gcc -mcpu=cortex-m4 -mthumb -mfloat-abi=hard -mfpu=fpv4-sp-d16 -specs=nosys.specs -specs=nano.specs -T"../STM32F446ZETx_FLASH.ld" -Wl,-Map=output.map -Wl,--gc-sections -lm -o "LatencyTests.elf" @"objects.list"  
Finished building target: LatencyTests.elf
 
make --no-print-directory post-build
Generating binary and Printing size information:
arm-none-eabi-objcopy -O binary "LatencyTests.elf" "LatencyTests.bin"
arm-none-eabi-size "LatencyTests.elf"
   text	   data	    bss	    dec	    hex	filename
  14804	    184	   2976	  17964	   462c	LatencyTests.elf
 
23:14:10 **** Incremental Build of configuration Debug for project LatencyTests ****
make all 
Building file: ../Src/main.c
Invoking: MCU GCC Compiler
%cd%
arm-none-eabi-gcc -mcpu=cortex-m4 -mthumb -mfloat-abi=hard -mfpu=fpv4-sp-d16 '-D__weak=__attribute__((weak))' '-D__packed=__attribute__((__packed__))' -DUSE_HAL_DRIVER -DSTM32F446xx -I"D:/Users/Tyler/Documents/STM/Workspace/Latency Tests/LatencyTests/Inc" -I"D:/Users/Tyler/Documents/STM/Workspace/Latency Tests/LatencyTests/Drivers/STM32F4xx_HAL_Driver/Inc" -I"D:/Users/Tyler/Documents/STM/Workspace/Latency Tests/LatencyTests/Drivers/STM32F4xx_HAL_Driver/Inc/Legacy" -I"D:/Users/Tyler/Documents/STM/Workspace/Latency Tests/LatencyTests/Drivers/CMSIS/Device/ST/STM32F4xx/Include" -I"D:/Users/Tyler/Documents/STM/Workspace/Latency Tests/LatencyTests/Drivers/CMSIS/Include" -I"D:/Users/Tyler/Documents/STM/Workspace/Latency Tests/LatencyTests/Inc"  -Og -g3 -Wall -fmessage-length=0 -ffunction-sections -c -fmessage-length=0 -MMD -MP -MF"Src/main.d" -MT"Src/main.o" -o "Src/main.o" "../Src/main.c"
../Src/main.c: In function 'main':
../Src/main.c:158:27: warning: variable 'arrDynamixel' set but not used [-Wunused-but-set-variable]
  Dynamixel_HandleTypeDef* arrDynamixel[12];
                           ^
../Src/main.c: In function 'rt_OneStepWheelMode':
../Src/main.c:523:7: error: called object is not a function or function pointer
    if(((int64_t)cplastTorque >> 63)  ((int64_t)cparg_Torque >> 63)){
       ^
../Src/main.c: In function 'rt_OneStepJointMode':
../Src/main.c:588:34: warning: left shift count >= width of type [-Wshift-count-overflow]
    if(((uint64_t)lastTorque & (1 << 63)) != ((uint64_t)arg_Torque & (1 << 63))){
                                  ^
../Src/main.c:588:72: warning: left shift count >= width of type [-Wshift-count-overflow]
    if(((uint64_t)lastTorque & (1 << 63)) != ((uint64_t)arg_Torque & (1 << 63))){
                                                                        ^
make: *** [Src/main.o] Error 1
23:14:34 **** Incremental Build of configuration Debug for project LatencyTests ****
make all 
Building file: ../Src/main.c
Invoking: MCU GCC Compiler
%cd%
arm-none-eabi-gcc -mcpu=cortex-m4 -mthumb -mfloat-abi=hard -mfpu=fpv4-sp-d16 '-D__weak=__attribute__((weak))' '-D__packed=__attribute__((__packed__))' -DUSE_HAL_DRIVER -DSTM32F446xx -I"D:/Users/Tyler/Documents/STM/Workspace/Latency Tests/LatencyTests/Inc" -I"D:/Users/Tyler/Documents/STM/Workspace/Latency Tests/LatencyTests/Drivers/STM32F4xx_HAL_Driver/Inc" -I"D:/Users/Tyler/Documents/STM/Workspace/Latency Tests/LatencyTests/Drivers/STM32F4xx_HAL_Driver/Inc/Legacy" -I"D:/Users/Tyler/Documents/STM/Workspace/Latency Tests/LatencyTests/Drivers/CMSIS/Device/ST/STM32F4xx/Include" -I"D:/Users/Tyler/Documents/STM/Workspace/Latency Tests/LatencyTests/Drivers/CMSIS/Include" -I"D:/Users/Tyler/Documents/STM/Workspace/Latency Tests/LatencyTests/Inc"  -Og -g3 -Wall -fmessage-length=0 -ffunction-sections -c -fmessage-length=0 -MMD -MP -MF"Src/main.d" -MT"Src/main.o" -o "Src/main.o" "../Src/main.c"
../Src/main.c: In function 'main':
../Src/main.c:158:27: warning: variable 'arrDynamixel' set but not used [-Wunused-but-set-variable]
  Dynamixel_HandleTypeDef* arrDynamixel[12];
                           ^
../Src/main.c: In function 'rt_OneStepJointMode':
../Src/main.c:588:34: warning: left shift count >= width of type [-Wshift-count-overflow]
    if(((uint64_t)lastTorque & (1 << 63)) != ((uint64_t)arg_Torque & (1 << 63))){
                                  ^
../Src/main.c:588:72: warning: left shift count >= width of type [-Wshift-count-overflow]
    if(((uint64_t)lastTorque & (1 << 63)) != ((uint64_t)arg_Torque & (1 << 63))){
                                                                        ^
Finished building: ../Src/main.c
 
Building target: LatencyTests.elf
Invoking: MCU GCC Linker
arm-none-eabi-gcc -mcpu=cortex-m4 -mthumb -mfloat-abi=hard -mfpu=fpv4-sp-d16 -specs=nosys.specs -specs=nano.specs -T"../STM32F446ZETx_FLASH.ld" -Wl,-Map=output.map -Wl,--gc-sections -lm -o "LatencyTests.elf" @"objects.list"  
Finished building target: LatencyTests.elf
 
make --no-print-directory post-build
Generating binary and Printing size information:
arm-none-eabi-objcopy -O binary "LatencyTests.elf" "LatencyTests.bin"
arm-none-eabi-size "LatencyTests.elf"
   text	   data	    bss	    dec	    hex	filename
  14804	    184	   2976	  17964	   462c	LatencyTests.elf
 
23:15:40 **** Incremental Build of configuration Debug for project LatencyTests ****
make all 
Building file: ../Src/main.c
Invoking: MCU GCC Compiler
%cd%
arm-none-eabi-gcc -mcpu=cortex-m4 -mthumb -mfloat-abi=hard -mfpu=fpv4-sp-d16 '-D__weak=__attribute__((weak))' '-D__packed=__attribute__((__packed__))' -DUSE_HAL_DRIVER -DSTM32F446xx -I"D:/Users/Tyler/Documents/STM/Workspace/Latency Tests/LatencyTests/Inc" -I"D:/Users/Tyler/Documents/STM/Workspace/Latency Tests/LatencyTests/Drivers/STM32F4xx_HAL_Driver/Inc" -I"D:/Users/Tyler/Documents/STM/Workspace/Latency Tests/LatencyTests/Drivers/STM32F4xx_HAL_Driver/Inc/Legacy" -I"D:/Users/Tyler/Documents/STM/Workspace/Latency Tests/LatencyTests/Drivers/CMSIS/Device/ST/STM32F4xx/Include" -I"D:/Users/Tyler/Documents/STM/Workspace/Latency Tests/LatencyTests/Drivers/CMSIS/Include" -I"D:/Users/Tyler/Documents/STM/Workspace/Latency Tests/LatencyTests/Inc"  -Og -g3 -Wall -fmessage-length=0 -ffunction-sections -c -fmessage-length=0 -MMD -MP -MF"Src/main.d" -MT"Src/main.o" -o "Src/main.o" "../Src/main.c"
../Src/main.c: In function 'main':
../Src/main.c:158:27: warning: variable 'arrDynamixel' set but not used [-Wunused-but-set-variable]
  Dynamixel_HandleTypeDef* arrDynamixel[12];
                           ^
../Src/main.c: In function 'rt_OneStepJointMode':
../Src/main.c:585:34: warning: left shift count >= width of type [-Wshift-count-overflow]
    if(((uint64_t)lastTorque & (1 << 63)) != ((uint64_t)arg_Torque & (1 << 63))){
                                  ^
../Src/main.c:585:72: warning: left shift count >= width of type [-Wshift-count-overflow]
    if(((uint64_t)lastTorque & (1 << 63)) != ((uint64_t)arg_Torque & (1 << 63))){
                                                                        ^
Finished building: ../Src/main.c
 
Building target: LatencyTests.elf
Invoking: MCU GCC Linker
arm-none-eabi-gcc -mcpu=cortex-m4 -mthumb -mfloat-abi=hard -mfpu=fpv4-sp-d16 -specs=nosys.specs -specs=nano.specs -T"../STM32F446ZETx_FLASH.ld" -Wl,-Map=output.map -Wl,--gc-sections -lm -o "LatencyTests.elf" @"objects.list"  
Finished building target: LatencyTests.elf
 
make --no-print-directory post-build
Generating binary and Printing size information:
arm-none-eabi-objcopy -O binary "LatencyTests.elf" "LatencyTests.bin"
arm-none-eabi-size "LatencyTests.elf"
   text	   data	    bss	    dec	    hex	filename
  14708	    184	   2976	  17868	   45cc	LatencyTests.elf
 
23:16:33 **** Incremental Build of configuration Debug for project LatencyTests ****
make all 
Building file: ../Src/main.c
Invoking: MCU GCC Compiler
%cd%
arm-none-eabi-gcc -mcpu=cortex-m4 -mthumb -mfloat-abi=hard -mfpu=fpv4-sp-d16 '-D__weak=__attribute__((weak))' '-D__packed=__attribute__((__packed__))' -DUSE_HAL_DRIVER -DSTM32F446xx -I"D:/Users/Tyler/Documents/STM/Workspace/Latency Tests/LatencyTests/Inc" -I"D:/Users/Tyler/Documents/STM/Workspace/Latency Tests/LatencyTests/Drivers/STM32F4xx_HAL_Driver/Inc" -I"D:/Users/Tyler/Documents/STM/Workspace/Latency Tests/LatencyTests/Drivers/STM32F4xx_HAL_Driver/Inc/Legacy" -I"D:/Users/Tyler/Documents/STM/Workspace/Latency Tests/LatencyTests/Drivers/CMSIS/Device/ST/STM32F4xx/Include" -I"D:/Users/Tyler/Documents/STM/Workspace/Latency Tests/LatencyTests/Drivers/CMSIS/Include" -I"D:/Users/Tyler/Documents/STM/Workspace/Latency Tests/LatencyTests/Inc"  -Og -g3 -Wall -fmessage-length=0 -ffunction-sections -c -fmessage-length=0 -MMD -MP -MF"Src/main.d" -MT"Src/main.o" -o "Src/main.o" "../Src/main.c"
../Src/main.c: In function 'main':
../Src/main.c:158:27: warning: variable 'arrDynamixel' set but not used [-Wunused-but-set-variable]
  Dynamixel_HandleTypeDef* arrDynamixel[12];
                           ^
Finished building: ../Src/main.c
 
Building target: LatencyTests.elf
Invoking: MCU GCC Linker
arm-none-eabi-gcc -mcpu=cortex-m4 -mthumb -mfloat-abi=hard -mfpu=fpv4-sp-d16 -specs=nosys.specs -specs=nano.specs -T"../STM32F446ZETx_FLASH.ld" -Wl,-Map=output.map -Wl,--gc-sections -lm -o "LatencyTests.elf" @"objects.list"  
Finished building target: LatencyTests.elf
 
make --no-print-directory post-build
Generating binary and Printing size information:
arm-none-eabi-objcopy -O binary "LatencyTests.elf" "LatencyTests.bin"
arm-none-eabi-size "LatencyTests.elf"
   text	   data	    bss	    dec	    hex	filename
  14820	    184	   2976	  17980	   463c	LatencyTests.elf
 
23:17:29 **** Incremental Build of configuration Debug for project LatencyTests ****
make all 
Building file: ../Src/main.c
Invoking: MCU GCC Compiler
%cd%
arm-none-eabi-gcc -mcpu=cortex-m4 -mthumb -mfloat-abi=hard -mfpu=fpv4-sp-d16 '-D__weak=__attribute__((weak))' '-D__packed=__attribute__((__packed__))' -DUSE_HAL_DRIVER -DSTM32F446xx -I"D:/Users/Tyler/Documents/STM/Workspace/Latency Tests/LatencyTests/Inc" -I"D:/Users/Tyler/Documents/STM/Workspace/Latency Tests/LatencyTests/Drivers/STM32F4xx_HAL_Driver/Inc" -I"D:/Users/Tyler/Documents/STM/Workspace/Latency Tests/LatencyTests/Drivers/STM32F4xx_HAL_Driver/Inc/Legacy" -I"D:/Users/Tyler/Documents/STM/Workspace/Latency Tests/LatencyTests/Drivers/CMSIS/Device/ST/STM32F4xx/Include" -I"D:/Users/Tyler/Documents/STM/Workspace/Latency Tests/LatencyTests/Drivers/CMSIS/Include" -I"D:/Users/Tyler/Documents/STM/Workspace/Latency Tests/LatencyTests/Inc"  -Og -g3 -Wall -fmessage-length=0 -ffunction-sections -c -fmessage-length=0 -MMD -MP -MF"Src/main.d" -MT"Src/main.o" -o "Src/main.o" "../Src/main.c"
../Src/main.c: In function 'main':
../Src/main.c:158:27: warning: variable 'arrDynamixel' set but not used [-Wunused-but-set-variable]
  Dynamixel_HandleTypeDef* arrDynamixel[12];
                           ^
Finished building: ../Src/main.c
 
Building target: LatencyTests.elf
Invoking: MCU GCC Linker
arm-none-eabi-gcc -mcpu=cortex-m4 -mthumb -mfloat-abi=hard -mfpu=fpv4-sp-d16 -specs=nosys.specs -specs=nano.specs -T"../STM32F446ZETx_FLASH.ld" -Wl,-Map=output.map -Wl,--gc-sections -lm -o "LatencyTests.elf" @"objects.list"  
Finished building target: LatencyTests.elf
 
make --no-print-directory post-build
Generating binary and Printing size information:
arm-none-eabi-objcopy -O binary "LatencyTests.elf" "LatencyTests.bin"
arm-none-eabi-size "LatencyTests.elf"
   text	   data	    bss	    dec	    hex	filename
  14820	    184	   2976	  17980	   463c	LatencyTests.elf
 
23:17:44 **** Incremental Build of configuration Debug for project LatencyTests ****
make all 
Building file: ../Src/main.c
Invoking: MCU GCC Compiler
%cd%
arm-none-eabi-gcc -mcpu=cortex-m4 -mthumb -mfloat-abi=hard -mfpu=fpv4-sp-d16 '-D__weak=__attribute__((weak))' '-D__packed=__attribute__((__packed__))' -DUSE_HAL_DRIVER -DSTM32F446xx -I"D:/Users/Tyler/Documents/STM/Workspace/Latency Tests/LatencyTests/Inc" -I"D:/Users/Tyler/Documents/STM/Workspace/Latency Tests/LatencyTests/Drivers/STM32F4xx_HAL_Driver/Inc" -I"D:/Users/Tyler/Documents/STM/Workspace/Latency Tests/LatencyTests/Drivers/STM32F4xx_HAL_Driver/Inc/Legacy" -I"D:/Users/Tyler/Documents/STM/Workspace/Latency Tests/LatencyTests/Drivers/CMSIS/Device/ST/STM32F4xx/Include" -I"D:/Users/Tyler/Documents/STM/Workspace/Latency Tests/LatencyTests/Drivers/CMSIS/Include" -I"D:/Users/Tyler/Documents/STM/Workspace/Latency Tests/LatencyTests/Inc"  -Og -g3 -Wall -fmessage-length=0 -ffunction-sections -c -fmessage-length=0 -MMD -MP -MF"Src/main.d" -MT"Src/main.o" -o "Src/main.o" "../Src/main.c"
../Src/main.c: In function 'main':
../Src/main.c:158:27: warning: variable 'arrDynamixel' set but not used [-Wunused-but-set-variable]
  Dynamixel_HandleTypeDef* arrDynamixel[12];
                           ^
Finished building: ../Src/main.c
 
Building target: LatencyTests.elf
Invoking: MCU GCC Linker
arm-none-eabi-gcc -mcpu=cortex-m4 -mthumb -mfloat-abi=hard -mfpu=fpv4-sp-d16 -specs=nosys.specs -specs=nano.specs -T"../STM32F446ZETx_FLASH.ld" -Wl,-Map=output.map -Wl,--gc-sections -lm -o "LatencyTests.elf" @"objects.list"  
Finished building target: LatencyTests.elf
 
make --no-print-directory post-build
Generating binary and Printing size information:
arm-none-eabi-objcopy -O binary "LatencyTests.elf" "LatencyTests.bin"
arm-none-eabi-size "LatencyTests.elf"
   text	   data	    bss	    dec	    hex	filename
  14820	    184	   2976	  17980	   463c	LatencyTests.elf
 
23:18:36 **** Incremental Build of configuration Debug for project LatencyTests ****
make all 
Building file: ../Src/main.c
Invoking: MCU GCC Compiler
%cd%
arm-none-eabi-gcc -mcpu=cortex-m4 -mthumb -mfloat-abi=hard -mfpu=fpv4-sp-d16 '-D__weak=__attribute__((weak))' '-D__packed=__attribute__((__packed__))' -DUSE_HAL_DRIVER -DSTM32F446xx -I"D:/Users/Tyler/Documents/STM/Workspace/Latency Tests/LatencyTests/Inc" -I"D:/Users/Tyler/Documents/STM/Workspace/Latency Tests/LatencyTests/Drivers/STM32F4xx_HAL_Driver/Inc" -I"D:/Users/Tyler/Documents/STM/Workspace/Latency Tests/LatencyTests/Drivers/STM32F4xx_HAL_Driver/Inc/Legacy" -I"D:/Users/Tyler/Documents/STM/Workspace/Latency Tests/LatencyTests/Drivers/CMSIS/Device/ST/STM32F4xx/Include" -I"D:/Users/Tyler/Documents/STM/Workspace/Latency Tests/LatencyTests/Drivers/CMSIS/Include" -I"D:/Users/Tyler/Documents/STM/Workspace/Latency Tests/LatencyTests/Inc"  -Og -g3 -Wall -fmessage-length=0 -ffunction-sections -c -fmessage-length=0 -MMD -MP -MF"Src/main.d" -MT"Src/main.o" -o "Src/main.o" "../Src/main.c"
../Src/main.c: In function 'main':
../Src/main.c:158:27: warning: variable 'arrDynamixel' set but not used [-Wunused-but-set-variable]
  Dynamixel_HandleTypeDef* arrDynamixel[12];
                           ^
Finished building: ../Src/main.c
 
Building target: LatencyTests.elf
Invoking: MCU GCC Linker
arm-none-eabi-gcc -mcpu=cortex-m4 -mthumb -mfloat-abi=hard -mfpu=fpv4-sp-d16 -specs=nosys.specs -specs=nano.specs -T"../STM32F446ZETx_FLASH.ld" -Wl,-Map=output.map -Wl,--gc-sections -lm -o "LatencyTests.elf" @"objects.list"  
Finished building target: LatencyTests.elf
 
make --no-print-directory post-build
Generating binary and Printing size information:
arm-none-eabi-objcopy -O binary "LatencyTests.elf" "LatencyTests.bin"
arm-none-eabi-size "LatencyTests.elf"
   text	   data	    bss	    dec	    hex	filename
  14820	    184	   2976	  17980	   463c	LatencyTests.elf
 
